{"D:\\Project\\bliress-frontend\\src\\components\\admin\\MenuBar.vue": {"path":"D:\\Project\\bliress-frontend\\src\\components\\admin\\MenuBar.vue","statementMap":{"0":{"start":{"line":138,"column":0},"end":{"line":138,"column":null}},"1":{"start":{"line":139,"column":0},"end":{"line":139,"column":null}},"2":{"start":{"line":140,"column":0},"end":{"line":140,"column":null}}},"fnMap":{"0":{"name":"(anonymous_1)","decl":{"start":{"line":137,"column":0},"end":{"line":137,"column":null}},"loc":{"start":{"line":137,"column":0},"end":{"line":141,"column":null}}}},"branchMap":{},"s":{"0":1,"1":1,"2":1},"f":{"0":1},"b":{}}
,"D:\\Project\\bliress-frontend\\src\\config\\index.js": {"path":"D:\\Project\\bliress-frontend\\src\\config\\index.js","statementMap":{},"fnMap":{},"branchMap":{},"s":{},"f":{},"b":{},"_coverageSchema":"43e27e138ebf9cfc5966b082cf9a028302ed4184","hash":"50746b11212fb0dfe9de17123e2e3da1b87fc436"}
,"D:\\Project\\bliress-frontend\\src\\function\\index.js": {"path":"D:\\Project\\bliress-frontend\\src\\function\\index.js","statementMap":{"0":{"start":{"line":7,"column":4},"end":{"line":11,"column":5}},"1":{"start":{"line":8,"column":6},"end":{"line":8,"column":37}},"2":{"start":{"line":9,"column":11},"end":{"line":11,"column":5}},"3":{"start":{"line":10,"column":6},"end":{"line":10,"column":20}},"4":{"start":{"line":15,"column":4},"end":{"line":23,"column":7}},"5":{"start":{"line":24,"column":4},"end":{"line":24,"column":23}},"6":{"start":{"line":28,"column":4},"end":{"line":35,"column":7}},"7":{"start":{"line":39,"column":4},"end":{"line":46,"column":7}},"8":{"start":{"line":50,"column":4},"end":{"line":56,"column":7}},"9":{"start":{"line":58,"column":15},"end":{"line":58,"column":17}},"10":{"start":{"line":59,"column":16},"end":{"line":59,"column":20}},"11":{"start":{"line":60,"column":4},"end":{"line":76,"column":5}},"12":{"start":{"line":62,"column":8},"end":{"line":62,"column":26}},"13":{"start":{"line":63,"column":8},"end":{"line":63,"column":14}},"14":{"start":{"line":66,"column":8},"end":{"line":66,"column":28}},"15":{"start":{"line":67,"column":8},"end":{"line":67,"column":14}},"16":{"start":{"line":70,"column":8},"end":{"line":70,"column":33}},"17":{"start":{"line":71,"column":8},"end":{"line":71,"column":14}},"18":{"start":{"line":74,"column":8},"end":{"line":74,"column":22}},"19":{"start":{"line":75,"column":8},"end":{"line":75,"column":14}},"20":{"start":{"line":78,"column":4},"end":{"line":80,"column":5}},"21":{"start":{"line":79,"column":6},"end":{"line":79,"column":28}},"22":{"start":{"line":84,"column":20},"end":{"line":94,"column":6}},"23":{"start":{"line":96,"column":4},"end":{"line":96,"column":19}}},"fnMap":{"0":{"name":"(anonymous_0)","decl":{"start":{"line":6,"column":12},"end":{"line":6,"column":13}},"loc":{"start":{"line":6,"column":22},"end":{"line":12,"column":3}},"line":6},"1":{"name":"(anonymous_1)","decl":{"start":{"line":14,"column":20},"end":{"line":14,"column":21}},"loc":{"start":{"line":14,"column":49},"end":{"line":25,"column":3}},"line":14},"2":{"name":"(anonymous_2)","decl":{"start":{"line":27,"column":23},"end":{"line":27,"column":24}},"loc":{"start":{"line":27,"column":29},"end":{"line":36,"column":3}},"line":27},"3":{"name":"(anonymous_3)","decl":{"start":{"line":38,"column":14},"end":{"line":38,"column":15}},"loc":{"start":{"line":38,"column":30},"end":{"line":47,"column":3}},"line":38},"4":{"name":"(anonymous_4)","decl":{"start":{"line":49,"column":20},"end":{"line":49,"column":21}},"loc":{"start":{"line":49,"column":32},"end":{"line":81,"column":3}},"line":49},"5":{"name":"(anonymous_5)","decl":{"start":{"line":83,"column":22},"end":{"line":83,"column":23}},"loc":{"start":{"line":83,"column":39},"end":{"line":97,"column":3}},"line":83}},"branchMap":{"0":{"loc":{"start":{"line":7,"column":4},"end":{"line":11,"column":5}},"type":"if","locations":[{"start":{"line":7,"column":4},"end":{"line":11,"column":5}},{"start":{"line":7,"column":4},"end":{"line":11,"column":5}}],"line":7},"1":{"loc":{"start":{"line":9,"column":11},"end":{"line":11,"column":5}},"type":"if","locations":[{"start":{"line":9,"column":11},"end":{"line":11,"column":5}},{"start":{"line":9,"column":11},"end":{"line":11,"column":5}}],"line":9},"2":{"loc":{"start":{"line":60,"column":4},"end":{"line":76,"column":5}},"type":"switch","locations":[{"start":{"line":61,"column":6},"end":{"line":63,"column":14}},{"start":{"line":65,"column":6},"end":{"line":67,"column":14}},{"start":{"line":69,"column":6},"end":{"line":71,"column":14}},{"start":{"line":73,"column":6},"end":{"line":75,"column":14}}],"line":60},"3":{"loc":{"start":{"line":78,"column":4},"end":{"line":80,"column":5}},"type":"if","locations":[{"start":{"line":78,"column":4},"end":{"line":80,"column":5}},{"start":{"line":78,"column":4},"end":{"line":80,"column":5}}],"line":78}},"s":{"0":3,"1":1,"2":2,"3":1,"4":1,"5":1,"6":1,"7":1,"8":4,"9":4,"10":4,"11":4,"12":1,"13":1,"14":1,"15":1,"16":1,"17":1,"18":1,"19":1,"20":4,"21":3,"22":1,"23":1},"f":{"0":3,"1":1,"2":1,"3":1,"4":4,"5":1},"b":{"0":[1,2],"1":[1,1],"2":[1,1,1,1],"3":[3,1]},"_coverageSchema":"43e27e138ebf9cfc5966b082cf9a028302ed4184","hash":"46be5a92bffc065a83c5bd0d82176fb3f154d0fa"}
,"D:\\Project\\bliress-frontend\\src\\router\\index.js": {"path":"D:\\Project\\bliress-frontend\\src\\router\\index.js","statementMap":{"0":{"start":{"line":5,"column":0},"end":{"line":5,"column":19}},"1":{"start":{"line":7,"column":15},"end":{"line":233,"column":1}},"2":{"start":{"line":11,"column":21},"end":{"line":11,"column":49}},"3":{"start":{"line":16,"column":21},"end":{"line":16,"column":70}},"4":{"start":{"line":21,"column":21},"end":{"line":21,"column":76}},"5":{"start":{"line":26,"column":21},"end":{"line":26,"column":75}},"6":{"start":{"line":31,"column":21},"end":{"line":31,"column":68}},"7":{"start":{"line":36,"column":21},"end":{"line":36,"column":78}},"8":{"start":{"line":41,"column":21},"end":{"line":41,"column":62}},"9":{"start":{"line":46,"column":21},"end":{"line":46,"column":68}},"10":{"start":{"line":51,"column":21},"end":{"line":51,"column":66}},"11":{"start":{"line":56,"column":21},"end":{"line":56,"column":61}},"12":{"start":{"line":61,"column":21},"end":{"line":61,"column":67}},"13":{"start":{"line":66,"column":21},"end":{"line":66,"column":64}},"14":{"start":{"line":71,"column":21},"end":{"line":71,"column":66}},"15":{"start":{"line":76,"column":21},"end":{"line":76,"column":62}},"16":{"start":{"line":81,"column":21},"end":{"line":81,"column":68}},"17":{"start":{"line":86,"column":21},"end":{"line":86,"column":70}},"18":{"start":{"line":91,"column":21},"end":{"line":91,"column":67}},"19":{"start":{"line":96,"column":21},"end":{"line":96,"column":67}},"20":{"start":{"line":101,"column":21},"end":{"line":101,"column":64}},"21":{"start":{"line":111,"column":21},"end":{"line":111,"column":59}},"22":{"start":{"line":116,"column":21},"end":{"line":116,"column":65}},"23":{"start":{"line":121,"column":21},"end":{"line":121,"column":65}},"24":{"start":{"line":126,"column":21},"end":{"line":126,"column":62}},"25":{"start":{"line":131,"column":21},"end":{"line":131,"column":62}},"26":{"start":{"line":136,"column":21},"end":{"line":136,"column":75}},"27":{"start":{"line":141,"column":21},"end":{"line":141,"column":78}},"28":{"start":{"line":146,"column":21},"end":{"line":146,"column":61}},"29":{"start":{"line":151,"column":21},"end":{"line":151,"column":73}},"30":{"start":{"line":156,"column":21},"end":{"line":156,"column":79}},"31":{"start":{"line":161,"column":21},"end":{"line":161,"column":79}},"32":{"start":{"line":166,"column":21},"end":{"line":166,"column":71}},"33":{"start":{"line":171,"column":21},"end":{"line":171,"column":77}},"34":{"start":{"line":176,"column":21},"end":{"line":176,"column":77}},"35":{"start":{"line":181,"column":21},"end":{"line":181,"column":69}},"36":{"start":{"line":186,"column":21},"end":{"line":186,"column":75}},"37":{"start":{"line":191,"column":21},"end":{"line":191,"column":67}},"38":{"start":{"line":196,"column":21},"end":{"line":196,"column":75}},"39":{"start":{"line":201,"column":21},"end":{"line":201,"column":61}},"40":{"start":{"line":206,"column":21},"end":{"line":206,"column":67}},"41":{"start":{"line":211,"column":21},"end":{"line":211,"column":67}},"42":{"start":{"line":216,"column":21},"end":{"line":216,"column":64}},"43":{"start":{"line":221,"column":21},"end":{"line":221,"column":64}},"44":{"start":{"line":226,"column":21},"end":{"line":226,"column":77}},"45":{"start":{"line":231,"column":21},"end":{"line":231,"column":67}},"46":{"start":{"line":235,"column":15},"end":{"line":245,"column":2}},"47":{"start":{"line":240,"column":4},"end":{"line":242,"column":5}},"48":{"start":{"line":241,"column":6},"end":{"line":241,"column":27}},"49":{"start":{"line":243,"column":4},"end":{"line":243,"column":26}},"50":{"start":{"line":247,"column":0},"end":{"line":252,"column":3}},"51":{"start":{"line":248,"column":2},"end":{"line":250,"column":3}},"52":{"start":{"line":249,"column":4},"end":{"line":249,"column":22}},"53":{"start":{"line":251,"column":2},"end":{"line":251,"column":9}},"54":{"start":{"line":254,"column":0},"end":{"line":256,"column":3}},"55":{"start":{"line":255,"column":2},"end":{"line":255,"column":19}}},"fnMap":{"0":{"name":"(anonymous_0)","decl":{"start":{"line":11,"column":15},"end":{"line":11,"column":16}},"loc":{"start":{"line":11,"column":21},"end":{"line":11,"column":49}},"line":11},"1":{"name":"(anonymous_1)","decl":{"start":{"line":16,"column":15},"end":{"line":16,"column":16}},"loc":{"start":{"line":16,"column":21},"end":{"line":16,"column":70}},"line":16},"2":{"name":"(anonymous_2)","decl":{"start":{"line":21,"column":15},"end":{"line":21,"column":16}},"loc":{"start":{"line":21,"column":21},"end":{"line":21,"column":76}},"line":21},"3":{"name":"(anonymous_3)","decl":{"start":{"line":26,"column":15},"end":{"line":26,"column":16}},"loc":{"start":{"line":26,"column":21},"end":{"line":26,"column":75}},"line":26},"4":{"name":"(anonymous_4)","decl":{"start":{"line":31,"column":15},"end":{"line":31,"column":16}},"loc":{"start":{"line":31,"column":21},"end":{"line":31,"column":68}},"line":31},"5":{"name":"(anonymous_5)","decl":{"start":{"line":36,"column":15},"end":{"line":36,"column":16}},"loc":{"start":{"line":36,"column":21},"end":{"line":36,"column":78}},"line":36},"6":{"name":"(anonymous_6)","decl":{"start":{"line":41,"column":15},"end":{"line":41,"column":16}},"loc":{"start":{"line":41,"column":21},"end":{"line":41,"column":62}},"line":41},"7":{"name":"(anonymous_7)","decl":{"start":{"line":46,"column":15},"end":{"line":46,"column":16}},"loc":{"start":{"line":46,"column":21},"end":{"line":46,"column":68}},"line":46},"8":{"name":"(anonymous_8)","decl":{"start":{"line":51,"column":15},"end":{"line":51,"column":16}},"loc":{"start":{"line":51,"column":21},"end":{"line":51,"column":66}},"line":51},"9":{"name":"(anonymous_9)","decl":{"start":{"line":56,"column":15},"end":{"line":56,"column":16}},"loc":{"start":{"line":56,"column":21},"end":{"line":56,"column":61}},"line":56},"10":{"name":"(anonymous_10)","decl":{"start":{"line":61,"column":15},"end":{"line":61,"column":16}},"loc":{"start":{"line":61,"column":21},"end":{"line":61,"column":67}},"line":61},"11":{"name":"(anonymous_11)","decl":{"start":{"line":66,"column":15},"end":{"line":66,"column":16}},"loc":{"start":{"line":66,"column":21},"end":{"line":66,"column":64}},"line":66},"12":{"name":"(anonymous_12)","decl":{"start":{"line":71,"column":15},"end":{"line":71,"column":16}},"loc":{"start":{"line":71,"column":21},"end":{"line":71,"column":66}},"line":71},"13":{"name":"(anonymous_13)","decl":{"start":{"line":76,"column":15},"end":{"line":76,"column":16}},"loc":{"start":{"line":76,"column":21},"end":{"line":76,"column":62}},"line":76},"14":{"name":"(anonymous_14)","decl":{"start":{"line":81,"column":15},"end":{"line":81,"column":16}},"loc":{"start":{"line":81,"column":21},"end":{"line":81,"column":68}},"line":81},"15":{"name":"(anonymous_15)","decl":{"start":{"line":86,"column":15},"end":{"line":86,"column":16}},"loc":{"start":{"line":86,"column":21},"end":{"line":86,"column":70}},"line":86},"16":{"name":"(anonymous_16)","decl":{"start":{"line":91,"column":15},"end":{"line":91,"column":16}},"loc":{"start":{"line":91,"column":21},"end":{"line":91,"column":67}},"line":91},"17":{"name":"(anonymous_17)","decl":{"start":{"line":96,"column":15},"end":{"line":96,"column":16}},"loc":{"start":{"line":96,"column":21},"end":{"line":96,"column":67}},"line":96},"18":{"name":"(anonymous_18)","decl":{"start":{"line":101,"column":15},"end":{"line":101,"column":16}},"loc":{"start":{"line":101,"column":21},"end":{"line":101,"column":64}},"line":101},"19":{"name":"(anonymous_19)","decl":{"start":{"line":111,"column":15},"end":{"line":111,"column":16}},"loc":{"start":{"line":111,"column":21},"end":{"line":111,"column":59}},"line":111},"20":{"name":"(anonymous_20)","decl":{"start":{"line":116,"column":15},"end":{"line":116,"column":16}},"loc":{"start":{"line":116,"column":21},"end":{"line":116,"column":65}},"line":116},"21":{"name":"(anonymous_21)","decl":{"start":{"line":121,"column":15},"end":{"line":121,"column":16}},"loc":{"start":{"line":121,"column":21},"end":{"line":121,"column":65}},"line":121},"22":{"name":"(anonymous_22)","decl":{"start":{"line":126,"column":15},"end":{"line":126,"column":16}},"loc":{"start":{"line":126,"column":21},"end":{"line":126,"column":62}},"line":126},"23":{"name":"(anonymous_23)","decl":{"start":{"line":131,"column":15},"end":{"line":131,"column":16}},"loc":{"start":{"line":131,"column":21},"end":{"line":131,"column":62}},"line":131},"24":{"name":"(anonymous_24)","decl":{"start":{"line":136,"column":15},"end":{"line":136,"column":16}},"loc":{"start":{"line":136,"column":21},"end":{"line":136,"column":75}},"line":136},"25":{"name":"(anonymous_25)","decl":{"start":{"line":141,"column":15},"end":{"line":141,"column":16}},"loc":{"start":{"line":141,"column":21},"end":{"line":141,"column":78}},"line":141},"26":{"name":"(anonymous_26)","decl":{"start":{"line":146,"column":15},"end":{"line":146,"column":16}},"loc":{"start":{"line":146,"column":21},"end":{"line":146,"column":61}},"line":146},"27":{"name":"(anonymous_27)","decl":{"start":{"line":151,"column":15},"end":{"line":151,"column":16}},"loc":{"start":{"line":151,"column":21},"end":{"line":151,"column":73}},"line":151},"28":{"name":"(anonymous_28)","decl":{"start":{"line":156,"column":15},"end":{"line":156,"column":16}},"loc":{"start":{"line":156,"column":21},"end":{"line":156,"column":79}},"line":156},"29":{"name":"(anonymous_29)","decl":{"start":{"line":161,"column":15},"end":{"line":161,"column":16}},"loc":{"start":{"line":161,"column":21},"end":{"line":161,"column":79}},"line":161},"30":{"name":"(anonymous_30)","decl":{"start":{"line":166,"column":15},"end":{"line":166,"column":16}},"loc":{"start":{"line":166,"column":21},"end":{"line":166,"column":71}},"line":166},"31":{"name":"(anonymous_31)","decl":{"start":{"line":171,"column":15},"end":{"line":171,"column":16}},"loc":{"start":{"line":171,"column":21},"end":{"line":171,"column":77}},"line":171},"32":{"name":"(anonymous_32)","decl":{"start":{"line":176,"column":15},"end":{"line":176,"column":16}},"loc":{"start":{"line":176,"column":21},"end":{"line":176,"column":77}},"line":176},"33":{"name":"(anonymous_33)","decl":{"start":{"line":181,"column":15},"end":{"line":181,"column":16}},"loc":{"start":{"line":181,"column":21},"end":{"line":181,"column":69}},"line":181},"34":{"name":"(anonymous_34)","decl":{"start":{"line":186,"column":15},"end":{"line":186,"column":16}},"loc":{"start":{"line":186,"column":21},"end":{"line":186,"column":75}},"line":186},"35":{"name":"(anonymous_35)","decl":{"start":{"line":191,"column":15},"end":{"line":191,"column":16}},"loc":{"start":{"line":191,"column":21},"end":{"line":191,"column":67}},"line":191},"36":{"name":"(anonymous_36)","decl":{"start":{"line":196,"column":15},"end":{"line":196,"column":16}},"loc":{"start":{"line":196,"column":21},"end":{"line":196,"column":75}},"line":196},"37":{"name":"(anonymous_37)","decl":{"start":{"line":201,"column":15},"end":{"line":201,"column":16}},"loc":{"start":{"line":201,"column":21},"end":{"line":201,"column":61}},"line":201},"38":{"name":"(anonymous_38)","decl":{"start":{"line":206,"column":15},"end":{"line":206,"column":16}},"loc":{"start":{"line":206,"column":21},"end":{"line":206,"column":67}},"line":206},"39":{"name":"(anonymous_39)","decl":{"start":{"line":211,"column":15},"end":{"line":211,"column":16}},"loc":{"start":{"line":211,"column":21},"end":{"line":211,"column":67}},"line":211},"40":{"name":"(anonymous_40)","decl":{"start":{"line":216,"column":15},"end":{"line":216,"column":16}},"loc":{"start":{"line":216,"column":21},"end":{"line":216,"column":64}},"line":216},"41":{"name":"(anonymous_41)","decl":{"start":{"line":221,"column":15},"end":{"line":221,"column":16}},"loc":{"start":{"line":221,"column":21},"end":{"line":221,"column":64}},"line":221},"42":{"name":"(anonymous_42)","decl":{"start":{"line":226,"column":15},"end":{"line":226,"column":16}},"loc":{"start":{"line":226,"column":21},"end":{"line":226,"column":77}},"line":226},"43":{"name":"(anonymous_43)","decl":{"start":{"line":231,"column":15},"end":{"line":231,"column":16}},"loc":{"start":{"line":231,"column":21},"end":{"line":231,"column":67}},"line":231},"44":{"name":"(anonymous_44)","decl":{"start":{"line":239,"column":2},"end":{"line":239,"column":3}},"loc":{"start":{"line":239,"column":42},"end":{"line":244,"column":3}},"line":239},"45":{"name":"(anonymous_45)","decl":{"start":{"line":247,"column":21},"end":{"line":247,"column":22}},"loc":{"start":{"line":247,"column":41},"end":{"line":252,"column":1}},"line":247},"46":{"name":"(anonymous_46)","decl":{"start":{"line":254,"column":17},"end":{"line":254,"column":18}},"loc":{"start":{"line":254,"column":23},"end":{"line":256,"column":1}},"line":254}},"branchMap":{"0":{"loc":{"start":{"line":240,"column":4},"end":{"line":242,"column":5}},"type":"if","locations":[{"start":{"line":240,"column":4},"end":{"line":242,"column":5}},{"start":{"line":240,"column":4},"end":{"line":242,"column":5}}],"line":240},"1":{"loc":{"start":{"line":248,"column":2},"end":{"line":250,"column":3}},"type":"if","locations":[{"start":{"line":248,"column":2},"end":{"line":250,"column":3}},{"start":{"line":248,"column":2},"end":{"line":250,"column":3}}],"line":248}},"s":{"0":2,"1":2,"2":2,"3":2,"4":1,"5":1,"6":1,"7":1,"8":1,"9":1,"10":1,"11":2,"12":1,"13":1,"14":1,"15":1,"16":1,"17":1,"18":1,"19":1,"20":1,"21":1,"22":1,"23":1,"24":1,"25":1,"26":1,"27":1,"28":1,"29":1,"30":1,"31":1,"32":1,"33":1,"34":1,"35":2,"36":1,"37":1,"38":1,"39":1,"40":1,"41":1,"42":1,"43":1,"44":1,"45":1,"46":2,"47":24,"48":1,"49":23,"50":2,"51":28,"52":27,"53":28,"54":2,"55":26},"f":{"0":2,"1":2,"2":1,"3":1,"4":1,"5":1,"6":1,"7":1,"8":1,"9":2,"10":1,"11":1,"12":1,"13":1,"14":1,"15":1,"16":1,"17":1,"18":1,"19":1,"20":1,"21":1,"22":1,"23":1,"24":1,"25":1,"26":1,"27":1,"28":1,"29":1,"30":1,"31":1,"32":1,"33":2,"34":1,"35":1,"36":1,"37":1,"38":1,"39":1,"40":1,"41":1,"42":1,"43":1,"44":24,"45":28,"46":26},"b":{"0":[1,23],"1":[27,1]},"_coverageSchema":"43e27e138ebf9cfc5966b082cf9a028302ed4184","hash":"f39ad6ae5bdeb77ef747d2403254235482dfac6d"}
,"D:\\Project\\bliress-frontend\\src\\store\\modules\\login.js": {"path":"D:\\Project\\bliress-frontend\\src\\store\\modules\\login.js","statementMap":{"0":{"start":{"line":4,"column":16},"end":{"line":4,"column":22}},"1":{"start":{"line":6,"column":13},"end":{"line":8,"column":1}},"2":{"start":{"line":10,"column":16},"end":{"line":14,"column":1}},"3":{"start":{"line":12,"column":4},"end":{"line":12,"column":22}},"4":{"start":{"line":16,"column":18},"end":{"line":20,"column":1}},"5":{"start":{"line":18,"column":4},"end":{"line":18,"column":23}},"6":{"start":{"line":22,"column":16},"end":{"line":42,"column":1}},"7":{"start":{"line":24,"column":4},"end":{"line":40,"column":9}},"8":{"start":{"line":34,"column":8},"end":{"line":34,"column":36}},"9":{"start":{"line":35,"column":8},"end":{"line":35,"column":39}},"10":{"start":{"line":38,"column":8},"end":{"line":38,"column":29}},"11":{"start":{"line":39,"column":8},"end":{"line":39,"column":25}}},"fnMap":{"0":{"name":"(anonymous_0)","decl":{"start":{"line":11,"column":2},"end":{"line":11,"column":3}},"loc":{"start":{"line":11,"column":14},"end":{"line":13,"column":3}},"line":11},"1":{"name":"(anonymous_1)","decl":{"start":{"line":17,"column":2},"end":{"line":17,"column":3}},"loc":{"start":{"line":17,"column":24},"end":{"line":19,"column":3}},"line":17},"2":{"name":"(anonymous_2)","decl":{"start":{"line":23,"column":2},"end":{"line":23,"column":3}},"loc":{"start":{"line":23,"column":29},"end":{"line":41,"column":3}},"line":23},"3":{"name":"(anonymous_3)","decl":{"start":{"line":33,"column":12},"end":{"line":33,"column":13}},"loc":{"start":{"line":33,"column":21},"end":{"line":36,"column":7}},"line":33},"4":{"name":"(anonymous_4)","decl":{"start":{"line":37,"column":13},"end":{"line":37,"column":14}},"loc":{"start":{"line":37,"column":22},"end":{"line":40,"column":7}},"line":37}},"branchMap":{},"s":{"0":1,"1":1,"2":1,"3":1,"4":1,"5":1,"6":1,"7":2,"8":1,"9":1,"10":1,"11":1},"f":{"0":1,"1":1,"2":2,"3":1,"4":1},"b":{},"_coverageSchema":"43e27e138ebf9cfc5966b082cf9a028302ed4184","hash":"c88fef8f5d217e68f62e92628e3d18cc60cab0fb"}
,"D:\\Project\\bliress-frontend\\src\\store\\modules\\admin\\batch.js": {"path":"D:\\Project\\bliress-frontend\\src\\store\\modules\\admin\\batch.js","statementMap":{"0":{"start":{"line":4,"column":16},"end":{"line":4,"column":22}},"1":{"start":{"line":6,"column":13},"end":{"line":10,"column":1}},"2":{"start":{"line":12,"column":16},"end":{"line":16,"column":1}},"3":{"start":{"line":14,"column":4},"end":{"line":14,"column":24}},"4":{"start":{"line":18,"column":18},"end":{"line":22,"column":1}},"5":{"start":{"line":20,"column":4},"end":{"line":20,"column":25}},"6":{"start":{"line":24,"column":16},"end":{"line":71,"column":1}},"7":{"start":{"line":26,"column":4},"end":{"line":37,"column":9}},"8":{"start":{"line":32,"column":8},"end":{"line":32,"column":37}},"9":{"start":{"line":33,"column":8},"end":{"line":33,"column":39}},"10":{"start":{"line":36,"column":8},"end":{"line":36,"column":25}},"11":{"start":{"line":41,"column":4},"end":{"line":53,"column":9}},"12":{"start":{"line":48,"column":8},"end":{"line":48,"column":28}},"13":{"start":{"line":49,"column":8},"end":{"line":49,"column":39}},"14":{"start":{"line":52,"column":8},"end":{"line":52,"column":25}},"15":{"start":{"line":57,"column":4},"end":{"line":69,"column":9}},"16":{"start":{"line":64,"column":8},"end":{"line":64,"column":28}},"17":{"start":{"line":65,"column":8},"end":{"line":65,"column":39}},"18":{"start":{"line":68,"column":8},"end":{"line":68,"column":25}}},"fnMap":{"0":{"name":"(anonymous_0)","decl":{"start":{"line":13,"column":2},"end":{"line":13,"column":3}},"loc":{"start":{"line":13,"column":19},"end":{"line":15,"column":3}},"line":13},"1":{"name":"(anonymous_1)","decl":{"start":{"line":19,"column":2},"end":{"line":19,"column":3}},"loc":{"start":{"line":19,"column":25},"end":{"line":21,"column":3}},"line":19},"2":{"name":"(anonymous_2)","decl":{"start":{"line":25,"column":2},"end":{"line":25,"column":3}},"loc":{"start":{"line":25,"column":32},"end":{"line":38,"column":3}},"line":25},"3":{"name":"(anonymous_3)","decl":{"start":{"line":31,"column":12},"end":{"line":31,"column":13}},"loc":{"start":{"line":31,"column":21},"end":{"line":34,"column":7}},"line":31},"4":{"name":"(anonymous_4)","decl":{"start":{"line":35,"column":13},"end":{"line":35,"column":14}},"loc":{"start":{"line":35,"column":22},"end":{"line":37,"column":7}},"line":35},"5":{"name":"(anonymous_5)","decl":{"start":{"line":40,"column":2},"end":{"line":40,"column":3}},"loc":{"start":{"line":40,"column":33},"end":{"line":54,"column":3}},"line":40},"6":{"name":"(anonymous_6)","decl":{"start":{"line":47,"column":12},"end":{"line":47,"column":13}},"loc":{"start":{"line":47,"column":21},"end":{"line":50,"column":7}},"line":47},"7":{"name":"(anonymous_7)","decl":{"start":{"line":51,"column":13},"end":{"line":51,"column":14}},"loc":{"start":{"line":51,"column":22},"end":{"line":53,"column":7}},"line":51},"8":{"name":"(anonymous_8)","decl":{"start":{"line":56,"column":2},"end":{"line":56,"column":3}},"loc":{"start":{"line":56,"column":35},"end":{"line":70,"column":3}},"line":56},"9":{"name":"(anonymous_9)","decl":{"start":{"line":63,"column":12},"end":{"line":63,"column":13}},"loc":{"start":{"line":63,"column":21},"end":{"line":66,"column":7}},"line":63},"10":{"name":"(anonymous_10)","decl":{"start":{"line":67,"column":13},"end":{"line":67,"column":14}},"loc":{"start":{"line":67,"column":22},"end":{"line":69,"column":7}},"line":67}},"branchMap":{},"s":{"0":1,"1":1,"2":1,"3":1,"4":1,"5":1,"6":1,"7":2,"8":1,"9":1,"10":1,"11":2,"12":1,"13":1,"14":1,"15":2,"16":1,"17":1,"18":1},"f":{"0":1,"1":1,"2":2,"3":1,"4":1,"5":2,"6":1,"7":1,"8":2,"9":1,"10":1},"b":{},"_coverageSchema":"43e27e138ebf9cfc5966b082cf9a028302ed4184","hash":"8839ae3e4509fcf5ba47f5ef2370f0968a4f52b4"}
,"D:\\Project\\bliress-frontend\\src\\store\\modules\\admin\\employee.js": {"path":"D:\\Project\\bliress-frontend\\src\\store\\modules\\admin\\employee.js","statementMap":{"0":{"start":{"line":4,"column":16},"end":{"line":4,"column":22}},"1":{"start":{"line":6,"column":13},"end":{"line":10,"column":1}},"2":{"start":{"line":12,"column":16},"end":{"line":24,"column":1}},"3":{"start":{"line":14,"column":4},"end":{"line":14,"column":32}},"4":{"start":{"line":18,"column":4},"end":{"line":18,"column":27}},"5":{"start":{"line":22,"column":4},"end":{"line":22,"column":26}},"6":{"start":{"line":26,"column":18},"end":{"line":38,"column":1}},"7":{"start":{"line":28,"column":4},"end":{"line":28,"column":33}},"8":{"start":{"line":32,"column":4},"end":{"line":32,"column":28}},"9":{"start":{"line":36,"column":4},"end":{"line":36,"column":27}},"10":{"start":{"line":40,"column":16},"end":{"line":151,"column":1}},"11":{"start":{"line":42,"column":4},"end":{"line":54,"column":9}},"12":{"start":{"line":49,"column":8},"end":{"line":49,"column":46}},"13":{"start":{"line":50,"column":8},"end":{"line":50,"column":39}},"14":{"start":{"line":53,"column":8},"end":{"line":53,"column":25}},"15":{"start":{"line":58,"column":4},"end":{"line":69,"column":9}},"16":{"start":{"line":64,"column":8},"end":{"line":64,"column":41}},"17":{"start":{"line":65,"column":8},"end":{"line":65,"column":39}},"18":{"start":{"line":68,"column":8},"end":{"line":68,"column":25}},"19":{"start":{"line":73,"column":4},"end":{"line":85,"column":9}},"20":{"start":{"line":80,"column":8},"end":{"line":80,"column":40}},"21":{"start":{"line":81,"column":8},"end":{"line":81,"column":39}},"22":{"start":{"line":84,"column":8},"end":{"line":84,"column":25}},"23":{"start":{"line":89,"column":4},"end":{"line":101,"column":9}},"24":{"start":{"line":96,"column":8},"end":{"line":96,"column":28}},"25":{"start":{"line":97,"column":8},"end":{"line":97,"column":39}},"26":{"start":{"line":100,"column":8},"end":{"line":100,"column":25}},"27":{"start":{"line":105,"column":4},"end":{"line":117,"column":9}},"28":{"start":{"line":112,"column":8},"end":{"line":112,"column":28}},"29":{"start":{"line":113,"column":8},"end":{"line":113,"column":39}},"30":{"start":{"line":116,"column":8},"end":{"line":116,"column":25}},"31":{"start":{"line":121,"column":4},"end":{"line":133,"column":9}},"32":{"start":{"line":128,"column":8},"end":{"line":128,"column":28}},"33":{"start":{"line":129,"column":8},"end":{"line":129,"column":39}},"34":{"start":{"line":132,"column":8},"end":{"line":132,"column":25}},"35":{"start":{"line":137,"column":4},"end":{"line":149,"column":9}},"36":{"start":{"line":144,"column":8},"end":{"line":144,"column":28}},"37":{"start":{"line":145,"column":8},"end":{"line":145,"column":39}},"38":{"start":{"line":148,"column":8},"end":{"line":148,"column":25}}},"fnMap":{"0":{"name":"(anonymous_0)","decl":{"start":{"line":13,"column":2},"end":{"line":13,"column":3}},"loc":{"start":{"line":13,"column":27},"end":{"line":15,"column":3}},"line":13},"1":{"name":"(anonymous_1)","decl":{"start":{"line":17,"column":2},"end":{"line":17,"column":3}},"loc":{"start":{"line":17,"column":22},"end":{"line":19,"column":3}},"line":17},"2":{"name":"(anonymous_2)","decl":{"start":{"line":21,"column":2},"end":{"line":21,"column":3}},"loc":{"start":{"line":21,"column":22},"end":{"line":23,"column":3}},"line":21},"3":{"name":"(anonymous_3)","decl":{"start":{"line":27,"column":2},"end":{"line":27,"column":3}},"loc":{"start":{"line":27,"column":34},"end":{"line":29,"column":3}},"line":27},"4":{"name":"(anonymous_4)","decl":{"start":{"line":31,"column":2},"end":{"line":31,"column":3}},"loc":{"start":{"line":31,"column":29},"end":{"line":33,"column":3}},"line":31},"5":{"name":"(anonymous_5)","decl":{"start":{"line":35,"column":2},"end":{"line":35,"column":3}},"loc":{"start":{"line":35,"column":28},"end":{"line":37,"column":3}},"line":35},"6":{"name":"(anonymous_6)","decl":{"start":{"line":41,"column":2},"end":{"line":41,"column":3}},"loc":{"start":{"line":41,"column":41},"end":{"line":55,"column":3}},"line":41},"7":{"name":"(anonymous_7)","decl":{"start":{"line":48,"column":12},"end":{"line":48,"column":13}},"loc":{"start":{"line":48,"column":21},"end":{"line":51,"column":7}},"line":48},"8":{"name":"(anonymous_8)","decl":{"start":{"line":52,"column":13},"end":{"line":52,"column":14}},"loc":{"start":{"line":52,"column":22},"end":{"line":54,"column":7}},"line":52},"9":{"name":"(anonymous_9)","decl":{"start":{"line":57,"column":2},"end":{"line":57,"column":3}},"loc":{"start":{"line":57,"column":36},"end":{"line":70,"column":3}},"line":57},"10":{"name":"(anonymous_10)","decl":{"start":{"line":63,"column":12},"end":{"line":63,"column":13}},"loc":{"start":{"line":63,"column":21},"end":{"line":66,"column":7}},"line":63},"11":{"name":"(anonymous_11)","decl":{"start":{"line":67,"column":13},"end":{"line":67,"column":14}},"loc":{"start":{"line":67,"column":22},"end":{"line":69,"column":7}},"line":67},"12":{"name":"(anonymous_12)","decl":{"start":{"line":72,"column":2},"end":{"line":72,"column":3}},"loc":{"start":{"line":72,"column":35},"end":{"line":86,"column":3}},"line":72},"13":{"name":"(anonymous_13)","decl":{"start":{"line":79,"column":12},"end":{"line":79,"column":13}},"loc":{"start":{"line":79,"column":21},"end":{"line":82,"column":7}},"line":79},"14":{"name":"(anonymous_14)","decl":{"start":{"line":83,"column":13},"end":{"line":83,"column":14}},"loc":{"start":{"line":83,"column":22},"end":{"line":85,"column":7}},"line":83},"15":{"name":"(anonymous_15)","decl":{"start":{"line":88,"column":2},"end":{"line":88,"column":3}},"loc":{"start":{"line":88,"column":36},"end":{"line":102,"column":3}},"line":88},"16":{"name":"(anonymous_16)","decl":{"start":{"line":95,"column":12},"end":{"line":95,"column":13}},"loc":{"start":{"line":95,"column":21},"end":{"line":98,"column":7}},"line":95},"17":{"name":"(anonymous_17)","decl":{"start":{"line":99,"column":13},"end":{"line":99,"column":14}},"loc":{"start":{"line":99,"column":22},"end":{"line":101,"column":7}},"line":99},"18":{"name":"(anonymous_18)","decl":{"start":{"line":104,"column":2},"end":{"line":104,"column":3}},"loc":{"start":{"line":104,"column":35},"end":{"line":118,"column":3}},"line":104},"19":{"name":"(anonymous_19)","decl":{"start":{"line":111,"column":12},"end":{"line":111,"column":13}},"loc":{"start":{"line":111,"column":21},"end":{"line":114,"column":7}},"line":111},"20":{"name":"(anonymous_20)","decl":{"start":{"line":115,"column":13},"end":{"line":115,"column":14}},"loc":{"start":{"line":115,"column":22},"end":{"line":117,"column":7}},"line":115},"21":{"name":"(anonymous_21)","decl":{"start":{"line":120,"column":2},"end":{"line":120,"column":3}},"loc":{"start":{"line":120,"column":38},"end":{"line":134,"column":3}},"line":120},"22":{"name":"(anonymous_22)","decl":{"start":{"line":127,"column":12},"end":{"line":127,"column":13}},"loc":{"start":{"line":127,"column":21},"end":{"line":130,"column":7}},"line":127},"23":{"name":"(anonymous_23)","decl":{"start":{"line":131,"column":13},"end":{"line":131,"column":14}},"loc":{"start":{"line":131,"column":22},"end":{"line":133,"column":7}},"line":131},"24":{"name":"(anonymous_24)","decl":{"start":{"line":136,"column":2},"end":{"line":136,"column":3}},"loc":{"start":{"line":136,"column":37},"end":{"line":150,"column":3}},"line":136},"25":{"name":"(anonymous_25)","decl":{"start":{"line":143,"column":12},"end":{"line":143,"column":13}},"loc":{"start":{"line":143,"column":21},"end":{"line":146,"column":7}},"line":143},"26":{"name":"(anonymous_26)","decl":{"start":{"line":147,"column":13},"end":{"line":147,"column":14}},"loc":{"start":{"line":147,"column":22},"end":{"line":149,"column":7}},"line":147}},"branchMap":{},"s":{"0":1,"1":1,"2":1,"3":1,"4":1,"5":1,"6":1,"7":1,"8":1,"9":1,"10":1,"11":2,"12":1,"13":1,"14":1,"15":2,"16":1,"17":1,"18":1,"19":2,"20":1,"21":1,"22":1,"23":2,"24":1,"25":1,"26":1,"27":2,"28":1,"29":1,"30":1,"31":2,"32":1,"33":1,"34":1,"35":2,"36":1,"37":1,"38":1},"f":{"0":1,"1":1,"2":1,"3":1,"4":1,"5":1,"6":2,"7":1,"8":1,"9":2,"10":1,"11":1,"12":2,"13":1,"14":1,"15":2,"16":1,"17":1,"18":2,"19":1,"20":1,"21":2,"22":1,"23":1,"24":2,"25":1,"26":1},"b":{},"_coverageSchema":"43e27e138ebf9cfc5966b082cf9a028302ed4184","hash":"37bf183842a0270de190f22b5db67138ab94389b"}
,"D:\\Project\\bliress-frontend\\src\\store\\modules\\admin\\material.js": {"path":"D:\\Project\\bliress-frontend\\src\\store\\modules\\admin\\material.js","statementMap":{"0":{"start":{"line":4,"column":16},"end":{"line":4,"column":22}},"1":{"start":{"line":6,"column":13},"end":{"line":8,"column":1}},"2":{"start":{"line":10,"column":16},"end":{"line":14,"column":1}},"3":{"start":{"line":12,"column":4},"end":{"line":12,"column":27}},"4":{"start":{"line":16,"column":18},"end":{"line":20,"column":1}},"5":{"start":{"line":18,"column":4},"end":{"line":18,"column":28}},"6":{"start":{"line":22,"column":16},"end":{"line":70,"column":1}},"7":{"start":{"line":24,"column":4},"end":{"line":36,"column":9}},"8":{"start":{"line":31,"column":8},"end":{"line":31,"column":41}},"9":{"start":{"line":32,"column":8},"end":{"line":32,"column":39}},"10":{"start":{"line":35,"column":8},"end":{"line":35,"column":25}},"11":{"start":{"line":40,"column":4},"end":{"line":52,"column":9}},"12":{"start":{"line":47,"column":8},"end":{"line":47,"column":28}},"13":{"start":{"line":48,"column":8},"end":{"line":48,"column":39}},"14":{"start":{"line":51,"column":8},"end":{"line":51,"column":25}},"15":{"start":{"line":56,"column":4},"end":{"line":68,"column":9}},"16":{"start":{"line":63,"column":8},"end":{"line":63,"column":28}},"17":{"start":{"line":64,"column":8},"end":{"line":64,"column":39}},"18":{"start":{"line":67,"column":8},"end":{"line":67,"column":25}}},"fnMap":{"0":{"name":"(anonymous_0)","decl":{"start":{"line":11,"column":2},"end":{"line":11,"column":3}},"loc":{"start":{"line":11,"column":22},"end":{"line":13,"column":3}},"line":11},"1":{"name":"(anonymous_1)","decl":{"start":{"line":17,"column":2},"end":{"line":17,"column":3}},"loc":{"start":{"line":17,"column":29},"end":{"line":19,"column":3}},"line":17},"2":{"name":"(anonymous_2)","decl":{"start":{"line":23,"column":2},"end":{"line":23,"column":3}},"loc":{"start":{"line":23,"column":36},"end":{"line":37,"column":3}},"line":23},"3":{"name":"(anonymous_3)","decl":{"start":{"line":30,"column":12},"end":{"line":30,"column":13}},"loc":{"start":{"line":30,"column":21},"end":{"line":33,"column":7}},"line":30},"4":{"name":"(anonymous_4)","decl":{"start":{"line":34,"column":13},"end":{"line":34,"column":14}},"loc":{"start":{"line":34,"column":22},"end":{"line":36,"column":7}},"line":34},"5":{"name":"(anonymous_5)","decl":{"start":{"line":39,"column":2},"end":{"line":39,"column":3}},"loc":{"start":{"line":39,"column":38},"end":{"line":53,"column":3}},"line":39},"6":{"name":"(anonymous_6)","decl":{"start":{"line":46,"column":12},"end":{"line":46,"column":13}},"loc":{"start":{"line":46,"column":21},"end":{"line":49,"column":7}},"line":46},"7":{"name":"(anonymous_7)","decl":{"start":{"line":50,"column":13},"end":{"line":50,"column":14}},"loc":{"start":{"line":50,"column":22},"end":{"line":52,"column":7}},"line":50},"8":{"name":"(anonymous_8)","decl":{"start":{"line":55,"column":2},"end":{"line":55,"column":3}},"loc":{"start":{"line":55,"column":36},"end":{"line":69,"column":3}},"line":55},"9":{"name":"(anonymous_9)","decl":{"start":{"line":62,"column":12},"end":{"line":62,"column":13}},"loc":{"start":{"line":62,"column":21},"end":{"line":65,"column":7}},"line":62},"10":{"name":"(anonymous_10)","decl":{"start":{"line":66,"column":13},"end":{"line":66,"column":14}},"loc":{"start":{"line":66,"column":22},"end":{"line":68,"column":7}},"line":66}},"branchMap":{},"s":{"0":1,"1":1,"2":1,"3":1,"4":1,"5":1,"6":1,"7":2,"8":1,"9":1,"10":1,"11":2,"12":1,"13":1,"14":1,"15":2,"16":1,"17":1,"18":1},"f":{"0":1,"1":1,"2":2,"3":1,"4":1,"5":2,"6":1,"7":1,"8":2,"9":1,"10":1},"b":{},"_coverageSchema":"43e27e138ebf9cfc5966b082cf9a028302ed4184","hash":"5227873898e4df54bda6498cd1be9b957abe0208"}
,"D:\\Project\\bliress-frontend\\src\\store\\modules\\admin\\notification.js": {"path":"D:\\Project\\bliress-frontend\\src\\store\\modules\\admin\\notification.js","statementMap":{"0":{"start":{"line":4,"column":16},"end":{"line":4,"column":22}},"1":{"start":{"line":6,"column":13},"end":{"line":8,"column":1}},"2":{"start":{"line":10,"column":16},"end":{"line":14,"column":1}},"3":{"start":{"line":12,"column":4},"end":{"line":12,"column":31}},"4":{"start":{"line":16,"column":18},"end":{"line":20,"column":1}},"5":{"start":{"line":18,"column":4},"end":{"line":18,"column":32}},"6":{"start":{"line":22,"column":16},"end":{"line":53,"column":1}},"7":{"start":{"line":24,"column":4},"end":{"line":35,"column":9}},"8":{"start":{"line":30,"column":8},"end":{"line":30,"column":45}},"9":{"start":{"line":31,"column":8},"end":{"line":31,"column":39}},"10":{"start":{"line":34,"column":8},"end":{"line":34,"column":25}},"11":{"start":{"line":39,"column":4},"end":{"line":51,"column":9}},"12":{"start":{"line":46,"column":8},"end":{"line":46,"column":28}},"13":{"start":{"line":47,"column":8},"end":{"line":47,"column":39}},"14":{"start":{"line":50,"column":8},"end":{"line":50,"column":25}}},"fnMap":{"0":{"name":"(anonymous_0)","decl":{"start":{"line":11,"column":2},"end":{"line":11,"column":3}},"loc":{"start":{"line":11,"column":26},"end":{"line":13,"column":3}},"line":11},"1":{"name":"(anonymous_1)","decl":{"start":{"line":17,"column":2},"end":{"line":17,"column":3}},"loc":{"start":{"line":17,"column":33},"end":{"line":19,"column":3}},"line":17},"2":{"name":"(anonymous_2)","decl":{"start":{"line":23,"column":2},"end":{"line":23,"column":3}},"loc":{"start":{"line":23,"column":40},"end":{"line":36,"column":3}},"line":23},"3":{"name":"(anonymous_3)","decl":{"start":{"line":29,"column":12},"end":{"line":29,"column":13}},"loc":{"start":{"line":29,"column":21},"end":{"line":32,"column":7}},"line":29},"4":{"name":"(anonymous_4)","decl":{"start":{"line":33,"column":13},"end":{"line":33,"column":14}},"loc":{"start":{"line":33,"column":22},"end":{"line":35,"column":7}},"line":33},"5":{"name":"(anonymous_5)","decl":{"start":{"line":38,"column":2},"end":{"line":38,"column":3}},"loc":{"start":{"line":38,"column":40},"end":{"line":52,"column":3}},"line":38},"6":{"name":"(anonymous_6)","decl":{"start":{"line":45,"column":12},"end":{"line":45,"column":13}},"loc":{"start":{"line":45,"column":21},"end":{"line":48,"column":7}},"line":45},"7":{"name":"(anonymous_7)","decl":{"start":{"line":49,"column":13},"end":{"line":49,"column":14}},"loc":{"start":{"line":49,"column":22},"end":{"line":51,"column":7}},"line":49}},"branchMap":{},"s":{"0":1,"1":1,"2":1,"3":1,"4":1,"5":1,"6":1,"7":2,"8":1,"9":1,"10":1,"11":2,"12":1,"13":1,"14":1},"f":{"0":1,"1":1,"2":2,"3":1,"4":1,"5":2,"6":1,"7":1},"b":{},"_coverageSchema":"43e27e138ebf9cfc5966b082cf9a028302ed4184","hash":"74139f790026b4351d9efcc9b131e8fd6c2f31b6"}
,"D:\\Project\\bliress-frontend\\src\\store\\modules\\admin\\test.js": {"path":"D:\\Project\\bliress-frontend\\src\\store\\modules\\admin\\test.js","statementMap":{"0":{"start":{"line":4,"column":16},"end":{"line":4,"column":22}},"1":{"start":{"line":6,"column":13},"end":{"line":9,"column":1}},"2":{"start":{"line":11,"column":16},"end":{"line":19,"column":1}},"3":{"start":{"line":13,"column":4},"end":{"line":13,"column":31}},"4":{"start":{"line":17,"column":4},"end":{"line":17,"column":22}},"5":{"start":{"line":21,"column":18},"end":{"line":29,"column":1}},"6":{"start":{"line":23,"column":4},"end":{"line":23,"column":32}},"7":{"start":{"line":27,"column":4},"end":{"line":27,"column":23}},"8":{"start":{"line":31,"column":16},"end":{"line":95,"column":1}},"9":{"start":{"line":33,"column":4},"end":{"line":45,"column":9}},"10":{"start":{"line":40,"column":8},"end":{"line":40,"column":44}},"11":{"start":{"line":41,"column":8},"end":{"line":41,"column":39}},"12":{"start":{"line":44,"column":8},"end":{"line":44,"column":25}},"13":{"start":{"line":49,"column":4},"end":{"line":61,"column":9}},"14":{"start":{"line":56,"column":8},"end":{"line":56,"column":36}},"15":{"start":{"line":57,"column":8},"end":{"line":57,"column":39}},"16":{"start":{"line":60,"column":8},"end":{"line":60,"column":25}},"17":{"start":{"line":65,"column":4},"end":{"line":77,"column":9}},"18":{"start":{"line":72,"column":8},"end":{"line":72,"column":28}},"19":{"start":{"line":73,"column":8},"end":{"line":73,"column":39}},"20":{"start":{"line":76,"column":8},"end":{"line":76,"column":25}},"21":{"start":{"line":81,"column":4},"end":{"line":93,"column":9}},"22":{"start":{"line":88,"column":8},"end":{"line":88,"column":28}},"23":{"start":{"line":89,"column":8},"end":{"line":89,"column":39}},"24":{"start":{"line":92,"column":8},"end":{"line":92,"column":25}}},"fnMap":{"0":{"name":"(anonymous_0)","decl":{"start":{"line":12,"column":2},"end":{"line":12,"column":3}},"loc":{"start":{"line":12,"column":26},"end":{"line":14,"column":3}},"line":12},"1":{"name":"(anonymous_1)","decl":{"start":{"line":16,"column":2},"end":{"line":16,"column":3}},"loc":{"start":{"line":16,"column":22},"end":{"line":18,"column":3}},"line":16},"2":{"name":"(anonymous_2)","decl":{"start":{"line":22,"column":2},"end":{"line":22,"column":3}},"loc":{"start":{"line":22,"column":32},"end":{"line":24,"column":3}},"line":22},"3":{"name":"(anonymous_3)","decl":{"start":{"line":26,"column":2},"end":{"line":26,"column":3}},"loc":{"start":{"line":26,"column":24},"end":{"line":28,"column":3}},"line":26},"4":{"name":"(anonymous_4)","decl":{"start":{"line":32,"column":2},"end":{"line":32,"column":3}},"loc":{"start":{"line":32,"column":40},"end":{"line":46,"column":3}},"line":32},"5":{"name":"(anonymous_5)","decl":{"start":{"line":39,"column":12},"end":{"line":39,"column":13}},"loc":{"start":{"line":39,"column":21},"end":{"line":42,"column":7}},"line":39},"6":{"name":"(anonymous_6)","decl":{"start":{"line":43,"column":13},"end":{"line":43,"column":14}},"loc":{"start":{"line":43,"column":22},"end":{"line":45,"column":7}},"line":43},"7":{"name":"(anonymous_7)","decl":{"start":{"line":48,"column":2},"end":{"line":48,"column":3}},"loc":{"start":{"line":48,"column":31},"end":{"line":62,"column":3}},"line":48},"8":{"name":"(anonymous_8)","decl":{"start":{"line":55,"column":12},"end":{"line":55,"column":13}},"loc":{"start":{"line":55,"column":21},"end":{"line":58,"column":7}},"line":55},"9":{"name":"(anonymous_9)","decl":{"start":{"line":59,"column":13},"end":{"line":59,"column":14}},"loc":{"start":{"line":59,"column":22},"end":{"line":61,"column":7}},"line":59},"10":{"name":"(anonymous_10)","decl":{"start":{"line":64,"column":2},"end":{"line":64,"column":3}},"loc":{"start":{"line":64,"column":32},"end":{"line":78,"column":3}},"line":64},"11":{"name":"(anonymous_11)","decl":{"start":{"line":71,"column":12},"end":{"line":71,"column":13}},"loc":{"start":{"line":71,"column":21},"end":{"line":74,"column":7}},"line":71},"12":{"name":"(anonymous_12)","decl":{"start":{"line":75,"column":13},"end":{"line":75,"column":14}},"loc":{"start":{"line":75,"column":22},"end":{"line":77,"column":7}},"line":75},"13":{"name":"(anonymous_13)","decl":{"start":{"line":80,"column":2},"end":{"line":80,"column":3}},"loc":{"start":{"line":80,"column":31},"end":{"line":94,"column":3}},"line":80},"14":{"name":"(anonymous_14)","decl":{"start":{"line":87,"column":12},"end":{"line":87,"column":13}},"loc":{"start":{"line":87,"column":21},"end":{"line":90,"column":7}},"line":87},"15":{"name":"(anonymous_15)","decl":{"start":{"line":91,"column":13},"end":{"line":91,"column":14}},"loc":{"start":{"line":91,"column":22},"end":{"line":93,"column":7}},"line":91}},"branchMap":{},"s":{"0":1,"1":1,"2":1,"3":1,"4":1,"5":1,"6":1,"7":1,"8":1,"9":2,"10":1,"11":1,"12":1,"13":2,"14":1,"15":1,"16":1,"17":2,"18":1,"19":1,"20":1,"21":2,"22":1,"23":1,"24":1},"f":{"0":1,"1":1,"2":1,"3":1,"4":2,"5":1,"6":1,"7":2,"8":1,"9":1,"10":2,"11":1,"12":1,"13":2,"14":1,"15":1},"b":{},"_coverageSchema":"43e27e138ebf9cfc5966b082cf9a028302ed4184","hash":"f2015b5b84ad447a8aea587d14b13a70bf6fff62"}
,"D:\\Project\\bliress-frontend\\src\\store\\modules\\admin\\trainer.js": {"path":"D:\\Project\\bliress-frontend\\src\\store\\modules\\admin\\trainer.js","statementMap":{"0":{"start":{"line":4,"column":16},"end":{"line":4,"column":22}},"1":{"start":{"line":6,"column":13},"end":{"line":9,"column":1}},"2":{"start":{"line":11,"column":16},"end":{"line":19,"column":1}},"3":{"start":{"line":13,"column":4},"end":{"line":13,"column":26}},"4":{"start":{"line":17,"column":4},"end":{"line":17,"column":25}},"5":{"start":{"line":21,"column":18},"end":{"line":29,"column":1}},"6":{"start":{"line":23,"column":4},"end":{"line":23,"column":27}},"7":{"start":{"line":27,"column":4},"end":{"line":27,"column":26}},"8":{"start":{"line":31,"column":16},"end":{"line":126,"column":1}},"9":{"start":{"line":33,"column":4},"end":{"line":44,"column":9}},"10":{"start":{"line":39,"column":8},"end":{"line":39,"column":40}},"11":{"start":{"line":40,"column":8},"end":{"line":40,"column":39}},"12":{"start":{"line":43,"column":8},"end":{"line":43,"column":25}},"13":{"start":{"line":48,"column":4},"end":{"line":60,"column":9}},"14":{"start":{"line":55,"column":8},"end":{"line":55,"column":39}},"15":{"start":{"line":56,"column":8},"end":{"line":56,"column":39}},"16":{"start":{"line":59,"column":8},"end":{"line":59,"column":25}},"17":{"start":{"line":64,"column":4},"end":{"line":76,"column":9}},"18":{"start":{"line":71,"column":8},"end":{"line":71,"column":28}},"19":{"start":{"line":72,"column":8},"end":{"line":72,"column":39}},"20":{"start":{"line":75,"column":8},"end":{"line":75,"column":25}},"21":{"start":{"line":80,"column":4},"end":{"line":92,"column":9}},"22":{"start":{"line":87,"column":8},"end":{"line":87,"column":28}},"23":{"start":{"line":88,"column":8},"end":{"line":88,"column":39}},"24":{"start":{"line":91,"column":8},"end":{"line":91,"column":25}},"25":{"start":{"line":96,"column":4},"end":{"line":108,"column":9}},"26":{"start":{"line":103,"column":8},"end":{"line":103,"column":28}},"27":{"start":{"line":104,"column":8},"end":{"line":104,"column":39}},"28":{"start":{"line":107,"column":8},"end":{"line":107,"column":25}},"29":{"start":{"line":112,"column":4},"end":{"line":124,"column":9}},"30":{"start":{"line":119,"column":8},"end":{"line":119,"column":28}},"31":{"start":{"line":120,"column":8},"end":{"line":120,"column":39}},"32":{"start":{"line":123,"column":8},"end":{"line":123,"column":25}}},"fnMap":{"0":{"name":"(anonymous_0)","decl":{"start":{"line":12,"column":2},"end":{"line":12,"column":3}},"loc":{"start":{"line":12,"column":21},"end":{"line":14,"column":3}},"line":12},"1":{"name":"(anonymous_1)","decl":{"start":{"line":16,"column":2},"end":{"line":16,"column":3}},"loc":{"start":{"line":16,"column":21},"end":{"line":18,"column":3}},"line":16},"2":{"name":"(anonymous_2)","decl":{"start":{"line":22,"column":2},"end":{"line":22,"column":3}},"loc":{"start":{"line":22,"column":28},"end":{"line":24,"column":3}},"line":22},"3":{"name":"(anonymous_3)","decl":{"start":{"line":26,"column":2},"end":{"line":26,"column":3}},"loc":{"start":{"line":26,"column":27},"end":{"line":28,"column":3}},"line":26},"4":{"name":"(anonymous_4)","decl":{"start":{"line":32,"column":2},"end":{"line":32,"column":3}},"loc":{"start":{"line":32,"column":35},"end":{"line":45,"column":3}},"line":32},"5":{"name":"(anonymous_5)","decl":{"start":{"line":38,"column":12},"end":{"line":38,"column":13}},"loc":{"start":{"line":38,"column":21},"end":{"line":41,"column":7}},"line":38},"6":{"name":"(anonymous_6)","decl":{"start":{"line":42,"column":13},"end":{"line":42,"column":14}},"loc":{"start":{"line":42,"column":22},"end":{"line":44,"column":7}},"line":42},"7":{"name":"(anonymous_7)","decl":{"start":{"line":47,"column":2},"end":{"line":47,"column":3}},"loc":{"start":{"line":47,"column":34},"end":{"line":61,"column":3}},"line":47},"8":{"name":"(anonymous_8)","decl":{"start":{"line":54,"column":12},"end":{"line":54,"column":13}},"loc":{"start":{"line":54,"column":21},"end":{"line":57,"column":7}},"line":54},"9":{"name":"(anonymous_9)","decl":{"start":{"line":58,"column":13},"end":{"line":58,"column":14}},"loc":{"start":{"line":58,"column":22},"end":{"line":60,"column":7}},"line":58},"10":{"name":"(anonymous_10)","decl":{"start":{"line":63,"column":2},"end":{"line":63,"column":3}},"loc":{"start":{"line":63,"column":35},"end":{"line":77,"column":3}},"line":63},"11":{"name":"(anonymous_11)","decl":{"start":{"line":70,"column":12},"end":{"line":70,"column":13}},"loc":{"start":{"line":70,"column":21},"end":{"line":73,"column":7}},"line":70},"12":{"name":"(anonymous_12)","decl":{"start":{"line":74,"column":13},"end":{"line":74,"column":14}},"loc":{"start":{"line":74,"column":22},"end":{"line":76,"column":7}},"line":74},"13":{"name":"(anonymous_13)","decl":{"start":{"line":79,"column":2},"end":{"line":79,"column":3}},"loc":{"start":{"line":79,"column":34},"end":{"line":93,"column":3}},"line":79},"14":{"name":"(anonymous_14)","decl":{"start":{"line":86,"column":12},"end":{"line":86,"column":13}},"loc":{"start":{"line":86,"column":21},"end":{"line":89,"column":7}},"line":86},"15":{"name":"(anonymous_15)","decl":{"start":{"line":90,"column":13},"end":{"line":90,"column":14}},"loc":{"start":{"line":90,"column":22},"end":{"line":92,"column":7}},"line":90},"16":{"name":"(anonymous_16)","decl":{"start":{"line":95,"column":2},"end":{"line":95,"column":3}},"loc":{"start":{"line":95,"column":37},"end":{"line":109,"column":3}},"line":95},"17":{"name":"(anonymous_17)","decl":{"start":{"line":102,"column":12},"end":{"line":102,"column":13}},"loc":{"start":{"line":102,"column":21},"end":{"line":105,"column":7}},"line":102},"18":{"name":"(anonymous_18)","decl":{"start":{"line":106,"column":13},"end":{"line":106,"column":14}},"loc":{"start":{"line":106,"column":22},"end":{"line":108,"column":7}},"line":106},"19":{"name":"(anonymous_19)","decl":{"start":{"line":111,"column":2},"end":{"line":111,"column":3}},"loc":{"start":{"line":111,"column":37},"end":{"line":125,"column":3}},"line":111},"20":{"name":"(anonymous_20)","decl":{"start":{"line":118,"column":12},"end":{"line":118,"column":13}},"loc":{"start":{"line":118,"column":21},"end":{"line":121,"column":7}},"line":118},"21":{"name":"(anonymous_21)","decl":{"start":{"line":122,"column":13},"end":{"line":122,"column":14}},"loc":{"start":{"line":122,"column":22},"end":{"line":124,"column":7}},"line":122}},"branchMap":{},"s":{"0":1,"1":1,"2":1,"3":1,"4":1,"5":1,"6":1,"7":1,"8":1,"9":2,"10":1,"11":1,"12":1,"13":2,"14":1,"15":1,"16":1,"17":2,"18":1,"19":1,"20":1,"21":2,"22":1,"23":1,"24":1,"25":2,"26":1,"27":1,"28":1,"29":2,"30":1,"31":1,"32":1},"f":{"0":1,"1":1,"2":1,"3":1,"4":2,"5":1,"6":1,"7":2,"8":1,"9":1,"10":2,"11":1,"12":1,"13":2,"14":1,"15":1,"16":2,"17":1,"18":1,"19":2,"20":1,"21":1},"b":{},"_coverageSchema":"43e27e138ebf9cfc5966b082cf9a028302ed4184","hash":"528e04fbb266972537f787cae2cbc30b35a9f0eb"}
,"D:\\Project\\bliress-frontend\\src\\store\\modules\\admin\\training.js": {"path":"D:\\Project\\bliress-frontend\\src\\store\\modules\\admin\\training.js","statementMap":{"0":{"start":{"line":4,"column":16},"end":{"line":4,"column":22}},"1":{"start":{"line":6,"column":13},"end":{"line":10,"column":1}},"2":{"start":{"line":12,"column":16},"end":{"line":24,"column":1}},"3":{"start":{"line":14,"column":4},"end":{"line":14,"column":27}},"4":{"start":{"line":18,"column":4},"end":{"line":18,"column":28}},"5":{"start":{"line":22,"column":4},"end":{"line":22,"column":28}},"6":{"start":{"line":26,"column":18},"end":{"line":38,"column":1}},"7":{"start":{"line":28,"column":4},"end":{"line":28,"column":28}},"8":{"start":{"line":32,"column":4},"end":{"line":32,"column":29}},"9":{"start":{"line":36,"column":4},"end":{"line":36,"column":29}},"10":{"start":{"line":40,"column":16},"end":{"line":136,"column":1}},"11":{"start":{"line":42,"column":4},"end":{"line":54,"column":9}},"12":{"start":{"line":49,"column":8},"end":{"line":49,"column":41}},"13":{"start":{"line":50,"column":8},"end":{"line":50,"column":39}},"14":{"start":{"line":53,"column":8},"end":{"line":53,"column":25}},"15":{"start":{"line":58,"column":4},"end":{"line":70,"column":9}},"16":{"start":{"line":65,"column":8},"end":{"line":65,"column":42}},"17":{"start":{"line":66,"column":8},"end":{"line":66,"column":39}},"18":{"start":{"line":69,"column":8},"end":{"line":69,"column":25}},"19":{"start":{"line":74,"column":4},"end":{"line":86,"column":9}},"20":{"start":{"line":81,"column":8},"end":{"line":81,"column":28}},"21":{"start":{"line":82,"column":8},"end":{"line":82,"column":39}},"22":{"start":{"line":85,"column":8},"end":{"line":85,"column":25}},"23":{"start":{"line":90,"column":4},"end":{"line":102,"column":9}},"24":{"start":{"line":97,"column":8},"end":{"line":97,"column":28}},"25":{"start":{"line":98,"column":8},"end":{"line":98,"column":39}},"26":{"start":{"line":101,"column":8},"end":{"line":101,"column":25}},"27":{"start":{"line":106,"column":4},"end":{"line":118,"column":9}},"28":{"start":{"line":113,"column":8},"end":{"line":113,"column":28}},"29":{"start":{"line":114,"column":8},"end":{"line":114,"column":39}},"30":{"start":{"line":117,"column":8},"end":{"line":117,"column":25}},"31":{"start":{"line":122,"column":4},"end":{"line":134,"column":9}},"32":{"start":{"line":129,"column":8},"end":{"line":129,"column":42}},"33":{"start":{"line":130,"column":8},"end":{"line":130,"column":39}},"34":{"start":{"line":133,"column":8},"end":{"line":133,"column":25}}},"fnMap":{"0":{"name":"(anonymous_0)","decl":{"start":{"line":13,"column":2},"end":{"line":13,"column":3}},"loc":{"start":{"line":13,"column":22},"end":{"line":15,"column":3}},"line":13},"1":{"name":"(anonymous_1)","decl":{"start":{"line":17,"column":2},"end":{"line":17,"column":3}},"loc":{"start":{"line":17,"column":18},"end":{"line":19,"column":3}},"line":17},"2":{"name":"(anonymous_2)","decl":{"start":{"line":21,"column":2},"end":{"line":21,"column":3}},"loc":{"start":{"line":21,"column":24},"end":{"line":23,"column":3}},"line":21},"3":{"name":"(anonymous_3)","decl":{"start":{"line":27,"column":2},"end":{"line":27,"column":3}},"loc":{"start":{"line":27,"column":29},"end":{"line":29,"column":3}},"line":27},"4":{"name":"(anonymous_4)","decl":{"start":{"line":31,"column":2},"end":{"line":31,"column":3}},"loc":{"start":{"line":31,"column":30},"end":{"line":33,"column":3}},"line":31},"5":{"name":"(anonymous_5)","decl":{"start":{"line":35,"column":2},"end":{"line":35,"column":3}},"loc":{"start":{"line":35,"column":30},"end":{"line":37,"column":3}},"line":35},"6":{"name":"(anonymous_6)","decl":{"start":{"line":41,"column":2},"end":{"line":41,"column":3}},"loc":{"start":{"line":41,"column":36},"end":{"line":55,"column":3}},"line":41},"7":{"name":"(anonymous_7)","decl":{"start":{"line":48,"column":12},"end":{"line":48,"column":13}},"loc":{"start":{"line":48,"column":21},"end":{"line":51,"column":7}},"line":48},"8":{"name":"(anonymous_8)","decl":{"start":{"line":52,"column":13},"end":{"line":52,"column":14}},"loc":{"start":{"line":52,"column":22},"end":{"line":54,"column":7}},"line":52},"9":{"name":"(anonymous_9)","decl":{"start":{"line":57,"column":2},"end":{"line":57,"column":3}},"loc":{"start":{"line":57,"column":37},"end":{"line":71,"column":3}},"line":57},"10":{"name":"(anonymous_10)","decl":{"start":{"line":64,"column":12},"end":{"line":64,"column":13}},"loc":{"start":{"line":64,"column":21},"end":{"line":67,"column":7}},"line":64},"11":{"name":"(anonymous_11)","decl":{"start":{"line":68,"column":13},"end":{"line":68,"column":14}},"loc":{"start":{"line":68,"column":22},"end":{"line":70,"column":7}},"line":68},"12":{"name":"(anonymous_12)","decl":{"start":{"line":73,"column":2},"end":{"line":73,"column":3}},"loc":{"start":{"line":73,"column":36},"end":{"line":87,"column":3}},"line":73},"13":{"name":"(anonymous_13)","decl":{"start":{"line":80,"column":12},"end":{"line":80,"column":13}},"loc":{"start":{"line":80,"column":21},"end":{"line":83,"column":7}},"line":80},"14":{"name":"(anonymous_14)","decl":{"start":{"line":84,"column":13},"end":{"line":84,"column":14}},"loc":{"start":{"line":84,"column":22},"end":{"line":86,"column":7}},"line":84},"15":{"name":"(anonymous_15)","decl":{"start":{"line":89,"column":2},"end":{"line":89,"column":3}},"loc":{"start":{"line":89,"column":35},"end":{"line":103,"column":3}},"line":89},"16":{"name":"(anonymous_16)","decl":{"start":{"line":96,"column":12},"end":{"line":96,"column":13}},"loc":{"start":{"line":96,"column":21},"end":{"line":99,"column":7}},"line":96},"17":{"name":"(anonymous_17)","decl":{"start":{"line":100,"column":13},"end":{"line":100,"column":14}},"loc":{"start":{"line":100,"column":22},"end":{"line":102,"column":7}},"line":100},"18":{"name":"(anonymous_18)","decl":{"start":{"line":105,"column":2},"end":{"line":105,"column":3}},"loc":{"start":{"line":105,"column":38},"end":{"line":119,"column":3}},"line":105},"19":{"name":"(anonymous_19)","decl":{"start":{"line":112,"column":12},"end":{"line":112,"column":13}},"loc":{"start":{"line":112,"column":21},"end":{"line":115,"column":7}},"line":112},"20":{"name":"(anonymous_20)","decl":{"start":{"line":116,"column":13},"end":{"line":116,"column":14}},"loc":{"start":{"line":116,"column":22},"end":{"line":118,"column":7}},"line":116},"21":{"name":"(anonymous_21)","decl":{"start":{"line":121,"column":2},"end":{"line":121,"column":3}},"loc":{"start":{"line":121,"column":37},"end":{"line":135,"column":3}},"line":121},"22":{"name":"(anonymous_22)","decl":{"start":{"line":128,"column":12},"end":{"line":128,"column":13}},"loc":{"start":{"line":128,"column":21},"end":{"line":131,"column":7}},"line":128},"23":{"name":"(anonymous_23)","decl":{"start":{"line":132,"column":13},"end":{"line":132,"column":14}},"loc":{"start":{"line":132,"column":22},"end":{"line":134,"column":7}},"line":132}},"branchMap":{},"s":{"0":1,"1":1,"2":1,"3":1,"4":1,"5":1,"6":1,"7":1,"8":1,"9":1,"10":1,"11":2,"12":1,"13":1,"14":1,"15":2,"16":1,"17":1,"18":1,"19":2,"20":1,"21":1,"22":1,"23":2,"24":1,"25":1,"26":1,"27":2,"28":1,"29":1,"30":1,"31":2,"32":1,"33":1,"34":1},"f":{"0":1,"1":1,"2":1,"3":1,"4":1,"5":1,"6":2,"7":1,"8":1,"9":2,"10":1,"11":1,"12":2,"13":1,"14":1,"15":2,"16":1,"17":1,"18":2,"19":1,"20":1,"21":2,"22":1,"23":1},"b":{},"_coverageSchema":"43e27e138ebf9cfc5966b082cf9a028302ed4184","hash":"d936179942e9ad9d35825071880c35b7ca45fdbe"}
,"D:\\Project\\bliress-frontend\\src\\store\\modules\\employees\\employee.js": {"path":"D:\\Project\\bliress-frontend\\src\\store\\modules\\employees\\employee.js","statementMap":{"0":{"start":{"line":4,"column":16},"end":{"line":4,"column":22}},"1":{"start":{"line":6,"column":13},"end":{"line":8,"column":1}},"2":{"start":{"line":10,"column":16},"end":{"line":14,"column":1}},"3":{"start":{"line":12,"column":4},"end":{"line":12,"column":22}},"4":{"start":{"line":16,"column":18},"end":{"line":20,"column":1}},"5":{"start":{"line":18,"column":4},"end":{"line":18,"column":23}},"6":{"start":{"line":22,"column":16},"end":{"line":54,"column":1}},"7":{"start":{"line":24,"column":4},"end":{"line":36,"column":9}},"8":{"start":{"line":31,"column":8},"end":{"line":31,"column":36}},"9":{"start":{"line":32,"column":8},"end":{"line":32,"column":39}},"10":{"start":{"line":35,"column":8},"end":{"line":35,"column":25}},"11":{"start":{"line":40,"column":4},"end":{"line":52,"column":9}},"12":{"start":{"line":47,"column":8},"end":{"line":47,"column":28}},"13":{"start":{"line":48,"column":8},"end":{"line":48,"column":39}},"14":{"start":{"line":51,"column":8},"end":{"line":51,"column":25}}},"fnMap":{"0":{"name":"(anonymous_0)","decl":{"start":{"line":11,"column":2},"end":{"line":11,"column":3}},"loc":{"start":{"line":11,"column":14},"end":{"line":13,"column":3}},"line":11},"1":{"name":"(anonymous_1)","decl":{"start":{"line":17,"column":2},"end":{"line":17,"column":3}},"loc":{"start":{"line":17,"column":24},"end":{"line":19,"column":3}},"line":17},"2":{"name":"(anonymous_2)","decl":{"start":{"line":23,"column":2},"end":{"line":23,"column":3}},"loc":{"start":{"line":23,"column":31},"end":{"line":37,"column":3}},"line":23},"3":{"name":"(anonymous_3)","decl":{"start":{"line":30,"column":12},"end":{"line":30,"column":13}},"loc":{"start":{"line":30,"column":21},"end":{"line":33,"column":7}},"line":30},"4":{"name":"(anonymous_4)","decl":{"start":{"line":34,"column":13},"end":{"line":34,"column":14}},"loc":{"start":{"line":34,"column":22},"end":{"line":36,"column":7}},"line":34},"5":{"name":"(anonymous_5)","decl":{"start":{"line":39,"column":2},"end":{"line":39,"column":3}},"loc":{"start":{"line":39,"column":38},"end":{"line":53,"column":3}},"line":39},"6":{"name":"(anonymous_6)","decl":{"start":{"line":46,"column":12},"end":{"line":46,"column":13}},"loc":{"start":{"line":46,"column":21},"end":{"line":49,"column":7}},"line":46},"7":{"name":"(anonymous_7)","decl":{"start":{"line":50,"column":13},"end":{"line":50,"column":14}},"loc":{"start":{"line":50,"column":22},"end":{"line":52,"column":7}},"line":50}},"branchMap":{},"s":{"0":1,"1":1,"2":1,"3":1,"4":1,"5":1,"6":1,"7":2,"8":1,"9":1,"10":1,"11":2,"12":1,"13":1,"14":1},"f":{"0":1,"1":1,"2":2,"3":1,"4":1,"5":2,"6":1,"7":1},"b":{},"_coverageSchema":"43e27e138ebf9cfc5966b082cf9a028302ed4184","hash":"f2a9ada67404b257b7d310581c95d241d539e48e"}
,"D:\\Project\\bliress-frontend\\src\\store\\modules\\employees\\notification.js": {"path":"D:\\Project\\bliress-frontend\\src\\store\\modules\\employees\\notification.js","statementMap":{"0":{"start":{"line":4,"column":16},"end":{"line":4,"column":22}},"1":{"start":{"line":6,"column":13},"end":{"line":9,"column":1}},"2":{"start":{"line":11,"column":16},"end":{"line":19,"column":1}},"3":{"start":{"line":13,"column":4},"end":{"line":13,"column":31}},"4":{"start":{"line":17,"column":4},"end":{"line":17,"column":26}},"5":{"start":{"line":21,"column":18},"end":{"line":29,"column":1}},"6":{"start":{"line":23,"column":4},"end":{"line":23,"column":32}},"7":{"start":{"line":27,"column":4},"end":{"line":27,"column":27}},"8":{"start":{"line":31,"column":16},"end":{"line":79,"column":1}},"9":{"start":{"line":33,"column":4},"end":{"line":45,"column":9}},"10":{"start":{"line":40,"column":8},"end":{"line":40,"column":40}},"11":{"start":{"line":41,"column":8},"end":{"line":41,"column":39}},"12":{"start":{"line":44,"column":8},"end":{"line":44,"column":25}},"13":{"start":{"line":49,"column":4},"end":{"line":61,"column":9}},"14":{"start":{"line":56,"column":8},"end":{"line":56,"column":45}},"15":{"start":{"line":57,"column":8},"end":{"line":57,"column":39}},"16":{"start":{"line":60,"column":8},"end":{"line":60,"column":25}},"17":{"start":{"line":65,"column":4},"end":{"line":77,"column":9}},"18":{"start":{"line":72,"column":8},"end":{"line":72,"column":28}},"19":{"start":{"line":73,"column":8},"end":{"line":73,"column":39}},"20":{"start":{"line":76,"column":8},"end":{"line":76,"column":25}}},"fnMap":{"0":{"name":"(anonymous_0)","decl":{"start":{"line":12,"column":2},"end":{"line":12,"column":3}},"loc":{"start":{"line":12,"column":26},"end":{"line":14,"column":3}},"line":12},"1":{"name":"(anonymous_1)","decl":{"start":{"line":16,"column":2},"end":{"line":16,"column":3}},"loc":{"start":{"line":16,"column":22},"end":{"line":18,"column":3}},"line":16},"2":{"name":"(anonymous_2)","decl":{"start":{"line":22,"column":2},"end":{"line":22,"column":3}},"loc":{"start":{"line":22,"column":33},"end":{"line":24,"column":3}},"line":22},"3":{"name":"(anonymous_3)","decl":{"start":{"line":26,"column":2},"end":{"line":26,"column":3}},"loc":{"start":{"line":26,"column":28},"end":{"line":28,"column":3}},"line":26},"4":{"name":"(anonymous_4)","decl":{"start":{"line":32,"column":2},"end":{"line":32,"column":3}},"loc":{"start":{"line":32,"column":39},"end":{"line":46,"column":3}},"line":32},"5":{"name":"(anonymous_5)","decl":{"start":{"line":39,"column":12},"end":{"line":39,"column":13}},"loc":{"start":{"line":39,"column":21},"end":{"line":42,"column":7}},"line":39},"6":{"name":"(anonymous_6)","decl":{"start":{"line":43,"column":13},"end":{"line":43,"column":14}},"loc":{"start":{"line":43,"column":22},"end":{"line":45,"column":7}},"line":43},"7":{"name":"(anonymous_7)","decl":{"start":{"line":48,"column":2},"end":{"line":48,"column":3}},"loc":{"start":{"line":48,"column":40},"end":{"line":62,"column":3}},"line":48},"8":{"name":"(anonymous_8)","decl":{"start":{"line":55,"column":12},"end":{"line":55,"column":13}},"loc":{"start":{"line":55,"column":21},"end":{"line":58,"column":7}},"line":55},"9":{"name":"(anonymous_9)","decl":{"start":{"line":59,"column":13},"end":{"line":59,"column":14}},"loc":{"start":{"line":59,"column":22},"end":{"line":61,"column":7}},"line":59},"10":{"name":"(anonymous_10)","decl":{"start":{"line":64,"column":2},"end":{"line":64,"column":3}},"loc":{"start":{"line":64,"column":41},"end":{"line":78,"column":3}},"line":64},"11":{"name":"(anonymous_11)","decl":{"start":{"line":71,"column":12},"end":{"line":71,"column":13}},"loc":{"start":{"line":71,"column":21},"end":{"line":74,"column":7}},"line":71},"12":{"name":"(anonymous_12)","decl":{"start":{"line":75,"column":13},"end":{"line":75,"column":14}},"loc":{"start":{"line":75,"column":22},"end":{"line":77,"column":7}},"line":75}},"branchMap":{},"s":{"0":1,"1":1,"2":1,"3":1,"4":1,"5":1,"6":1,"7":1,"8":1,"9":2,"10":1,"11":1,"12":1,"13":2,"14":1,"15":1,"16":1,"17":2,"18":1,"19":1,"20":1},"f":{"0":1,"1":1,"2":1,"3":1,"4":2,"5":1,"6":1,"7":2,"8":1,"9":1,"10":2,"11":1,"12":1},"b":{},"_coverageSchema":"43e27e138ebf9cfc5966b082cf9a028302ed4184","hash":"3c8e623407f3e7a7385d23145aa258c65e785ae3"}
,"D:\\Project\\bliress-frontend\\src\\store\\modules\\employees\\test.js": {"path":"D:\\Project\\bliress-frontend\\src\\store\\modules\\employees\\test.js","statementMap":{"0":{"start":{"line":4,"column":16},"end":{"line":4,"column":22}},"1":{"start":{"line":6,"column":13},"end":{"line":10,"column":1}},"2":{"start":{"line":12,"column":16},"end":{"line":24,"column":1}},"3":{"start":{"line":14,"column":4},"end":{"line":14,"column":23}},"4":{"start":{"line":18,"column":4},"end":{"line":18,"column":27}},"5":{"start":{"line":22,"column":4},"end":{"line":22,"column":27}},"6":{"start":{"line":26,"column":18},"end":{"line":38,"column":1}},"7":{"start":{"line":28,"column":4},"end":{"line":28,"column":24}},"8":{"start":{"line":32,"column":4},"end":{"line":32,"column":28}},"9":{"start":{"line":36,"column":4},"end":{"line":36,"column":28}},"10":{"start":{"line":40,"column":16},"end":{"line":104,"column":1}},"11":{"start":{"line":42,"column":4},"end":{"line":54,"column":9}},"12":{"start":{"line":49,"column":8},"end":{"line":49,"column":37}},"13":{"start":{"line":50,"column":8},"end":{"line":50,"column":39}},"14":{"start":{"line":53,"column":8},"end":{"line":53,"column":25}},"15":{"start":{"line":58,"column":4},"end":{"line":70,"column":9}},"16":{"start":{"line":65,"column":8},"end":{"line":65,"column":41}},"17":{"start":{"line":66,"column":8},"end":{"line":66,"column":39}},"18":{"start":{"line":69,"column":8},"end":{"line":69,"column":25}},"19":{"start":{"line":74,"column":4},"end":{"line":86,"column":9}},"20":{"start":{"line":81,"column":8},"end":{"line":81,"column":41}},"21":{"start":{"line":82,"column":8},"end":{"line":82,"column":39}},"22":{"start":{"line":85,"column":8},"end":{"line":85,"column":25}},"23":{"start":{"line":90,"column":4},"end":{"line":102,"column":9}},"24":{"start":{"line":97,"column":8},"end":{"line":97,"column":28}},"25":{"start":{"line":98,"column":8},"end":{"line":98,"column":39}},"26":{"start":{"line":101,"column":8},"end":{"line":101,"column":25}}},"fnMap":{"0":{"name":"(anonymous_0)","decl":{"start":{"line":13,"column":2},"end":{"line":13,"column":3}},"loc":{"start":{"line":13,"column":18},"end":{"line":15,"column":3}},"line":13},"1":{"name":"(anonymous_1)","decl":{"start":{"line":17,"column":2},"end":{"line":17,"column":3}},"loc":{"start":{"line":17,"column":22},"end":{"line":19,"column":3}},"line":17},"2":{"name":"(anonymous_2)","decl":{"start":{"line":21,"column":2},"end":{"line":21,"column":3}},"loc":{"start":{"line":21,"column":22},"end":{"line":23,"column":3}},"line":21},"3":{"name":"(anonymous_3)","decl":{"start":{"line":27,"column":2},"end":{"line":27,"column":3}},"loc":{"start":{"line":27,"column":25},"end":{"line":29,"column":3}},"line":27},"4":{"name":"(anonymous_4)","decl":{"start":{"line":31,"column":2},"end":{"line":31,"column":3}},"loc":{"start":{"line":31,"column":29},"end":{"line":33,"column":3}},"line":31},"5":{"name":"(anonymous_5)","decl":{"start":{"line":35,"column":2},"end":{"line":35,"column":3}},"loc":{"start":{"line":35,"column":29},"end":{"line":37,"column":3}},"line":35},"6":{"name":"(anonymous_6)","decl":{"start":{"line":41,"column":2},"end":{"line":41,"column":3}},"loc":{"start":{"line":41,"column":32},"end":{"line":55,"column":3}},"line":41},"7":{"name":"(anonymous_7)","decl":{"start":{"line":48,"column":12},"end":{"line":48,"column":13}},"loc":{"start":{"line":48,"column":21},"end":{"line":51,"column":7}},"line":48},"8":{"name":"(anonymous_8)","decl":{"start":{"line":52,"column":13},"end":{"line":52,"column":14}},"loc":{"start":{"line":52,"column":22},"end":{"line":54,"column":7}},"line":52},"9":{"name":"(anonymous_9)","decl":{"start":{"line":57,"column":2},"end":{"line":57,"column":3}},"loc":{"start":{"line":57,"column":36},"end":{"line":71,"column":3}},"line":57},"10":{"name":"(anonymous_10)","decl":{"start":{"line":64,"column":12},"end":{"line":64,"column":13}},"loc":{"start":{"line":64,"column":21},"end":{"line":67,"column":7}},"line":64},"11":{"name":"(anonymous_11)","decl":{"start":{"line":68,"column":13},"end":{"line":68,"column":14}},"loc":{"start":{"line":68,"column":22},"end":{"line":70,"column":7}},"line":68},"12":{"name":"(anonymous_12)","decl":{"start":{"line":73,"column":2},"end":{"line":73,"column":3}},"loc":{"start":{"line":73,"column":36},"end":{"line":87,"column":3}},"line":73},"13":{"name":"(anonymous_13)","decl":{"start":{"line":80,"column":12},"end":{"line":80,"column":13}},"loc":{"start":{"line":80,"column":21},"end":{"line":83,"column":7}},"line":80},"14":{"name":"(anonymous_14)","decl":{"start":{"line":84,"column":13},"end":{"line":84,"column":14}},"loc":{"start":{"line":84,"column":22},"end":{"line":86,"column":7}},"line":84},"15":{"name":"(anonymous_15)","decl":{"start":{"line":89,"column":2},"end":{"line":89,"column":3}},"loc":{"start":{"line":89,"column":34},"end":{"line":103,"column":3}},"line":89},"16":{"name":"(anonymous_16)","decl":{"start":{"line":96,"column":12},"end":{"line":96,"column":13}},"loc":{"start":{"line":96,"column":21},"end":{"line":99,"column":7}},"line":96},"17":{"name":"(anonymous_17)","decl":{"start":{"line":100,"column":13},"end":{"line":100,"column":14}},"loc":{"start":{"line":100,"column":22},"end":{"line":102,"column":7}},"line":100}},"branchMap":{},"s":{"0":1,"1":1,"2":1,"3":1,"4":1,"5":1,"6":1,"7":1,"8":1,"9":1,"10":1,"11":2,"12":1,"13":1,"14":1,"15":2,"16":1,"17":1,"18":1,"19":2,"20":1,"21":1,"22":1,"23":2,"24":1,"25":1,"26":1},"f":{"0":1,"1":1,"2":1,"3":1,"4":1,"5":1,"6":2,"7":1,"8":1,"9":2,"10":1,"11":1,"12":2,"13":1,"14":1,"15":2,"16":1,"17":1},"b":{},"_coverageSchema":"43e27e138ebf9cfc5966b082cf9a028302ed4184","hash":"c7ea92a7611f57b364a3f01acfa5a199f442f180"}
,"D:\\Project\\bliress-frontend\\src\\store\\modules\\employees\\training.js": {"path":"D:\\Project\\bliress-frontend\\src\\store\\modules\\employees\\training.js","statementMap":{"0":{"start":{"line":4,"column":16},"end":{"line":4,"column":22}},"1":{"start":{"line":6,"column":13},"end":{"line":10,"column":1}},"2":{"start":{"line":12,"column":16},"end":{"line":24,"column":1}},"3":{"start":{"line":14,"column":4},"end":{"line":14,"column":27}},"4":{"start":{"line":18,"column":4},"end":{"line":18,"column":28}},"5":{"start":{"line":22,"column":4},"end":{"line":22,"column":28}},"6":{"start":{"line":26,"column":18},"end":{"line":38,"column":1}},"7":{"start":{"line":28,"column":4},"end":{"line":28,"column":28}},"8":{"start":{"line":32,"column":4},"end":{"line":32,"column":29}},"9":{"start":{"line":36,"column":4},"end":{"line":36,"column":29}},"10":{"start":{"line":40,"column":16},"end":{"line":100,"column":1}},"11":{"start":{"line":42,"column":4},"end":{"line":58,"column":9}},"12":{"start":{"line":53,"column":8},"end":{"line":53,"column":41}},"13":{"start":{"line":54,"column":8},"end":{"line":54,"column":39}},"14":{"start":{"line":57,"column":8},"end":{"line":57,"column":25}},"15":{"start":{"line":62,"column":4},"end":{"line":78,"column":9}},"16":{"start":{"line":73,"column":8},"end":{"line":73,"column":42}},"17":{"start":{"line":74,"column":8},"end":{"line":74,"column":39}},"18":{"start":{"line":77,"column":8},"end":{"line":77,"column":25}},"19":{"start":{"line":82,"column":4},"end":{"line":98,"column":9}},"20":{"start":{"line":93,"column":8},"end":{"line":93,"column":42}},"21":{"start":{"line":94,"column":8},"end":{"line":94,"column":39}},"22":{"start":{"line":97,"column":8},"end":{"line":97,"column":25}}},"fnMap":{"0":{"name":"(anonymous_0)","decl":{"start":{"line":13,"column":2},"end":{"line":13,"column":3}},"loc":{"start":{"line":13,"column":22},"end":{"line":15,"column":3}},"line":13},"1":{"name":"(anonymous_1)","decl":{"start":{"line":17,"column":2},"end":{"line":17,"column":3}},"loc":{"start":{"line":17,"column":20},"end":{"line":19,"column":3}},"line":17},"2":{"name":"(anonymous_2)","decl":{"start":{"line":21,"column":2},"end":{"line":21,"column":3}},"loc":{"start":{"line":21,"column":24},"end":{"line":23,"column":3}},"line":21},"3":{"name":"(anonymous_3)","decl":{"start":{"line":27,"column":2},"end":{"line":27,"column":3}},"loc":{"start":{"line":27,"column":29},"end":{"line":29,"column":3}},"line":27},"4":{"name":"(anonymous_4)","decl":{"start":{"line":31,"column":2},"end":{"line":31,"column":3}},"loc":{"start":{"line":31,"column":30},"end":{"line":33,"column":3}},"line":31},"5":{"name":"(anonymous_5)","decl":{"start":{"line":35,"column":2},"end":{"line":35,"column":3}},"loc":{"start":{"line":35,"column":30},"end":{"line":37,"column":3}},"line":35},"6":{"name":"(anonymous_6)","decl":{"start":{"line":41,"column":2},"end":{"line":41,"column":3}},"loc":{"start":{"line":41,"column":36},"end":{"line":59,"column":3}},"line":41},"7":{"name":"(anonymous_7)","decl":{"start":{"line":52,"column":12},"end":{"line":52,"column":13}},"loc":{"start":{"line":52,"column":21},"end":{"line":55,"column":7}},"line":52},"8":{"name":"(anonymous_8)","decl":{"start":{"line":56,"column":13},"end":{"line":56,"column":14}},"loc":{"start":{"line":56,"column":22},"end":{"line":58,"column":7}},"line":56},"9":{"name":"(anonymous_9)","decl":{"start":{"line":61,"column":2},"end":{"line":61,"column":3}},"loc":{"start":{"line":61,"column":37},"end":{"line":79,"column":3}},"line":61},"10":{"name":"(anonymous_10)","decl":{"start":{"line":72,"column":12},"end":{"line":72,"column":13}},"loc":{"start":{"line":72,"column":21},"end":{"line":75,"column":7}},"line":72},"11":{"name":"(anonymous_11)","decl":{"start":{"line":76,"column":13},"end":{"line":76,"column":14}},"loc":{"start":{"line":76,"column":22},"end":{"line":78,"column":7}},"line":76},"12":{"name":"(anonymous_12)","decl":{"start":{"line":81,"column":2},"end":{"line":81,"column":3}},"loc":{"start":{"line":81,"column":37},"end":{"line":99,"column":3}},"line":81},"13":{"name":"(anonymous_13)","decl":{"start":{"line":92,"column":12},"end":{"line":92,"column":13}},"loc":{"start":{"line":92,"column":21},"end":{"line":95,"column":7}},"line":92},"14":{"name":"(anonymous_14)","decl":{"start":{"line":96,"column":13},"end":{"line":96,"column":14}},"loc":{"start":{"line":96,"column":22},"end":{"line":98,"column":7}},"line":96}},"branchMap":{},"s":{"0":1,"1":1,"2":1,"3":1,"4":1,"5":1,"6":1,"7":1,"8":1,"9":1,"10":1,"11":2,"12":1,"13":1,"14":1,"15":2,"16":1,"17":1,"18":1,"19":2,"20":1,"21":1,"22":1},"f":{"0":1,"1":1,"2":1,"3":1,"4":1,"5":1,"6":2,"7":1,"8":1,"9":2,"10":1,"11":1,"12":2,"13":1,"14":1},"b":{},"_coverageSchema":"43e27e138ebf9cfc5966b082cf9a028302ed4184","hash":"35e2996a86a98d3ced5819d514bcd24f13bb1db6"}
,"D:\\Project\\bliress-frontend\\src\\store\\modules\\trainer\\material.js": {"path":"D:\\Project\\bliress-frontend\\src\\store\\modules\\trainer\\material.js","statementMap":{"0":{"start":{"line":4,"column":16},"end":{"line":4,"column":22}},"1":{"start":{"line":6,"column":13},"end":{"line":6,"column":15}},"2":{"start":{"line":8,"column":16},"end":{"line":8,"column":18}},"3":{"start":{"line":10,"column":18},"end":{"line":10,"column":20}},"4":{"start":{"line":12,"column":16},"end":{"line":44,"column":1}},"5":{"start":{"line":14,"column":4},"end":{"line":26,"column":9}},"6":{"start":{"line":21,"column":8},"end":{"line":21,"column":28}},"7":{"start":{"line":22,"column":8},"end":{"line":22,"column":39}},"8":{"start":{"line":25,"column":8},"end":{"line":25,"column":25}},"9":{"start":{"line":30,"column":4},"end":{"line":42,"column":9}},"10":{"start":{"line":37,"column":8},"end":{"line":37,"column":28}},"11":{"start":{"line":38,"column":8},"end":{"line":38,"column":39}},"12":{"start":{"line":41,"column":8},"end":{"line":41,"column":25}}},"fnMap":{"0":{"name":"(anonymous_0)","decl":{"start":{"line":13,"column":2},"end":{"line":13,"column":3}},"loc":{"start":{"line":13,"column":38},"end":{"line":27,"column":3}},"line":13},"1":{"name":"(anonymous_1)","decl":{"start":{"line":20,"column":12},"end":{"line":20,"column":13}},"loc":{"start":{"line":20,"column":21},"end":{"line":23,"column":7}},"line":20},"2":{"name":"(anonymous_2)","decl":{"start":{"line":24,"column":13},"end":{"line":24,"column":14}},"loc":{"start":{"line":24,"column":22},"end":{"line":26,"column":7}},"line":24},"3":{"name":"(anonymous_3)","decl":{"start":{"line":29,"column":2},"end":{"line":29,"column":3}},"loc":{"start":{"line":29,"column":36},"end":{"line":43,"column":3}},"line":29},"4":{"name":"(anonymous_4)","decl":{"start":{"line":36,"column":12},"end":{"line":36,"column":13}},"loc":{"start":{"line":36,"column":21},"end":{"line":39,"column":7}},"line":36},"5":{"name":"(anonymous_5)","decl":{"start":{"line":40,"column":13},"end":{"line":40,"column":14}},"loc":{"start":{"line":40,"column":22},"end":{"line":42,"column":7}},"line":40}},"branchMap":{},"s":{"0":1,"1":1,"2":1,"3":1,"4":1,"5":2,"6":1,"7":1,"8":1,"9":2,"10":1,"11":1,"12":1},"f":{"0":2,"1":1,"2":1,"3":2,"4":1,"5":1},"b":{},"_coverageSchema":"43e27e138ebf9cfc5966b082cf9a028302ed4184","hash":"7117ea3ad4c95c47e6756a5252f8d7edb178e2f1"}
[...]
250,"column":null}},"15":{"start":{"line":253,"column":0},"end":{"line":253,"column":null}},"16":{"start":{"line":254,"column":0},"end":{"line":254,"column":null}},"17":{"start":{"line":258,"column":0},"end":{"line":265,"column":null}},"18":{"start":{"line":259,"column":0},"end":{"line":259,"column":null}},"19":{"start":{"line":269,"column":0},"end":{"line":274,"column":null}},"20":{"start":{"line":270,"column":0},"end":{"line":270,"column":null}},"21":{"start":{"line":273,"column":0},"end":{"line":273,"column":null}},"22":{"start":{"line":278,"column":0},"end":{"line":278,"column":null}},"23":{"start":{"line":290,"column":0},"end":{"line":290,"column":null}},"24":{"start":{"line":293,"column":0},"end":{"line":293,"column":null}},"25":{"start":{"line":294,"column":0},"end":{"line":294,"column":null}}},"fnMap":{"0":{"name":"(anonymous_1)","decl":{"start":{"line":186,"column":0},"end":{"line":186,"column":null}},"loc":{"start":{"line":186,"column":0},"end":{"line":193,"column":null}}},"1":{"name":"(anonymous_2)","decl":{"start":{"line":214,"column":0},"end":{"line":214,"column":null}},"loc":{"start":{"line":214,"column":0},"end":{"line":224,"column":null}}},"2":{"name":"(anonymous_3)","decl":{"start":{"line":226,"column":0},"end":{"line":226,"column":null}},"loc":{"start":{"line":226,"column":0},"end":{"line":235,"column":null}}},"3":{"name":"(anonymous_4)","decl":{"start":{"line":227,"column":0},"end":{"line":227,"column":null}},"loc":{"start":{"line":227,"column":0},"end":{"line":234,"column":null}}},"4":{"name":"(anonymous_5)","decl":{"start":{"line":237,"column":0},"end":{"line":237,"column":null}},"loc":{"start":{"line":237,"column":0},"end":{"line":243,"column":null}}},"5":{"name":"(anonymous_6)","decl":{"start":{"line":245,"column":0},"end":{"line":245,"column":null}},"loc":{"start":{"line":245,"column":0},"end":{"line":255,"column":null}}},"6":{"name":"(anonymous_7)","decl":{"start":{"line":257,"column":0},"end":{"line":257,"column":null}},"loc":{"start":{"line":257,"column":0},"end":{"line":266,"column":null}}},"7":{"name":"(anonymous_8)","decl":{"start":{"line":258,"column":0},"end":{"line":258,"column":null}},"loc":{"start":{"line":258,"column":0},"end":{"line":265,"column":null}}},"8":{"name":"(anonymous_9)","decl":{"start":{"line":268,"column":0},"end":{"line":268,"column":null}},"loc":{"start":{"line":268,"column":0},"end":{"line":275,"column":null}}},"9":{"name":"(anonymous_10)","decl":{"start":{"line":277,"column":0},"end":{"line":277,"column":null}},"loc":{"start":{"line":277,"column":0},"end":{"line":285,"column":null}}},"10":{"name":"(anonymous_11)","decl":{"start":{"line":288,"column":0},"end":{"line":288,"column":null}},"loc":{"start":{"line":288,"column":0},"end":{"line":295,"column":null}}}},"branchMap":{"0":{"loc":{"start":{"line":238,"column":0},"end":{"line":242,"column":null}},"type":"if","locations":[{"start":{"line":238,"column":0},"end":{"line":242,"column":null}},{"start":{"line":238,"column":0},"end":{"line":242,"column":null}}]},"1":{"loc":{"start":{"line":269,"column":0},"end":{"line":274,"column":null}},"type":"if","locations":[{"start":{"line":269,"column":0},"end":{"line":274,"column":null}},{"start":{"line":269,"column":0},"end":{"line":274,"column":null}}]}},"s":{"0":2,"1":2,"2":2,"3":6,"4":7,"5":7,"6":1,"7":1,"8":6,"9":6,"10":2,"11":1,"12":1,"13":7,"14":7,"15":1,"16":1,"17":6,"18":6,"19":2,"20":1,"21":1,"22":1,"23":6,"24":6,"25":6},"f":{"0":6,"1":7,"2":6,"3":6,"4":2,"5":7,"6":6,"7":6,"8":2,"9":1,"10":6},"b":{"0":[1,1],"1":[1,1]}}
,"D:\\Project\\bliress-frontend\\src\\views\\trainer\\training\\DetailTraining.vue": {"path":"D:\\Project\\bliress-frontend\\src\\views\\trainer\\training\\DetailTraining.vue","statementMap":{"0":{"start":{"line":466,"column":0},"end":{"line":466,"column":null}},"1":{"start":{"line":467,"column":0},"end":{"line":467,"column":null}},"2":{"start":{"line":476,"column":0},"end":{"line":476,"column":null}},"3":{"start":{"line":493,"column":0},"end":{"line":493,"column":null}},"4":{"start":{"line":514,"column":0},"end":{"line":514,"column":null}},"5":{"start":{"line":517,"column":0},"end":{"line":517,"column":null}},"6":{"start":{"line":520,"column":0},"end":{"line":520,"column":null}},"7":{"start":{"line":521,"column":0},"end":{"line":521,"column":null}},"8":{"start":{"line":525,"column":0},"end":{"line":534,"column":null}},"9":{"start":{"line":526,"column":0},"end":{"line":526,"column":null}},"10":{"start":{"line":538,"column":0},"end":{"line":548,"column":null}},"11":{"start":{"line":539,"column":0},"end":{"line":539,"column":null}},"12":{"start":{"line":542,"column":0},"end":{"line":542,"column":null}},"13":{"start":{"line":543,"column":0},"end":{"line":543,"column":null}},"14":{"start":{"line":544,"column":0},"end":{"line":544,"column":null}},"15":{"start":{"line":547,"column":0},"end":{"line":547,"column":null}},"16":{"start":{"line":552,"column":0},"end":{"line":552,"column":null}},"17":{"start":{"line":562,"column":0},"end":{"line":562,"column":null}},"18":{"start":{"line":567,"column":0},"end":{"line":569,"column":null}},"19":{"start":{"line":568,"column":0},"end":{"line":568,"column":null}},"20":{"start":{"line":574,"column":0},"end":{"line":574,"column":null}},"21":{"start":{"line":577,"column":0},"end":{"line":577,"column":null}},"22":{"start":{"line":580,"column":0},"end":{"line":580,"column":null}},"23":{"start":{"line":581,"column":0},"end":{"line":581,"column":null}},"24":{"start":{"line":585,"column":0},"end":{"line":594,"column":null}},"25":{"start":{"line":586,"column":0},"end":{"line":586,"column":null}},"26":{"start":{"line":598,"column":0},"end":{"line":602,"column":null}},"27":{"start":{"line":599,"column":0},"end":{"line":599,"column":null}},"28":{"start":{"line":601,"column":0},"end":{"line":601,"column":null}},"29":{"start":{"line":608,"column":0},"end":{"line":608,"column":null}},"30":{"start":{"line":611,"column":0},"end":{"line":611,"column":null}},"31":{"start":{"line":612,"column":0},"end":{"line":612,"column":null}},"32":{"start":{"line":615,"column":0},"end":{"line":615,"column":null}}},"fnMap":{"0":{"name":"(anonymous_1)","decl":{"start":{"line":475,"column":0},"end":{"line":475,"column":null}},"loc":{"start":{"line":475,"column":0},"end":{"line":485,"column":null}}},"1":{"name":"(anonymous_2)","decl":{"start":{"line":492,"column":0},"end":{"line":492,"column":null}},"loc":{"start":{"line":492,"column":0},"end":{"line":500,"column":null}}},"2":{"name":"(anonymous_3)","decl":{"start":{"line":512,"column":0},"end":{"line":512,"column":null}},"loc":{"start":{"line":512,"column":0},"end":{"line":522,"column":null}}},"3":{"name":"(anonymous_4)","decl":{"start":{"line":524,"column":0},"end":{"line":524,"column":null}},"loc":{"start":{"line":524,"column":0},"end":{"line":535,"column":null}}},"4":{"name":"(anonymous_5)","decl":{"start":{"line":525,"column":0},"end":{"line":525,"column":null}},"loc":{"start":{"line":525,"column":0},"end":{"line":534,"column":null}}},"5":{"name":"(anonymous_6)","decl":{"start":{"line":537,"column":0},"end":{"line":537,"column":null}},"loc":{"start":{"line":537,"column":0},"end":{"line":549,"column":null}}},"6":{"name":"(anonymous_7)","decl":{"start":{"line":551,"column":0},"end":{"line":551,"column":null}},"loc":{"start":{"line":551,"column":0},"end":{"line":559,"column":null}}},"7":{"name":"(anonymous_8)","decl":{"start":{"line":561,"column":0},"end":{"line":561,"column":null}},"loc":{"start":{"line":561,"column":0},"end":{"line":570,"column":null}}},"8":{"name":"(anonymous_9)","decl":{"start":{"line":572,"column":0},"end":{"line":572,"column":null}},"loc":{"start":{"line":572,"column":0},"end":{"line":582,"column":null}}},"9":{"name":"(anonymous_10)","decl":{"start":{"line":584,"column":0},"end":{"line":584,"column":null}},"loc":{"start":{"line":584,"column":0},"end":{"line":595,"column":null}}},"10":{"name":"(anonymous_11)","decl":{"start":{"line":585,"column":0},"end":{"line":585,"column":null}},"loc":{"start":{"line":585,"column":0},"end":{"line":594,"column":null}}},"11":{"name":"(anonymous_12)","decl":{"start":{"line":597,"column":0},"end":{"line":597,"column":null}},"loc":{"start":{"line":597,"column":0},"end":{"line":603,"column":null}}},"12":{"name":"(anonymous_13)","decl":{"start":{"line":606,"column":0},"end":{"line":606,"column":null}},"loc":{"start":{"line":606,"column":0},"end":{"line":616,"column":null}}}},"branchMap":{"0":{"loc":{"start":{"line":538,"column":0},"end":{"line":548,"column":null}},"type":"if","locations":[{"start":{"line":538,"column":0},"end":{"line":548,"column":null}},{"start":{"line":538,"column":0},"end":{"line":548,"column":null}}]},"1":{"loc":{"start":{"line":567,"column":0},"end":{"line":569,"column":null}},"type":"if","locations":[{"start":{"line":567,"column":0},"end":{"line":569,"column":null}},{"start":{"line":567,"column":0},"end":{"line":569,"column":null}}]},"2":{"loc":{"start":{"line":598,"column":0},"end":{"line":602,"column":null}},"type":"if","locations":[{"start":{"line":598,"column":0},"end":{"line":602,"column":null}},{"start":{"line":598,"column":0},"end":{"line":602,"column":null}}]}},"s":{"0":2,"1":2,"2":8,"3":8,"4":9,"5":9,"6":1,"7":1,"8":8,"9":8,"10":2,"11":1,"12":1,"13":1,"14":1,"15":1,"16":1,"17":2,"18":2,"19":1,"20":1,"21":1,"22":1,"23":1,"24":1,"25":1,"26":2,"27":1,"28":1,"29":8,"30":8,"31":8,"32":8},"f":{"0":8,"1":8,"2":9,"3":8,"4":8,"5":2,"6":1,"7":2,"8":1,"9":1,"10":1,"11":2,"12":8},"b":{"0":[1,1],"1":[1,1],"2":[1,1]}}
,"D:\\Project\\bliress-frontend\\src\\views\\trainer\\training\\Qrcode.vue": {"path":"D:\\Project\\bliress-frontend\\src\\views\\trainer\\training\\Qrcode.vue","statementMap":{"0":{"start":{"line":146,"column":0},"end":{"line":146,"column":null}},"1":{"start":{"line":155,"column":0},"end":{"line":155,"column":null}},"2":{"start":{"line":163,"column":0},"end":{"line":163,"column":null}},"3":{"start":{"line":173,"column":0},"end":{"line":173,"column":null}},"4":{"start":{"line":179,"column":0},"end":{"line":179,"column":null}},"5":{"start":{"line":182,"column":0},"end":{"line":182,"column":null}},"6":{"start":{"line":183,"column":0},"end":{"line":183,"column":null}}},"fnMap":{"0":{"name":"(anonymous_1)","decl":{"start":{"line":154,"column":0},"end":{"line":154,"column":null}},"loc":{"start":{"line":154,"column":0},"end":{"line":159,"column":null}}},"1":{"name":"(anonymous_2)","decl":{"start":{"line":162,"column":0},"end":{"line":162,"column":null}},"loc":{"start":{"line":162,"column":0},"end":{"line":170,"column":null}}},"2":{"name":"(anonymous_3)","decl":{"start":{"line":172,"column":0},"end":{"line":172,"column":null}},"loc":{"start":{"line":172,"column":0},"end":{"line":174,"column":null}}},"3":{"name":"(anonymous_4)","decl":{"start":{"line":177,"column":0},"end":{"line":177,"column":null}},"loc":{"start":{"line":177,"column":0},"end":{"line":184,"column":null}}}},"branchMap":{},"s":{"0":2,"1":2,"2":2,"3":2,"4":2,"5":2,"6":2},"f":{"0":2,"1":2,"2":2,"3":2},"b":{}}
,"D:\\Project\\bliress-frontend\\src\\views\\trainer\\training\\Training.vue": {"path":"D:\\Project\\bliress-frontend\\src\\views\\trainer\\training\\Training.vue","statementMap":{"0":{"start":{"line":250,"column":0},"end":{"line":250,"column":null}},"1":{"start":{"line":251,"column":0},"end":{"line":251,"column":null}},"2":{"start":{"line":252,"column":0},"end":{"line":252,"column":null}},"3":{"start":{"line":262,"column":0},"end":{"line":262,"column":null}},"4":{"start":{"line":290,"column":0},"end":{"line":290,"column":null}},"5":{"start":{"line":293,"column":0},"end":{"line":293,"column":null}},"6":{"start":{"line":296,"column":0},"end":{"line":296,"column":null}},"7":{"start":{"line":297,"column":0},"end":{"line":297,"column":null}},"8":{"start":{"line":301,"column":0},"end":{"line":308,"column":null}},"9":{"start":{"line":302,"column":0},"end":{"line":302,"column":null}},"10":{"start":{"line":312,"column":0},"end":{"line":316,"column":null}},"11":{"start":{"line":313,"column":0},"end":{"line":313,"column":null}},"12":{"start":{"line":315,"column":0},"end":{"line":315,"column":null}},"13":{"start":{"line":321,"column":0},"end":{"line":321,"column":null}},"14":{"start":{"line":324,"column":0},"end":{"line":324,"column":null}},"15":{"start":{"line":327,"column":0},"end":{"line":327,"column":null}},"16":{"start":{"line":328,"column":0},"end":{"line":328,"column":null}},"17":{"start":{"line":332,"column":0},"end":{"line":339,"column":null}},"18":{"start":{"line":333,"column":0},"end":{"line":333,"column":null}},"19":{"start":{"line":343,"column":0},"end":{"line":348,"column":null}},"20":{"start":{"line":344,"column":0},"end":{"line":344,"column":null}},"21":{"start":{"line":347,"column":0},"end":{"line":347,"column":null}},"22":{"start":{"line":352,"column":0},"end":{"line":352,"column":null}},"23":{"start":{"line":364,"column":0},"end":{"line":364,"column":null}},"24":{"start":{"line":367,"column":0},"end":{"line":367,"column":null}},"25":{"start":{"line":368,"column":0},"end":{"line":368,"column":null}}},"fnMap":{"0":{"name":"(anonymous_1)","decl":{"start":{"line":261,"column":0},"end":{"line":261,"column":null}},"loc":{"start":{"line":261,"column":0},"end":{"line":267,"column":null}}},"1":{"name":"(anonymous_2)","decl":{"start":{"line":288,"column":0},"end":{"line":288,"column":null}},"loc":{"start":{"line":288,"column":0},"end":{"line":298,"column":null}}},"2":{"name":"(anonymous_3)","decl":{"start":{"line":300,"column":0},"end":{"line":300,"column":null}},"loc":{"start":{"line":300,"column":0},"end":{"line":309,"column":null}}},"3":{"name":"(anonymous_4)","decl":{"start":{"line":301,"column":0},"end":{"line":301,"column":null}},"loc":{"start":{"line":301,"column":0},"end":{"line":308,"column":null}}},"4":{"name":"(anonymous_5)","decl":{"start":{"line":311,"column":0},"end":{"line":311,"column":null}},"loc":{"start":{"line":311,"column":0},"end":{"line":317,"column":null}}},"5":{"name":"(anonymous_6)","decl":{"start":{"line":319,"column":0},"end":{"line":319,"column":null}},"loc":{"start":{"line":319,"column":0},"end":{"line":329,"column":null}}},"6":{"name":"(anonymous_7)","decl":{"start":{"line":331,"column":0},"end":{"line":331,"column":null}},"loc":{"start":{"line":331,"column":0},"end":{"line":340,"column":null}}},"7":{"name":"(anonymous_8)","decl":{"start":{"line":332,"column":0},"end":{"line":332,"column":null}},"loc":{"start":{"line":332,"column":0},"end":{"line":339,"column":null}}},"8":{"name":"(anonymous_9)","decl":{"start":{"line":342,"column":0},"end":{"line":342,"column":null}},"loc":{"start":{"line":342,"column":0},"end":{"line":349,"column":null}}},"9":{"name":"(anonymous_10)","decl":{"start":{"line":351,"column":0},"end":{"line":351,"column":null}},"loc":{"start":{"line":351,"column":0},"end":{"line":359,"column":null}}},"10":{"name":"(anonymous_11)","decl":{"start":{"line":362,"column":0},"end":{"line":362,"column":null}},"loc":{"start":{"line":362,"column":0},"end":{"line":369,"column":null}}}},"branchMap":{"0":{"loc":{"start":{"line":312,"column":0},"end":{"line":316,"column":null}},"type":"if","locations":[{"start":{"line":312,"column":0},"end":{"line":316,"column":null}},{"start":{"line":312,"column":0},"end":{"line":316,"column":null}}]},"1":{"loc":{"start":{"line":343,"column":0},"end":{"line":348,"column":null}},"type":"if","locations":[{"start":{"line":343,"column":0},"end":{"line":348,"column":null}},{"start":{"line":343,"column":0},"end":{"line":348,"column":null}}]}},"s":{"0":3,"1":3,"2":3,"3":6,"4":7,"5":7,"6":1,"7":1,"8":6,"9":6,"10":2,"11":1,"12":1,"13":7,"14":7,"15":1,"16":1,"17":6,"18":6,"19":2,"20":1,"21":1,"22":1,"23":6,"24":6,"25":6},"f":{"0":6,"1":7,"2":6,"3":6,"4":2,"5":7,"6":6,"7":6,"8":2,"9":1,"10":6},"b":{"0":[1,1],"1":[1,1]}}
,"D:\\Project\\bliress-frontend\\src\\views\\trainer\\training\\UploadMaterial.vue": {"path":"D:\\Project\\bliress-frontend\\src\\views\\trainer\\training\\UploadMaterial.vue","statementMap":{"0":{"start":{"line":288,"column":0},"end":{"line":288,"column":null}},"1":{"start":{"line":289,"column":0},"end":{"line":289,"column":null}},"2":{"start":{"line":298,"column":0},"end":{"line":298,"column":null}},"3":{"start":{"line":312,"column":0},"end":{"line":312,"column":null}},"4":{"start":{"line":328,"column":0},"end":{"line":328,"column":null}},"5":{"start":{"line":329,"column":0},"end":{"line":329,"column":null}},"6":{"start":{"line":333,"column":0},"end":{"line":337,"column":null}},"7":{"start":{"line":334,"column":0},"end":{"line":334,"column":null}},"8":{"start":{"line":336,"column":0},"end":{"line":336,"column":null}},"9":{"start":{"line":342,"column":0},"end":{"line":342,"column":null}},"10":{"start":{"line":345,"column":0},"end":{"line":345,"column":null}},"11":{"start":{"line":348,"column":0},"end":{"line":348,"column":null}},"12":{"start":{"line":349,"column":0},"end":{"line":349,"column":null}},"13":{"start":{"line":353,"column":0},"end":{"line":362,"column":null}},"14":{"start":{"line":354,"column":0},"end":{"line":354,"column":null}},"15":{"start":{"line":366,"column":0},"end":{"line":370,"column":null}},"16":{"start":{"line":367,"column":0},"end":{"line":367,"column":null}},"17":{"start":{"line":369,"column":0},"end":{"line":369,"column":null}},"18":{"start":{"line":376,"column":0},"end":{"line":376,"column":null}},"19":{"start":{"line":379,"column":0},"end":{"line":379,"column":null}},"20":{"start":{"line":380,"column":0},"end":{"line":380,"column":null}}},"fnMap":{"0":{"name":"(anonymous_1)","decl":{"start":{"line":297,"column":0},"end":{"line":297,"column":null}},"loc":{"start":{"line":297,"column":0},"end":{"line":308,"column":null}}},"1":{"name":"(anonymous_2)","decl":{"start":{"line":311,"column":0},"end":{"line":311,"column":null}},"loc":{"start":{"line":311,"column":0},"end":{"line":319,"column":null}}},"2":{"name":"(anonymous_3)","decl":{"start":{"line":327,"column":0},"end":{"line":327,"column":null}},"loc":{"start":{"line":327,"column":0},"end":{"line":330,"column":null}}},"3":{"name":"(anonymous_4)","decl":{"start":{"line":332,"column":0},"end":{"line":332,"column":null}},"loc":{"start":{"line":332,"column":0},"end":{"line":338,"column":null}}},"4":{"name":"(anonymous_5)","decl":{"start":{"line":340,"column":0},"end":{"line":340,"column":null}},"loc":{"start":{"line":340,"column":0},"end":{"line":350,"column":null}}},"5":{"name":"(anonymous_6)","decl":{"start":{"line":352,"column":0},"end":{"line":352,"column":null}},"loc":{"start":{"line":352,"column":0},"end":{"line":363,"column":null}}},"6":{"name":"(anonymous_7)","decl":{"start":{"line":353,"column":0},"end":{"line":353,"column":null}},"loc":{"start":{"line":353,"column":0},"end":{"line":362,"column":null}}},"7":{"name":"(anonymous_8)","decl":{"start":{"line":365,"column":0},"end":{"line":365,"column":null}},"loc":{"start":{"line":365,"column":0},"end":{"line":371,"column":null}}},"8":{"name":"(anonymous_9)","decl":{"start":{"line":374,"column":0},"end":{"line":374,"column":null}},"loc":{"start":{"line":374,"column":0},"end":{"line":381,"column":null}}}},"branchMap":{"0":{"loc":{"start":{"line":333,"column":0},"end":{"line":337,"column":null}},"type":"if","locations":[{"start":{"line":333,"column":0},"end":{"line":337,"column":null}},{"start":{"line":333,"column":0},"end":{"line":337,"column":null}}]},"1":{"loc":{"start":{"line":333,"column":0},"end":{"line":333,"column":null}},"type":"binary-expr","locations":[{"start":{"line":333,"column":0},"end":{"line":333,"column":null}},{"start":{"line":333,"column":0},"end":{"line":333,"column":null}}]},"2":{"loc":{"start":{"line":366,"column":0},"end":{"line":370,"column":null}},"type":"if","locations":[{"start":{"line":366,"column":0},"end":{"line":370,"column":null}},{"start":{"line":366,"column":0},"end":{"line":370,"column":null}}]}},"s":{"0":2,"1":2,"2":7,"3":7,"4":1,"5":1,"6":2,"7":1,"8":1,"9":1,"10":1,"11":1,"12":1,"13":1,"14":1,"15":2,"16":1,"17":1,"18":7,"19":7,"20":7},"f":{"0":7,"1":7,"2":1,"3":2,"4":1,"5":1,"6":1,"7":2,"8":7},"b":{"0":[1,1],"1":[2,1],"2":[1,1]}}
}
