{"D:\\Project\\bliress-frontend\\src\\components\\admin\\MenuBar.vue": {"path":"D:\\Project\\bliress-frontend\\src\\components\\admin\\MenuBar.vue","statementMap":{"0":{"start":{"line":138,"column":0},"end":{"line":138,"column":null}},"1":{"start":{"line":139,"column":0},"end":{"line":139,"column":null}}},"fnMap":{"0":{"name":"(anonymous_1)","decl":{"start":{"line":137,"column":0},"end":{"line":137,"column":null}},"loc":{"start":{"line":137,"column":0},"end":{"line":140,"column":null}}}},"branchMap":{},"s":{"0":1,"1":1},"f":{"0":1},"b":{}}
,"D:\\Project\\bliress-frontend\\src\\components\\trainer\\MenuBar.vue": {"path":"D:\\Project\\bliress-frontend\\src\\components\\trainer\\MenuBar.vue","statementMap":{"0":{"start":{"line":132,"column":0},"end":{"line":132,"column":null}},"1":{"start":{"line":133,"column":0},"end":{"line":133,"column":null}}},"fnMap":{"0":{"name":"(anonymous_1)","decl":{"start":{"line":131,"column":0},"end":{"line":131,"column":null}},"loc":{"start":{"line":131,"column":0},"end":{"line":134,"column":null}}}},"branchMap":{},"s":{"0":1,"1":1},"f":{"0":1},"b":{}}
,"D:\\Project\\bliress-frontend\\src\\function\\index.js": {"path":"D:\\Project\\bliress-frontend\\src\\function\\index.js","statementMap":{"0":{"start":{"line":7,"column":4},"end":{"line":11,"column":5}},"1":{"start":{"line":8,"column":6},"end":{"line":8,"column":37}},"2":{"start":{"line":9,"column":11},"end":{"line":11,"column":5}},"3":{"start":{"line":10,"column":6},"end":{"line":10,"column":20}},"4":{"start":{"line":15,"column":4},"end":{"line":23,"column":7}},"5":{"start":{"line":24,"column":4},"end":{"line":24,"column":23}},"6":{"start":{"line":28,"column":4},"end":{"line":35,"column":7}},"7":{"start":{"line":39,"column":4},"end":{"line":46,"column":7}},"8":{"start":{"line":50,"column":4},"end":{"line":56,"column":7}},"9":{"start":{"line":58,"column":15},"end":{"line":58,"column":17}},"10":{"start":{"line":59,"column":16},"end":{"line":59,"column":20}},"11":{"start":{"line":60,"column":4},"end":{"line":76,"column":5}},"12":{"start":{"line":62,"column":8},"end":{"line":62,"column":26}},"13":{"start":{"line":63,"column":8},"end":{"line":63,"column":14}},"14":{"start":{"line":66,"column":8},"end":{"line":66,"column":28}},"15":{"start":{"line":67,"column":8},"end":{"line":67,"column":14}},"16":{"start":{"line":70,"column":8},"end":{"line":70,"column":33}},"17":{"start":{"line":71,"column":8},"end":{"line":71,"column":14}},"18":{"start":{"line":74,"column":8},"end":{"line":74,"column":22}},"19":{"start":{"line":75,"column":8},"end":{"line":75,"column":14}},"20":{"start":{"line":78,"column":4},"end":{"line":80,"column":5}},"21":{"start":{"line":79,"column":6},"end":{"line":79,"column":28}},"22":{"start":{"line":84,"column":20},"end":{"line":94,"column":6}},"23":{"start":{"line":96,"column":4},"end":{"line":96,"column":19}}},"fnMap":{"0":{"name":"(anonymous_0)","decl":{"start":{"line":6,"column":12},"end":{"line":6,"column":13}},"loc":{"start":{"line":6,"column":22},"end":{"line":12,"column":3}},"line":6},"1":{"name":"(anonymous_1)","decl":{"start":{"line":14,"column":20},"end":{"line":14,"column":21}},"loc":{"start":{"line":14,"column":49},"end":{"line":25,"column":3}},"line":14},"2":{"name":"(anonymous_2)","decl":{"start":{"line":27,"column":23},"end":{"line":27,"column":24}},"loc":{"start":{"line":27,"column":29},"end":{"line":36,"column":3}},"line":27},"3":{"name":"(anonymous_3)","decl":{"start":{"line":38,"column":14},"end":{"line":38,"column":15}},"loc":{"start":{"line":38,"column":30},"end":{"line":47,"column":3}},"line":38},"4":{"name":"(anonymous_4)","decl":{"start":{"line":49,"column":20},"end":{"line":49,"column":21}},"loc":{"start":{"line":49,"column":32},"end":{"line":81,"column":3}},"line":49},"5":{"name":"(anonymous_5)","decl":{"start":{"line":83,"column":22},"end":{"line":83,"column":23}},"loc":{"start":{"line":83,"column":39},"end":{"line":97,"column":3}},"line":83}},"branchMap":{"0":{"loc":{"start":{"line":7,"column":4},"end":{"line":11,"column":5}},"type":"if","locations":[{"start":{"line":7,"column":4},"end":{"line":11,"column":5}},{"start":{"line":7,"column":4},"end":{"line":11,"column":5}}],"line":7},"1":{"loc":{"start":{"line":9,"column":11},"end":{"line":11,"column":5}},"type":"if","locations":[{"start":{"line":9,"column":11},"end":{"line":11,"column":5}},{"start":{"line":9,"column":11},"end":{"line":11,"column":5}}],"line":9},"2":{"loc":{"start":{"line":60,"column":4},"end":{"line":76,"column":5}},"type":"switch","locations":[{"start":{"line":61,"column":6},"end":{"line":63,"column":14}},{"start":{"line":65,"column":6},"end":{"line":67,"column":14}},{"start":{"line":69,"column":6},"end":{"line":71,"column":14}},{"start":{"line":73,"column":6},"end":{"line":75,"column":14}}],"line":60},"3":{"loc":{"start":{"line":78,"column":4},"end":{"line":80,"column":5}},"type":"if","locations":[{"start":{"line":78,"column":4},"end":{"line":80,"column":5}},{"start":{"line":78,"column":4},"end":{"line":80,"column":5}}],"line":78}},"s":{"0":3,"1":1,"2":2,"3":1,"4":1,"5":1,"6":1,"7":1,"8":4,"9":4,"10":4,"11":4,"12":1,"13":1,"14":1,"15":1,"16":1,"17":1,"18":1,"19":1,"20":4,"21":3,"22":1,"23":1},"f":{"0":3,"1":1,"2":1,"3":1,"4":4,"5":1},"b":{"0":[1,2],"1":[1,1],"2":[1,1,1,1],"3":[3,1]},"_coverageSchema":"43e27e138ebf9cfc5966b082cf9a028302ed4184","hash":"46be5a92bffc065a83c5bd0d82176fb3f154d0fa"}
,"D:\\Project\\bliress-frontend\\src\\router\\index.js": {"path":"D:\\Project\\bliress-frontend\\src\\router\\index.js","statementMap":{"0":{"start":{"line":5,"column":0},"end":{"line":5,"column":19}},"1":{"start":{"line":7,"column":15},"end":{"line":228,"column":1}},"2":{"start":{"line":11,"column":21},"end":{"line":11,"column":49}},"3":{"start":{"line":16,"column":21},"end":{"line":16,"column":70}},"4":{"start":{"line":21,"column":21},"end":{"line":21,"column":76}},"5":{"start":{"line":26,"column":21},"end":{"line":26,"column":75}},"6":{"start":{"line":31,"column":21},"end":{"line":31,"column":68}},"7":{"start":{"line":36,"column":21},"end":{"line":36,"column":78}},"8":{"start":{"line":41,"column":21},"end":{"line":41,"column":62}},"9":{"start":{"line":46,"column":21},"end":{"line":46,"column":68}},"10":{"start":{"line":51,"column":21},"end":{"line":51,"column":66}},"11":{"start":{"line":56,"column":21},"end":{"line":56,"column":61}},"12":{"start":{"line":61,"column":21},"end":{"line":61,"column":67}},"13":{"start":{"line":66,"column":21},"end":{"line":66,"column":64}},"14":{"start":{"line":71,"column":21},"end":{"line":71,"column":66}},"15":{"start":{"line":76,"column":21},"end":{"line":76,"column":62}},"16":{"start":{"line":81,"column":21},"end":{"line":81,"column":68}},"17":{"start":{"line":86,"column":21},"end":{"line":86,"column":70}},"18":{"start":{"line":91,"column":21},"end":{"line":91,"column":67}},"19":{"start":{"line":96,"column":21},"end":{"line":96,"column":67}},"20":{"start":{"line":101,"column":21},"end":{"line":101,"column":64}},"21":{"start":{"line":111,"column":21},"end":{"line":111,"column":59}},"22":{"start":{"line":116,"column":21},"end":{"line":116,"column":65}},"23":{"start":{"line":121,"column":21},"end":{"line":121,"column":65}},"24":{"start":{"line":126,"column":21},"end":{"line":126,"column":62}},"25":{"start":{"line":131,"column":21},"end":{"line":131,"column":62}},"26":{"start":{"line":136,"column":21},"end":{"line":136,"column":75}},"27":{"start":{"line":141,"column":21},"end":{"line":141,"column":78}},"28":{"start":{"line":146,"column":21},"end":{"line":146,"column":61}},"29":{"start":{"line":151,"column":21},"end":{"line":151,"column":73}},"30":{"start":{"line":156,"column":21},"end":{"line":156,"column":79}},"31":{"start":{"line":161,"column":21},"end":{"line":161,"column":79}},"32":{"start":{"line":166,"column":21},"end":{"line":166,"column":71}},"33":{"start":{"line":171,"column":21},"end":{"line":171,"column":77}},"34":{"start":{"line":176,"column":21},"end":{"line":176,"column":77}},"35":{"start":{"line":181,"column":21},"end":{"line":181,"column":69}},"36":{"start":{"line":186,"column":21},"end":{"line":186,"column":75}},"37":{"start":{"line":191,"column":21},"end":{"line":191,"column":67}},"38":{"start":{"line":196,"column":21},"end":{"line":196,"column":75}},"39":{"start":{"line":201,"column":21},"end":{"line":201,"column":61}},"40":{"start":{"line":206,"column":21},"end":{"line":206,"column":67}},"41":{"start":{"line":211,"column":21},"end":{"line":211,"column":67}},"42":{"start":{"line":216,"column":21},"end":{"line":216,"column":64}},"43":{"start":{"line":221,"column":21},"end":{"line":221,"column":64}},"44":{"start":{"line":226,"column":21},"end":{"line":226,"column":77}},"45":{"start":{"line":230,"column":15},"end":{"line":240,"column":2}},"46":{"start":{"line":235,"column":4},"end":{"line":237,"column":5}},"47":{"start":{"line":236,"column":6},"end":{"line":236,"column":27}},"48":{"start":{"line":238,"column":4},"end":{"line":238,"column":26}},"49":{"start":{"line":242,"column":0},"end":{"line":247,"column":3}},"50":{"start":{"line":243,"column":2},"end":{"line":245,"column":3}},"51":{"start":{"line":244,"column":4},"end":{"line":244,"column":22}},"52":{"start":{"line":246,"column":2},"end":{"line":246,"column":9}},"53":{"start":{"line":249,"column":0},"end":{"line":251,"column":3}},"54":{"start":{"line":250,"column":2},"end":{"line":250,"column":19}}},"fnMap":{"0":{"name":"(anonymous_0)","decl":{"start":{"line":11,"column":15},"end":{"line":11,"column":16}},"loc":{"start":{"line":11,"column":21},"end":{"line":11,"column":49}},"line":11},"1":{"name":"(anonymous_1)","decl":{"start":{"line":16,"column":15},"end":{"line":16,"column":16}},"loc":{"start":{"line":16,"column":21},"end":{"line":16,"column":70}},"line":16},"2":{"name":"(anonymous_2)","decl":{"start":{"line":21,"column":15},"end":{"line":21,"column":16}},"loc":{"start":{"line":21,"column":21},"end":{"line":21,"column":76}},"line":21},"3":{"name":"(anonymous_3)","decl":{"start":{"line":26,"column":15},"end":{"line":26,"column":16}},"loc":{"start":{"line":26,"column":21},"end":{"line":26,"column":75}},"line":26},"4":{"name":"(anonymous_4)","decl":{"start":{"line":31,"column":15},"end":{"line":31,"column":16}},"loc":{"start":{"line":31,"column":21},"end":{"line":31,"column":68}},"line":31},"5":{"name":"(anonymous_5)","decl":{"start":{"line":36,"column":15},"end":{"line":36,"column":16}},"loc":{"start":{"line":36,"column":21},"end":{"line":36,"column":78}},"line":36},"6":{"name":"(anonymous_6)","decl":{"start":{"line":41,"column":15},"end":{"line":41,"column":16}},"loc":{"start":{"line":41,"column":21},"end":{"line":41,"column":62}},"line":41},"7":{"name":"(anonymous_7)","decl":{"start":{"line":46,"column":15},"end":{"line":46,"column":16}},"loc":{"start":{"line":46,"column":21},"end":{"line":46,"column":68}},"line":46},"8":{"name":"(anonymous_8)","decl":{"start":{"line":51,"column":15},"end":{"line":51,"column":16}},"loc":{"start":{"line":51,"column":21},"end":{"line":51,"column":66}},"line":51},"9":{"name":"(anonymous_9)","decl":{"start":{"line":56,"column":15},"end":{"line":56,"column":16}},"loc":{"start":{"line":56,"column":21},"end":{"line":56,"column":61}},"line":56},"10":{"name":"(anonymous_10)","decl":{"start":{"line":61,"column":15},"end":{"line":61,"column":16}},"loc":{"start":{"line":61,"column":21},"end":{"line":61,"column":67}},"line":61},"11":{"name":"(anonymous_11)","decl":{"start":{"line":66,"column":15},"end":{"line":66,"column":16}},"loc":{"start":{"line":66,"column":21},"end":{"line":66,"column":64}},"line":66},"12":{"name":"(anonymous_12)","decl":{"start":{"line":71,"column":15},"end":{"line":71,"column":16}},"loc":{"start":{"line":71,"column":21},"end":{"line":71,"column":66}},"line":71},"13":{"name":"(anonymous_13)","decl":{"start":{"line":76,"column":15},"end":{"line":76,"column":16}},"loc":{"start":{"line":76,"column":21},"end":{"line":76,"column":62}},"line":76},"14":{"name":"(anonymous_14)","decl":{"start":{"line":81,"column":15},"end":{"line":81,"column":16}},"loc":{"start":{"line":81,"column":21},"end":{"line":81,"column":68}},"line":81},"15":{"name":"(anonymous_15)","decl":{"start":{"line":86,"column":15},"end":{"line":86,"column":16}},"loc":{"start":{"line":86,"column":21},"end":{"line":86,"column":70}},"line":86},"16":{"name":"(anonymous_16)","decl":{"start":{"line":91,"column":15},"end":{"line":91,"column":16}},"loc":{"start":{"line":91,"column":21},"end":{"line":91,"column":67}},"line":91},"17":{"name":"(anonymous_17)","decl":{"start":{"line":96,"column":15},"end":{"line":96,"column":16}},"loc":{"start":{"line":96,"column":21},"end":{"line":96,"column":67}},"line":96},"18":{"name":"(anonymous_18)","decl":{"start":{"line":101,"column":15},"end":{"line":101,"column":16}},"loc":{"start":{"line":101,"column":21},"end":{"line":101,"column":64}},"line":101},"19":{"name":"(anonymous_19)","decl":{"start":{"line":111,"column":15},"end":{"line":111,"column":16}},"loc":{"start":{"line":111,"column":21},"end":{"line":111,"column":59}},"line":111},"20":{"name":"(anonymous_20)","decl":{"start":{"line":116,"column":15},"end":{"line":116,"column":16}},"loc":{"start":{"line":116,"column":21},"end":{"line":116,"column":65}},"line":116},"21":{"name":"(anonymous_21)","decl":{"start":{"line":121,"column":15},"end":{"line":121,"column":16}},"loc":{"start":{"line":121,"column":21},"end":{"line":121,"column":65}},"line":121},"22":{"name":"(anonymous_22)","decl":{"start":{"line":126,"column":15},"end":{"line":126,"column":16}},"loc":{"start":{"line":126,"column":21},"end":{"line":126,"column":62}},"line":126},"23":{"name":"(anonymous_23)","decl":{"start":{"line":131,"column":15},"end":{"line":131,"column":16}},"loc":{"start":{"line":131,"column":21},"end":{"line":131,"column":62}},"line":131},"24":{"name":"(anonymous_24)","decl":{"start":{"line":136,"column":15},"end":{"line":136,"column":16}},"loc":{"start":{"line":136,"column":21},"end":{"line":136,"column":75}},"line":136},"25":{"name":"(anonymous_25)","decl":{"start":{"line":141,"column":15},"end":{"line":141,"column":16}},"loc":{"start":{"line":141,"column":21},"end":{"line":141,"column":78}},"line":141},"26":{"name":"(anonymous_26)","decl":{"start":{"line":146,"column":15},"end":{"line":146,"column":16}},"loc":{"start":{"line":146,"column":21},"end":{"line":146,"column":61}},"line":146},"27":{"name":"(anonymous_27)","decl":{"start":{"line":151,"column":15},"end":{"line":151,"column":16}},"loc":{"start":{"line":151,"column":21},"end":{"line":151,"column":73}},"line":151},"28":{"name":"(anonymous_28)","decl":{"start":{"line":156,"column":15},"end":{"line":156,"column":16}},"loc":{"start":{"line":156,"column":21},"end":{"line":156,"column":79}},"line":156},"29":{"name":"(anonymous_29)","decl":{"start":{"line":161,"column":15},"end":{"line":161,"column":16}},"loc":{"start":{"line":161,"column":21},"end":{"line":161,"column":79}},"line":161},"30":{"name":"(anonymous_30)","decl":{"start":{"line":166,"column":15},"end":{"line":166,"column":16}},"loc":{"start":{"line":166,"column":21},"end":{"line":166,"column":71}},"line":166},"31":{"name":"(anonymous_31)","decl":{"start":{"line":171,"column":15},"end":{"line":171,"column":16}},"loc":{"start":{"line":171,"column":21},"end":{"line":171,"column":77}},"line":171},"32":{"name":"(anonymous_32)","decl":{"start":{"line":176,"column":15},"end":{"line":176,"column":16}},"loc":{"start":{"line":176,"column":21},"end":{"line":176,"column":77}},"line":176},"33":{"name":"(anonymous_33)","decl":{"start":{"line":181,"column":15},"end":{"line":181,"column":16}},"loc":{"start":{"line":181,"column":21},"end":{"line":181,"column":69}},"line":181},"34":{"name":"(anonymous_34)","decl":{"start":{"line":186,"column":15},"end":{"line":186,"column":16}},"loc":{"start":{"line":186,"column":21},"end":{"line":186,"column":75}},"line":186},"35":{"name":"(anonymous_35)","decl":{"start":{"line":191,"column":15},"end":{"line":191,"column":16}},"loc":{"start":{"line":191,"column":21},"end":{"line":191,"column":67}},"line":191},"36":{"name":"(anonymous_36)","decl":{"start":{"line":196,"column":15},"end":{"line":196,"column":16}},"loc":{"start":{"line":196,"column":21},"end":{"line":196,"column":75}},"line":196},"37":{"name":"(anonymous_37)","decl":{"start":{"line":201,"column":15},"end":{"line":201,"column":16}},"loc":{"start":{"line":201,"column":21},"end":{"line":201,"column":61}},"line":201},"38":{"name":"(anonymous_38)","decl":{"start":{"line":206,"column":15},"end":{"line":206,"column":16}},"loc":{"start":{"line":206,"column":21},"end":{"line":206,"column":67}},"line":206},"39":{"name":"(anonymous_39)","decl":{"start":{"line":211,"column":15},"end":{"line":211,"column":16}},"loc":{"start":{"line":211,"column":21},"end":{"line":211,"column":67}},"line":211},"40":{"name":"(anonymous_40)","decl":{"start":{"line":216,"column":15},"end":{"line":216,"column":16}},"loc":{"start":{"line":216,"column":21},"end":{"line":216,"column":64}},"line":216},"41":{"name":"(anonymous_41)","decl":{"start":{"line":221,"column":15},"end":{"line":221,"column":16}},"loc":{"start":{"line":221,"column":21},"end":{"line":221,"column":64}},"line":221},"42":{"name":"(anonymous_42)","decl":{"start":{"line":226,"column":15},"end":{"line":226,"column":16}},"loc":{"start":{"line":226,"column":21},"end":{"line":226,"column":77}},"line":226},"43":{"name":"(anonymous_43)","decl":{"start":{"line":234,"column":2},"end":{"line":234,"column":3}},"loc":{"start":{"line":234,"column":42},"end":{"line":239,"column":3}},"line":234},"44":{"name":"(anonymous_44)","decl":{"start":{"line":242,"column":21},"end":{"line":242,"column":22}},"loc":{"start":{"line":242,"column":41},"end":{"line":247,"column":1}},"line":242},"45":{"name":"(anonymous_45)","decl":{"start":{"line":249,"column":17},"end":{"line":249,"column":18}},"loc":{"start":{"line":249,"column":23},"end":{"line":251,"column":1}},"line":249}},"branchMap":{"0":{"loc":{"start":{"line":235,"column":4},"end":{"line":237,"column":5}},"type":"if","locations":[{"start":{"line":235,"column":4},"end":{"line":237,"column":5}},{"start":{"line":235,"column":4},"end":{"line":237,"column":5}}],"line":235},"1":{"loc":{"start":{"line":243,"column":2},"end":{"line":245,"column":3}},"type":"if","locations":[{"start":{"line":243,"column":2},"end":{"line":245,"column":3}},{"start":{"line":243,"column":2},"end":{"line":245,"column":3}}],"line":243}},"s":{"0":2,"1":2,"2":2,"3":2,"4":1,"5":1,"6":1,"7":1,"8":1,"9":1,"10":1,"11":2,"12":1,"13":1,"14":1,"15":1,"16":1,"17":1,"18":1,"19":1,"20":1,"21":1,"22":1,"23":1,"24":1,"25":1,"26":1,"27":1,"28":1,"29":1,"30":1,"31":1,"32":1,"33":1,"34":1,"35":2,"36":1,"37":1,"38":1,"39":1,"40":1,"41":1,"42":1,"43":1,"44":1,"45":2,"46":24,"47":1,"48":23,"49":2,"50":28,"51":27,"52":28,"53":2,"54":26},"f":{"0":2,"1":2,"2":1,"3":1,"4":1,"5":1,"6":1,"7":1,"8":1,"9":2,"10":1,"11":1,"12":1,"13":1,"14":1,"15":1,"16":1,"17":1,"18":1,"19":1,"20":1,"21":1,"22":1,"23":1,"24":1,"25":1,"26":1,"27":1,"28":1,"29":1,"30":1,"31":1,"32":1,"33":2,"34":1,"35":1,"36":1,"37":1,"38":1,"39":1,"40":1,"41":1,"42":1,"43":24,"44":28,"45":26},"b":{"0":[1,23],"1":[27,1]},"_coverageSchema":"43e27e138ebf9cfc5966b082cf9a028302ed4184","hash":"968515004f6a316a86aa59e570bacfa4c95bbf63"}
,"D:\\Project\\bliress-frontend\\src\\views\\Login.vue": {"path":"D:\\Project\\bliress-frontend\\src\\views\\Login.vue","statementMap":{"0":{"start":{"line":257,"column":0},"end":{"line":257,"column":null}},"1":{"start":{"line":258,"column":0},"end":{"line":258,"column":null}},"2":{"start":{"line":267,"column":0},"end":{"line":267,"column":null}},"3":{"start":{"line":291,"column":0},"end":{"line":291,"column":null}},"4":{"start":{"line":294,"column":0},"end":{"line":294,"column":null}},"5":{"start":{"line":297,"column":0},"end":{"line":297,"column":null}},"6":{"start":{"line":298,"column":0},"end":{"line":298,"column":null}},"7":{"start":{"line":302,"column":0},"end":{"line":310,"column":null}},"8":{"start":{"line":303,"column":0},"end":{"line":303,"column":null}},"9":{"start":{"line":315,"column":0},"end":{"line":333,"column":null}},"10":{"start":{"line":317,"column":0},"end":{"line":317,"column":null}},"11":{"start":{"line":320,"column":0},"end":{"line":326,"column":null}},"12":{"start":{"line":321,"column":0},"end":{"line":321,"column":null}},"13":{"start":{"line":322,"column":0},"end":{"line":326,"column":null}},"14":{"start":{"line":323,"column":0},"end":{"line":323,"column":null}},"15":{"start":{"line":324,"column":0},"end":{"line":326,"column":null}},"16":{"start":{"line":325,"column":0},"end":{"line":325,"column":null}},"17":{"start":{"line":329,"column":0},"end":{"line":329,"column":null}},"18":{"start":{"line":332,"column":0},"end":{"line":332,"column":null}},"19":{"start":{"line":338,"column":0},"end":{"line":340,"column":null}},"20":{"start":{"line":339,"column":0},"end":{"line":339,"column":null}}},"fnMap":{"0":{"name":"(anonymous_1)","decl":{"start":{"line":266,"column":0},"end":{"line":266,"column":null}},"loc":{"start":{"line":266,"column":0},"end":{"line":276,"column":null}}},"1":{"name":"(anonymous_2)","decl":{"start":{"line":289,"column":0},"end":{"line":289,"column":null}},"loc":{"start":{"line":289,"column":0},"end":{"line":299,"column":null}}},"2":{"name":"(anonymous_3)","decl":{"start":{"line":301,"column":0},"end":{"line":301,"column":null}},"loc":{"start":{"line":301,"column":0},"end":{"line":311,"column":null}}},"3":{"name":"(anonymous_4)","decl":{"start":{"line":302,"column":0},"end":{"line":302,"column":null}},"loc":{"start":{"line":302,"column":0},"end":{"line":310,"column":null}}},"4":{"name":"(anonymous_5)","decl":{"start":{"line":313,"column":0},"end":{"line":313,"column":null}},"loc":{"start":{"line":313,"column":0},"end":{"line":334,"column":null}}},"5":{"name":"(anonymous_6)","decl":{"start":{"line":337,"column":0},"end":{"line":337,"column":null}},"loc":{"start":{"line":337,"column":0},"end":{"line":341,"column":null}}}},"branchMap":{"0":{"loc":{"start":{"line":315,"column":0},"end":{"line":333,"column":null}},"type":"if","locations":[{"start":{"line":315,"column":0},"end":{"line":333,"column":null}},{"start":{"line":315,"column":0},"end":{"line":333,"column":null}}]},"1":{"loc":{"start":{"line":320,"column":0},"end":{"line":326,"column":null}},"type":"if","locations":[{"start":{"line":320,"column":0},"end":{"line":326,"column":null}},{"start":{"line":320,"column":0},"end":{"line":326,"column":null}}]},"2":{"loc":{"start":{"line":322,"column":0},"end":{"line":326,"column":null}},"type":"if","locations":[{"start":{"line":322,"column":0},"end":{"line":326,"column":null}},{"start":{"line":322,"column":0},"end":{"line":326,"column":null}}]},"3":{"loc":{"start":{"line":324,"column":0},"end":{"line":326,"column":null}},"type":"if","locations":[{"start":{"line":324,"column":0},"end":{"line":326,"column":null}},{"start":{"line":324,"column":0},"end":{"line":326,"column":null}}]},"4":{"loc":{"start":{"line":338,"column":0},"end":{"line":340,"column":null}},"type":"if","locations":[{"start":{"line":338,"column":0},"end":{"line":340,"column":null}},{"start":{"line":338,"column":0},"end":{"line":340,"column":null}}]}},"s":{"0":3,"1":3,"2":8,"3":2,"4":2,"5":1,"6":1,"7":1,"8":1,"9":5,"10":4,"11":4,"12":1,"13":3,"14":1,"15":2,"16":1,"17":4,"18":1,"19":8,"20":1},"f":{"0":8,"1":2,"2":1,"3":1,"4":5,"5":8},"b":{"0":[4,1],"1":[1,3],"2":[1,2],"3":[1,1],"4":[1,7]}}
,"D:\\Project\\bliress-frontend\\src\\views\\admin\\batch\\AddTraining.vue": {"path":"D:\\Project\\bliress-frontend\\src\\views\\admin\\batch\\AddTraining.vue","statementMap":{"0":{"start":{"line":374,"column":0},"end":{"line":374,"column":null}},"1":{"start":{"line":375,"column":0},"end":{"line":375,"column":null}},"2":{"start":{"line":384,"column":0},"end":{"line":384,"column":null}},"3":{"start":{"line":413,"column":0},"end":{"line":413,"column":null}},"4":{"start":{"line":435,"column":0},"end":{"line":435,"column":null}},"5":{"start":{"line":438,"column":0},"end":{"line":438,"column":null}},"6":{"start":{"line":441,"column":0},"end":{"line":441,"column":null}},"7":{"start":{"line":442,"column":0},"end":{"line":442,"column":null}},"8":{"start":{"line":446,"column":0},"end":{"line":450,"column":null}},"9":{"start":{"line":447,"column":0},"end":{"line":447,"column":null}},"10":{"start":{"line":454,"column":0},"end":{"line":458,"column":null}},"11":{"start":{"line":455,"column":0},"end":{"line":455,"column":null}},"12":{"start":{"line":457,"column":0},"end":{"line":457,"column":null}},"13":{"start":{"line":462,"column":0},"end":{"line":472,"column":null}},"14":{"start":{"line":463,"column":0},"end":{"line":463,"column":null}},"15":{"start":{"line":465,"column":0},"end":{"line":465,"column":null}},"16":{"start":{"line":467,"column":0},"end":{"line":471,"column":null}},"17":{"start":{"line":468,"column":0},"end":{"line":468,"column":null}},"18":{"start":{"line":470,"column":0},"end":{"line":470,"column":null}},"19":{"start":{"line":477,"column":0},"end":{"line":477,"column":null}},"20":{"start":{"line":480,"column":0},"end":{"line":480,"column":null}},"21":{"start":{"line":483,"column":0},"end":{"line":483,"column":null}},"22":{"start":{"line":484,"column":0},"end":{"line":484,"column":null}},"23":{"start":{"line":488,"column":0},"end":{"line":493,"column":null}},"24":{"start":{"line":489,"column":0},"end":{"line":489,"column":null}},"25":{"start":{"line":497,"column":0},"end":{"line":501,"column":null}},"26":{"start":{"line":498,"column":0},"end":{"line":498,"column":null}},"27":{"start":{"line":500,"column":0},"end":{"line":500,"column":null}},"28":{"start":{"line":506,"column":0},"end":{"line":506,"column":null}},"29":{"start":{"line":509,"column":0},"end":{"line":509,"column":null}},"30":{"start":{"line":512,"column":0},"end":{"line":512,"column":null}},"31":{"start":{"line":513,"column":0},"end":{"line":513,"column":null}},"32":{"start":{"line":517,"column":0},"end":{"line":525,"column":null}},"33":{"start":{"line":518,"column":0},"end":{"line":518,"column":null}},"34":{"start":{"line":529,"column":0},"end":{"line":533,"column":null}},"35":{"start":{"line":530,"column":0},"end":{"line":530,"column":null}},"36":{"start":{"line":532,"column":0},"end":{"line":532,"column":null}},"37":{"start":{"line":537,"column":0},"end":{"line":537,"column":null}},"38":{"start":{"line":539,"column":0},"end":{"line":539,"column":null}},"39":{"start":{"line":553,"column":0},"end":{"line":553,"column":null}},"40":{"start":{"line":556,"column":0},"end":{"line":556,"column":null}},"41":{"start":{"line":559,"column":0},"end":{"line":559,"column":null}},"42":{"start":{"line":560,"column":0},"end":{"line":567,"column":null}},"43":{"start":{"line":561,"column":0},"end":{"line":561,"column":null}},"44":{"start":{"line":562,"column":0},"end":{"line":562,"column":null}},"45":{"start":{"line":563,"column":0},"end":{"line":563,"column":null}},"46":{"start":{"line":566,"column":0},"end":{"line":566,"column":null}}},"fnMap":{"0":{"name":"(anonymous_1)","decl":{"start":{"line":383,"column":0},"end":{"line":383,"column":null}},"loc":{"start":{"line":383,"column":0},"end":{"line":401,"column":null}}},"1":{"name":"(anonymous_2)","decl":{"start":{"line":412,"column":0},"end":{"line":412,"column":null}},"loc":{"start":{"line":412,"column":0},"end":{"line":419,"column":null}}},"2":{"name":"(anonymous_3)","decl":{"start":{"line":433,"column":0},"end":{"line":433,"column":null}},"loc":{"start":{"line":433,"column":0},"end":{"line":443,"column":null}}},"3":{"name":"(anonymous_4)","decl":{"start":{"line":445,"column":0},"end":{"line":445,"column":null}},"loc":{"start":{"line":445,"column":0},"end":{"line":451,"column":null}}},"4":{"name":"(anonymous_5)","decl":{"start":{"line":446,"column":0},"end":{"line":446,"column":null}},"loc":{"start":{"line":446,"column":0},"end":{"line":450,"column":null}}},"5":{"name":"(anonymous_6)","decl":{"start":{"line":453,"column":0},"end":{"line":453,"column":null}},"loc":{"start":{"line":453,"column":0},"end":{"line":459,"column":null}}},"6":{"name":"(anonymous_7)","decl":{"start":{"line":461,"column":0},"end":{"line":461,"column":null}},"loc":{"start":{"line":461,"column":0},"end":{"line":473,"column":null}}},"7":{"name":"(anonymous_8)","decl":{"start":{"line":475,"column":0},"end":{"line":475,"column":null}},"loc":{"start":{"line":475,"column":0},"end":{"line":485,"column":null}}},"8":{"name":"(anonymous_9)","decl":{"start":{"line":487,"column":0},"end":{"line":487,"column":null}},"loc":{"start":{"line":487,"column":0},"end":{"line":494,"column":null}}},"9":{"name":"(anonymous_10)","decl":{"start":{"line":488,"column":0},"end":{"line":488,"column":null}},"loc":{"start":{"line":488,"column":0},"end":{"line":493,"column":null}}},"10":{"name":"(anonymous_11)","decl":{"start":{"line":496,"column":0},"end":{"line":496,"column":null}},"loc":{"start":{"line":496,"column":0},"end":{"line":502,"column":null}}},"11":{"name":"(anonymous_12)","decl":{"start":{"line":504,"column":0},"end":{"line":504,"column":null}},"loc":{"start":{"line":504,"column":0},"end":{"line":514,"column":null}}},"12":{"name":"(anonymous_13)","decl":{"start":{"line":516,"column":0},"end":{"line":516,"column":null}},"loc":{"start":{"line":516,"column":0},"end":{"line":526,"column":null}}},"13":{"name":"(anonymous_14)","decl":{"start":{"line":517,"column":0},"end":{"line":517,"column":null}},"loc":{"start":{"line":517,"column":0},"end":{"line":525,"column":null}}},"14":{"name":"(anonymous_15)","decl":{"start":{"line":528,"column":0},"end":{"line":528,"column":null}},"loc":{"start":{"line":528,"column":0},"end":{"line":534,"column":null}}},"15":{"name":"(anonymous_16)","decl":{"start":{"line":536,"column":0},"end":{"line":536,"column":null}},"loc":{"start":{"line":536,"column":0},"end":{"line":548,"column":null}}},"16":{"name":"(anonymous_17)","decl":{"start":{"line":551,"column":0},"end":{"line":551,"column":null}},"loc":{"start":{"line":551,"column":0},"end":{"line":568,"column":null}}}},"branchMap":{"0":{"loc":{"start":{"line":454,"column":0},"end":{"line":458,"column":null}},"type":"if","locations":[{"start":{"line":454,"column":0},"end":{"line":458,"column":null}},{"start":{"line":454,"column":0},"end":{"line":458,"column":null}}]},"1":{"loc":{"start":{"line":462,"column":0},"end":{"line":472,"column":null}},"type":"if","locations":[{"start":{"line":462,"column":0},"end":{"line":472,"column":null}},{"start":{"line":462,"column":0},"end":{"line":472,"column":null}}]},"2":{"loc":{"start":{"line":467,"column":0},"end":{"line":471,"column":null}},"type":"if","locations":[{"start":{"line":467,"column":0},"end":{"line":471,"column":null}},{"start":{"line":467,"column":0},"end":{"line":471,"column":null}}]},"3":{"loc":{"start":{"line":497,"column":0},"end":{"line":501,"column":null}},"type":"if","locations":[{"start":{"line":497,"column":0},"end":{"line":501,"column":null}},{"start":{"line":497,"column":0},"end":{"line":501,"column":null}}]},"4":{"loc":{"start":{"line":529,"column":0},"end":{"line":533,"column":null}},"type":"if","locations":[{"start":{"line":529,"column":0},"end":{"line":533,"column":null}},{"start":{"line":529,"column":0},"end":{"line":533,"column":null}}]},"5":{"loc":{"start":{"line":560,"column":0},"end":{"line":567,"column":null}},"type":"if","locations":[{"start":{"line":560,"column":0},"end":{"line":567,"column":null}},{"start":{"line":560,"column":0},"end":{"line":567,"column":null}}]}},"s":{"0":2,"1":2,"2":10,"3":10,"4":11,"5":11,"6":1,"7":1,"8":10,"9":10,"10":2,"11":1,"12":1,"13":3,"14":1,"15":2,"16":2,"17":1,"18":1,"19":1,"20":1,"21":1,"22":1,"23":1,"24":1,"25":2,"26":1,"27":1,"28":10,"29":10,"30":1,"31":1,"32":9,"33":9,"34":2,"35":1,"36":1,"37":1,"38":1,"39":10,"40":10,"41":10,"42":10,"43":9,"44":9,"45":9,"46":9},"f":{"0":10,"1":10,"2":11,"3":10,"4":10,"5":2,"6":3,"7":1,"8":1,"9":1,"10":2,"11":10,"12":9,"13":9,"14":2,"15":1,"16":10},"b":{"0":[1,1],"1":[1,2],"2":[1,1],"3":[1,1],"4":[1,1],"5":[9,1]}}
,"D:\\Project\\bliress-frontend\\src\\views\\admin\\batch\\Attendance.vue": {"path":"D:\\Project\\bliress-frontend\\src\\views\\admin\\batch\\Attendance.vue","statementMap":{"0":{"start":{"line":256,"column":0},"end":{"line":256,"column":null}},"1":{"start":{"line":257,"column":0},"end":{"line":257,"column":null}},"2":{"start":{"line":266,"column":0},"end":{"line":266,"column":null}},"3":{"start":{"line":280,"column":0},"end":{"line":280,"column":null}},"4":{"start":{"line":297,"column":0},"end":{"line":297,"column":null}},"5":{"start":{"line":300,"column":0},"end":{"line":300,"column":null}},"6":{"start":{"line":303,"column":0},"end":{"line":303,"column":null}},"7":{"start":{"line":304,"column":0},"end":{"line":304,"column":null}},"8":{"start":{"line":308,"column":0},"end":{"line":316,"column":null}},"9":{"start":{"line":309,"column":0},"end":{"line":309,"column":null}},"10":{"start":{"line":320,"column":0},"end":{"line":324,"column":null}},"11":{"start":{"line":321,"column":0},"end":{"line":321,"column":null}},"12":{"start":{"line":323,"column":0},"end":{"line":323,"column":null}},"13":{"start":{"line":330,"column":0},"end":{"line":330,"column":null}},"14":{"start":{"line":333,"column":0},"end":{"line":333,"column":null}},"15":{"start":{"line":334,"column":0},"end":{"line":334,"column":null}},"16":{"start":{"line":337,"column":0},"end":{"line":337,"column":null}}},"fnMap":{"0":{"name":"(anonymous_1)","decl":{"start":{"line":265,"column":0},"end":{"line":265,"column":null}},"loc":{"start":{"line":265,"column":0},"end":{"line":272,"column":null}}},"1":{"name":"(anonymous_2)","decl":{"start":{"line":279,"column":0},"end":{"line":279,"column":null}},"loc":{"start":{"line":279,"column":0},"end":{"line":287,"column":null}}},"2":{"name":"(anonymous_3)","decl":{"start":{"line":295,"column":0},"end":{"line":295,"column":null}},"loc":{"start":{"line":295,"column":0},"end":{"line":305,"column":null}}},"3":{"name":"(anonymous_4)","decl":{"start":{"line":307,"column":0},"end":{"line":307,"column":null}},"loc":{"start":{"line":307,"column":0},"end":{"line":317,"column":null}}},"4":{"name":"(anonymous_5)","decl":{"start":{"line":308,"column":0},"end":{"line":308,"column":null}},"loc":{"start":{"line":308,"column":0},"end":{"line":316,"column":null}}},"5":{"name":"(anonymous_6)","decl":{"start":{"line":319,"column":0},"end":{"line":319,"column":null}},"loc":{"start":{"line":319,"column":0},"end":{"line":325,"column":null}}},"6":{"name":"(anonymous_7)","decl":{"start":{"line":328,"column":0},"end":{"line":328,"column":null}},"loc":{"start":{"line":328,"column":0},"end":{"line":338,"column":null}}}},"branchMap":{"0":{"loc":{"start":{"line":320,"column":0},"end":{"line":324,"column":null}},"type":"if","locations":[{"start":{"line":320,"column":0},"end":{"line":324,"column":null}},{"start":{"line":320,"column":0},"end":{"line":324,"column":null}}]}},"s":{"0":2,"1":2,"2":3,"3":3,"4":4,"5":4,"6":1,"7":1,"8":3,"9":3,"10":2,"11":1,"12":1,"13":3,"14":3,"15":3,"16":3},"f":{"0":3,"1":3,"2":4,"3":3,"4":3,"5":2,"6":3},"b":{"0":[1,1]}}
,"D:\\Project\\bliress-frontend\\src\\views\\admin\\batch\\Batch.vue": {"path":"D:\\Project\\bliress-frontend\\src\\views\\admin\\batch\\Batch.vue","statementMap":{"0":{"start":{"line":214,"column":0},"end":{"line":214,"column":null}},"1":{"start":{"line":215,"column":0},"end":{"line":215,"column":null}},"2":{"start":{"line":216,"column":0},"end":{"line":216,"column":null}},"3":{"start":{"line":226,"column":0},"end":{"line":226,"column":null}},"4":{"start":{"line":246,"column":0},"end":{"line":246,"column":null}},"5":{"start":{"line":249,"column":0},"end":{"line":249,"column":null}},"6":{"start":{"line":252,"column":0},"end":{"line":252,"column":null}},"7":{"start":{"line":253,"column":0},"end":{"line":253,"column":null}},"8":{"start":{"line":257,"column":0},"end":{"line":261,"column":null}},"9":{"start":{"line":258,"column":0},"end":{"line":258,"column":null}},"10":{"start":{"line":265,"column":0},"end":{"line":269,"column":null}},"11":{"start":{"line":266,"column":0},"end":{"line":266,"column":null}},"12":{"start":{"line":268,"column":0},"end":{"line":268,"column":null}},"13":{"start":{"line":273,"column":0},"end":{"line":298,"column":null}},"14":{"start":{"line":308,"column":0},"end":{"line":312,"column":null}},"15":{"start":{"line":309,"column":0},"end":{"line":309,"column":null}},"16":{"start":{"line":311,"column":0},"end":{"line":311,"column":null}},"17":{"start":{"line":317,"column":0},"end":{"line":317,"column":null}},"18":{"start":{"line":320,"column":0},"end":{"line":320,"column":null}},"19":{"start":{"line":323,"column":0},"end":{"line":323,"column":null}},"20":{"start":{"line":324,"column":0},"end":{"line":324,"column":null}},"21":{"start":{"line":328,"column":0},"end":{"line":336,"column":null}},"22":{"start":{"line":329,"column":0},"end":{"line":329,"column":null}},"23":{"start":{"line":340,"column":0},"end":{"line":344,"column":null}},"24":{"start":{"line":341,"column":0},"end":{"line":341,"column":null}},"25":{"start":{"line":343,"column":0},"end":{"line":343,"column":null}},"26":{"start":{"line":350,"column":0},"end":{"line":350,"column":null}},"27":{"start":{"line":353,"column":0},"end":{"line":353,"column":null}}},"fnMap":{"0":{"name":"(anonymous_1)","decl":{"start":{"line":225,"column":0},"end":{"line":225,"column":null}},"loc":{"start":{"line":225,"column":0},"end":{"line":230,"column":null}}},"1":{"name":"(anonymous_2)","decl":{"start":{"line":244,"column":0},"end":{"line":244,"column":null}},"loc":{"start":{"line":244,"column":0},"end":{"line":254,"column":null}}},"2":{"name":"(anonymous_3)","decl":{"start":{"line":256,"column":0},"end":{"line":256,"column":null}},"loc":{"start":{"line":256,"column":0},"end":{"line":262,"column":null}}},"3":{"name":"(anonymous_4)","decl":{"start":{"line":257,"column":0},"end":{"line":257,"column":null}},"loc":{"start":{"line":257,"column":0},"end":{"line":261,"column":null}}},"4":{"name":"(anonymous_5)","decl":{"start":{"line":264,"column":0},"end":{"line":264,"column":null}},"loc":{"start":{"line":264,"column":0},"end":{"line":270,"column":null}}},"5":{"name":"(anonymous_6)","decl":{"start":{"line":272,"column":0},"end":{"line":272,"column":null}},"loc":{"start":{"line":272,"column":0},"end":{"line":313,"column":null}}},"6":{"name":"(anonymous_7)","decl":{"start":{"line":315,"column":0},"end":{"line":315,"column":null}},"loc":{"start":{"line":315,"column":0},"end":{"line":325,"column":null}}},"7":{"name":"(anonymous_8)","decl":{"start":{"line":327,"column":0},"end":{"line":327,"column":null}},"loc":{"start":{"line":327,"column":0},"end":{"line":337,"column":null}}},"8":{"name":"(anonymous_9)","decl":{"start":{"line":328,"column":0},"end":{"line":328,"column":null}},"loc":{"start":{"line":328,"column":0},"end":{"line":336,"column":null}}},"9":{"name":"(anonymous_10)","decl":{"start":{"line":339,"column":0},"end":{"line":339,"column":null}},"loc":{"start":{"line":339,"column":0},"end":{"line":345,"column":null}}},"10":{"name":"(anonymous_11)","decl":{"start":{"line":348,"column":0},"end":{"line":348,"column":null}},"loc":{"start":{"line":348,"column":0},"end":{"line":354,"column":null}}}},"branchMap":{"0":{"loc":{"start":{"line":265,"column":0},"end":{"line":269,"column":null}},"type":"if","locations":[{"start":{"line":265,"column":0},"end":{"line":269,"column":null}},{"start":{"line":265,"column":0},"end":{"line":269,"column":null}}]},"1":{"loc":{"start":{"line":308,"column":0},"end":{"line":312,"column":null}},"type":"if","locations":[{"start":{"line":308,"column":0},"end":{"line":312,"column":null}},{"start":{"line":308,"column":0},"end":{"line":312,"column":null}}]},"2":{"loc":{"start":{"line":308,"column":0},"end":{"line":308,"column":null}},"type":"binary-expr","locations":[{"start":{"line":308,"column":0},"end":{"line":308,"column":null}},{"start":{"line":308,"column":0},"end":{"line":308,"column":null}}]},"3":{"loc":{"start":{"line":340,"column":0},"end":{"line":344,"column":null}},"type":"if","locations":[{"start":{"line":340,"column":0},"end":{"line":344,"column":null}},{"start":{"line":340,"column":0},"end":{"line":344,"column":null}}]}},"s":{"0":3,"1":3,"2":3,"3":7,"4":8,"5":8,"6":1,"7":1,"8":7,"9":7,"10":2,"11":1,"12":1,"13":2,"14":2,"15":1,"16":1,"17":1,"18":1,"19":1,"20":1,"21":1,"22":1,"23":2,"24":1,"25":1,"26":7,"27":7},"f":{"0":7,"1":8,"2":7,"3":7,"4":2,"5":2,"6":1,"7":1,"8":1,"9":2,"10":7},"b":{"0":[1,1],"1":[1,1],"2":[2,1],"3":[1,1]}}
,"D:\\Project\\bliress-frontend\\src\\views\\admin\\batch\\DetailBatch.vue": {"path":"D:\\Project\\bliress-frontend\\src\\views\\admin\\batch\\DetailBatch.vue","statementMap":{"0":{"start":{"line":415,"column":0},"end":{"line":415,"column":null}},"1":{"start":{"line":416,"column":0},"end":{"line":416,"column":null}},"2":{"start":{"line":425,"column":0},"end":{"line":425,"column":null}},"3":{"start":{"line":441,"column":0},"end":{"line":441,"column":null}},"4":{"start":{"line":445,"column":0},"end":{"line":445,"column":null}},"5":{"start":{"line":456,"column":0},"end":{"line":456,"column":null}},"6":{"start":{"line":461,"column":0},"end":{"line":463,"column":null}},"7":{"start":{"line":462,"column":0},"end":{"line":462,"column":null}},"8":{"start":{"line":468,"column":0},"end":{"line":468,"column":null}},"9":{"start":{"line":471,"column":0},"end":{"line":471,"column":null}},"10":{"start":{"line":474,"column":0},"end":{"line":474,"column":null}},"11":{"start":{"line":475,"column":0},"end":{"line":475,"column":null}},"12":{"start":{"line":479,"column":0},"end":{"line":486,"column":null}},"13":{"start":{"line":480,"column":0},"end":{"line":480,"column":null}},"14":{"start":{"line":490,"column":0},"end":{"line":494,"column":null}},"15":{"start":{"line":491,"column":0},"end":{"line":491,"column":null}},"16":{"start":{"line":493,"column":0},"end":{"line":493,"column":null}},"17":{"start":{"line":499,"column":0},"end":{"line":499,"column":null}},"18":{"start":{"line":502,"column":0},"end":{"line":502,"column":null}},"19":{"start":{"line":505,"column":0},"end":{"line":505,"column":null}},"20":{"start":{"line":506,"column":0},"end":{"line":506,"column":null}},"21":{"start":{"line":510,"column":0},"end":{"line":517,"column":null}},"22":{"start":{"line":511,"column":0},"end":{"line":511,"column":null}},"23":{"start":{"line":521,"column":0},"end":{"line":530,"column":null}},"24":{"start":{"line":522,"column":0},"end":{"line":522,"column":null}},"25":{"start":{"line":525,"column":0},"end":{"line":525,"column":null}},"26":{"start":{"line":526,"column":0},"end":{"line":526,"column":null}},"27":{"start":{"line":527,"column":0},"end":{"line":527,"column":null}},"28":{"start":{"line":529,"column":0},"end":{"line":529,"column":null}},"29":{"start":{"line":536,"column":0},"end":{"line":536,"column":null}},"30":{"start":{"line":539,"column":0},"end":{"line":539,"column":null}},"31":{"start":{"line":542,"column":0},"end":{"line":542,"column":null}}},"fnMap":{"0":{"name":"(anonymous_1)","decl":{"start":{"line":424,"column":0},"end":{"line":424,"column":null}},"loc":{"start":{"line":424,"column":0},"end":{"line":433,"column":null}}},"1":{"name":"(anonymous_2)","decl":{"start":{"line":440,"column":0},"end":{"line":440,"column":null}},"loc":{"start":{"line":440,"column":0},"end":{"line":442,"column":null}}},"2":{"name":"(anonymous_3)","decl":{"start":{"line":444,"column":0},"end":{"line":444,"column":null}},"loc":{"start":{"line":444,"column":0},"end":{"line":446,"column":null}}},"3":{"name":"(anonymous_4)","decl":{"start":{"line":455,"column":0},"end":{"line":455,"column":null}},"loc":{"start":{"line":455,"column":0},"end":{"line":464,"column":null}}},"4":{"name":"(anonymous_5)","decl":{"start":{"line":466,"column":0},"end":{"line":466,"column":null}},"loc":{"start":{"line":466,"column":0},"end":{"line":476,"column":null}}},"5":{"name":"(anonymous_6)","decl":{"start":{"line":478,"column":0},"end":{"line":478,"column":null}},"loc":{"start":{"line":478,"column":0},"end":{"line":487,"column":null}}},"6":{"name":"(anonymous_7)","decl":{"start":{"line":479,"column":0},"end":{"line":479,"column":null}},"loc":{"start":{"line":479,"column":0},"end":{"line":486,"column":null}}},"7":{"name":"(anonymous_8)","decl":{"start":{"line":489,"column":0},"end":{"line":489,"column":null}},"loc":{"start":{"line":489,"column":0},"end":{"line":495,"column":null}}},"8":{"name":"(anonymous_9)","decl":{"start":{"line":497,"column":0},"end":{"line":497,"column":null}},"loc":{"start":{"line":497,"column":0},"end":{"line":507,"column":null}}},"9":{"name":"(anonymous_10)","decl":{"start":{"line":509,"column":0},"end":{"line":509,"column":null}},"loc":{"start":{"line":509,"column":0},"end":{"line":518,"column":null}}},"10":{"name":"(anonymous_11)","decl":{"start":{"line":510,"column":0},"end":{"line":510,"column":null}},"loc":{"start":{"line":510,"column":0},"end":{"line":517,"column":null}}},"11":{"name":"(anonymous_12)","decl":{"start":{"line":520,"column":0},"end":{"line":520,"column":null}},"loc":{"start":{"line":520,"column":0},"end":{"line":531,"column":null}}},"12":{"name":"(anonymous_13)","decl":{"start":{"line":534,"column":0},"end":{"line":534,"column":null}},"loc":{"start":{"line":534,"column":0},"end":{"line":543,"column":null}}}},"branchMap":{"0":{"loc":{"start":{"line":461,"column":0},"end":{"line":463,"column":null}},"type":"if","locations":[{"start":{"line":461,"column":0},"end":{"line":463,"column":null}},{"start":{"line":461,"column":0},"end":{"line":463,"column":null}}]},"1":{"loc":{"start":{"line":490,"column":0},"end":{"line":494,"column":null}},"type":"if","locations":[{"start":{"line":490,"column":0},"end":{"line":494,"column":null}},{"start":{"line":490,"column":0},"end":{"line":494,"column":null}}]},"2":{"loc":{"start":{"line":521,"column":0},"end":{"line":530,"column":null}},"type":"if","locations":[{"start":{"line":521,"column":0},"end":{"line":530,"column":null}},{"start":{"line":521,"column":0},"end":{"line":530,"column":null}}]}},"s":{"0":2,"1":2,"2":8,"3":1,"4":1,"5":2,"6":2,"7":1,"8":1,"9":1,"10":1,"11":1,"12":1,"13":1,"14":2,"15":1,"16":1,"17":9,"18":9,"19":1,"20":1,"21":9,"22":9,"23":2,"24":1,"25":1,"26":1,"27":1,"28":1,"29":8,"30":8,"31":8},"f":{"0":8,"1":1,"2":1,"3":2,"4":1,"5":1,"6":1,"7":2,"8":9,"9":9,"10":9,"11":2,"12":8},"b":{"0":[1,1],"1":[1,1],"2":[1,1]}}
,"D:\\Project\\bliress-frontend\\src\\views\\admin\\batch\\Employee.vue": {"path":"D:\\Project\\bliress-frontend\\src\\views\\admin\\batch\\Employee.vue","statementMap":{"0":{"start":{"line":268,"column":0},"end":{"line":268,"column":null}},"1":{"start":{"line":269,"column":0},"end":{"line":269,"column":null}},"2":{"start":{"line":278,"column":0},"end":{"line":278,"column":null}},"3":{"start":{"line":300,"column":0},"end":{"line":300,"column":null}},"4":{"start":{"line":303,"column":0},"end":{"line":303,"column":null}},"5":{"start":{"line":306,"column":0},"end":{"line":306,"column":null}},"6":{"start":{"line":307,"column":0},"end":{"line":307,"column":null}},"7":{"start":{"line":311,"column":0},"end":{"line":318,"column":null}},"8":{"start":{"line":312,"column":0},"end":{"line":312,"column":null}},"9":{"start":{"line":322,"column":0},"end":{"line":330,"column":null}},"10":{"start":{"line":323,"column":0},"end":{"line":323,"column":null}},"11":{"start":{"line":326,"column":0},"end":{"line":326,"column":null}},"12":{"start":{"line":327,"column":0},"end":{"line":327,"column":null}},"13":{"start":{"line":329,"column":0},"end":{"line":329,"column":null}},"14":{"start":{"line":336,"column":0},"end":{"line":336,"column":null}},"15":{"start":{"line":339,"column":0},"end":{"line":339,"column":null}},"16":{"start":{"line":342,"column":0},"end":{"line":342,"column":null}}},"fnMap":{"0":{"name":"(anonymous_1)","decl":{"start":{"line":277,"column":0},"end":{"line":277,"column":null}},"loc":{"start":{"line":277,"column":0},"end":{"line":285,"column":null}}},"1":{"name":"(anonymous_2)","decl":{"start":{"line":298,"column":0},"end":{"line":298,"column":null}},"loc":{"start":{"line":298,"column":0},"end":{"line":308,"column":null}}},"2":{"name":"(anonymous_3)","decl":{"start":{"line":310,"column":0},"end":{"line":310,"column":null}},"loc":{"start":{"line":310,"column":0},"end":{"line":319,"column":null}}},"3":{"name":"(anonymous_4)","decl":{"start":{"line":311,"column":0},"end":{"line":311,"column":null}},"loc":{"start":{"line":311,"column":0},"end":{"line":318,"column":null}}},"4":{"name":"(anonymous_5)","decl":{"start":{"line":321,"column":0},"end":{"line":321,"column":null}},"loc":{"start":{"line":321,"column":0},"end":{"line":331,"column":null}}},"5":{"name":"(anonymous_6)","decl":{"start":{"line":334,"column":0},"end":{"line":334,"column":null}},"loc":{"start":{"line":334,"column":0},"end":{"line":343,"column":null}}}},"branchMap":{"0":{"loc":{"start":{"line":322,"column":0},"end":{"line":330,"column":null}},"type":"if","locations":[{"start":{"line":322,"column":0},"end":{"line":330,"column":null}},{"start":{"line":322,"column":0},"end":{"line":330,"column":null}}]}},"s":{"0":2,"1":2,"2":3,"3":4,"4":4,"5":1,"6":1,"7":3,"8":3,"9":2,"10":1,"11":1,"12":1,"13":1,"14":3,"15":3,"16":3},"f":{"0":3,"1":4,"2":3,"3":3,"4":2,"5":3},"b":{"0":[1,1]}}
,"D:\\Project\\bliress-frontend\\src\\views\\admin\\batch\\MaterialList.vue": {"path":"D:\\Project\\bliress-frontend\\src\\views\\admin\\batch\\MaterialList.vue","statementMap":{"0":{"start":{"line":240,"column":0},"end":{"line":240,"column":null}},"1":{"start":{"line":241,"column":0},"end":{"line":241,"column":null}},"2":{"start":{"line":250,"column":0},"end":{"line":250,"column":null}},"3":{"start":{"line":264,"column":0},"end":{"line":264,"column":null}},"4":{"start":{"line":282,"column":0},"end":{"line":282,"column":null}},"5":{"start":{"line":285,"column":0},"end":{"line":285,"column":null}},"6":{"start":{"line":288,"column":0},"end":{"line":288,"column":null}},"7":{"start":{"line":289,"column":0},"end":{"line":289,"column":null}},"8":{"start":{"line":293,"column":0},"end":{"line":301,"column":null}},"9":{"start":{"line":294,"column":0},"end":{"line":294,"column":null}},"10":{"start":{"line":305,"column":0},"end":{"line":309,"column":null}},"11":{"start":{"line":306,"column":0},"end":{"line":306,"column":null}},"12":{"start":{"line":308,"column":0},"end":{"line":308,"column":null}},"13":{"start":{"line":313,"column":0},"end":{"line":313,"column":null}},"14":{"start":{"line":318,"column":0},"end":{"line":320,"column":null}},"15":{"start":{"line":319,"column":0},"end":{"line":319,"column":null}},"16":{"start":{"line":325,"column":0},"end":{"line":325,"column":null}},"17":{"start":{"line":328,"column":0},"end":{"line":328,"column":null}},"18":{"start":{"line":331,"column":0},"end":{"line":331,"column":null}},"19":{"start":{"line":332,"column":0},"end":{"line":332,"column":null}},"20":{"start":{"line":336,"column":0},"end":{"line":345,"column":null}},"21":{"start":{"line":337,"column":0},"end":{"line":337,"column":null}},"22":{"start":{"line":349,"column":0},"end":{"line":353,"column":null}},"23":{"start":{"line":350,"column":0},"end":{"line":350,"column":null}},"24":{"start":{"line":352,"column":0},"end":{"line":352,"column":null}},"25":{"start":{"line":359,"column":0},"end":{"line":359,"column":null}},"26":{"start":{"line":362,"column":0},"end":{"line":362,"column":null}},"27":{"start":{"line":363,"column":0},"end":{"line":363,"column":null}},"28":{"start":{"line":366,"column":0},"end":{"line":366,"column":null}}},"fnMap":{"0":{"name":"(anonymous_1)","decl":{"start":{"line":249,"column":0},"end":{"line":249,"column":null}},"loc":{"start":{"line":249,"column":0},"end":{"line":256,"column":null}}},"1":{"name":"(anonymous_2)","decl":{"start":{"line":263,"column":0},"end":{"line":263,"column":null}},"loc":{"start":{"line":263,"column":0},"end":{"line":271,"column":null}}},"2":{"name":"(anonymous_3)","decl":{"start":{"line":280,"column":0},"end":{"line":280,"column":null}},"loc":{"start":{"line":280,"column":0},"end":{"line":290,"column":null}}},"3":{"name":"(anonymous_4)","decl":{"start":{"line":292,"column":0},"end":{"line":292,"column":null}},"loc":{"start":{"line":292,"column":0},"end":{"line":302,"column":null}}},"4":{"name":"(anonymous_5)","decl":{"start":{"line":293,"column":0},"end":{"line":293,"column":null}},"loc":{"start":{"line":293,"column":0},"end":{"line":301,"column":null}}},"5":{"name":"(anonymous_6)","decl":{"start":{"line":304,"column":0},"end":{"line":304,"column":null}},"loc":{"start":{"line":304,"column":0},"end":{"line":310,"column":null}}},"6":{"name":"(anonymous_7)","decl":{"start":{"line":312,"column":0},"end":{"line":312,"column":null}},"loc":{"start":{"line":312,"column":0},"end":{"line":321,"column":null}}},"7":{"name":"(anonymous_8)","decl":{"start":{"line":323,"column":0},"end":{"line":323,"column":null}},"loc":{"start":{"line":323,"column":0},"end":{"line":333,"column":null}}},"8":{"name":"(anonymous_9)","decl":{"start":{"line":335,"column":0},"end":{"line":335,"column":null}},"loc":{"start":{"line":335,"column":0},"end":{"line":346,"column":null}}},"9":{"name":"(anonymous_10)","decl":{"start":{"line":336,"column":0},"end":{"line":336,"column":null}},"loc":{"start":{"line":336,"column":0},"end":{"line":345,"column":null}}},"10":{"name":"(anonymous_11)","decl":{"start":{"line":348,"column":0},"end":{"line":348,"column":null}},"loc":{"start":{"line":348,"column":0},"end":{"line":354,"column":null}}},"11":{"name":"(anonymous_12)","decl":{"start":{"line":357,"column":0},"end":{"line":357,"column":null}},"loc":{"start":{"line":357,"column":0},"end":{"line":367,"column":null}}}},"branchMap":{"0":{"loc":{"start":{"line":305,"column":0},"end":{"line":309,"column":null}},"type":"if","locations":[{"start":{"line":305,"column":0},"end":{"line":309,"column":null}},{"start":{"line":305,"column":0},"end":{"line":309,"column":null}}]},"1":{"loc":{"start":{"line":318,"column":0},"end":{"line":320,"column":null}},"type":"if","locations":[{"start":{"line":318,"column":0},"end":{"line":320,"column":null}},{"start":{"line":318,"column":0},"end":{"line":320,"column":null}}]},"2":{"loc":{"start":{"line":349,"column":0},"end":{"line":353,"column":null}},"type":"if","locations":[{"start":{"line":349,"column":0},"end":{"line":353,"column":null}},{"start":{"line":349,"column":0},"end":{"line":353,"column":null}}]}},"s":{"0":2,"1":2,"2":7,"3":7,"4":8,"5":8,"6":1,"7":1,"8":7,"9":7,"10":2,"11":1,"12":1,"13":2,"14":2,"15":1,"16":1,"17":1,"18":1,"19":1,"20":1,"21":1,"22":2,"23":1,"24":1,"25":7,"26":7,"27":7,"28":7},"f":{"0":7,"1":7,"2":8,"3":7,"4":7,"5":2,"6":2,"7":1,"8":1,"9":1,"10":2,"11":7},"b":{"0":[1,1],"1":[1,1],"2":[1,1]}}
,"D:\\Project\\bliress-frontend\\src\\views\\admin\\batch\\Qrcode.vue": {"path":"D:\\Project\\bliress-frontend\\src\\views\\admin\\batch\\Qrcode.vue","statementMap":{"0":{"start":{"line":146,"column":0},"end":{"line":146,"column":null}},"1":{"start":{"line":155,"column":0},"end":{"line":155,"column":null}},"2":{"start":{"line":163,"column":0},"end":{"line":163,"column":null}},"3":{"start":{"line":173,"column":0},"end":{"line":173,"column":null}},"4":{"start":{"line":179,"column":0},"end":{"line":179,"column":null}},"5":{"start":{"line":182,"column":0},"end":{"line":182,"column":null}},"6":{"start":{"line":183,"column":0},"end":{"line":183,"column":null}}},"fnMap":{"0":{"name":"(anonymous_1)","decl":{"start":{"line":154,"column":0},"end":{"line":154,"column":null}},"loc":{"start":{"line":154,"column":0},"end":{"line":159,"column":null}}},"1":{"name":"(anonymous_2)","decl":{"start":{"line":162,"column":0},"end":{"line":162,"column":null}},"loc":{"start":{"line":162,"column":0},"end":{"line":170,"column":null}}},"2":{"name":"(anonymous_3)","decl":{"start":{"line":172,"column":0},"end":{"line":172,"column":null}},"loc":{"start":{"line":172,"column":0},"end":{"line":174,"column":null}}},"3":{"name":"(anonymous_4)","decl":{"start":{"line":177,"column":0},"end":{"line":177,"column":null}},"loc":{"start":{"line":177,"column":0},"end":{"line":184,"column":null}}}},"branchMap":{},"s":{"0":2,"1":2,"2":2,"3":2,"4":2,"5":2,"6":2},"f":{"0":2,"1":2,"2":2,"3":2},"b":{}}
,"D:\\Project\\bliress-frontend\\src\\views\\admin\\batch\\Training.vue": {"path":"D:\\Project\\bliress-frontend\\src\\views\\admin\\batch\\Training.vue","statementMap":{"0":{"start":{"line":503,"column":0},"end":{"line":503,"column":null}},"1":{"start":{"line":504,"column":0},"end":{"line":504,"column":null}},"2":{"start":{"line":513,"column":0},"end":{"line":513,"column":null}},"3":{"start":{"line":536,"column":0},"end":{"line":536,"column":null}},"4":{"start":{"line":539,"column":0},"end":{"line":539,"column":null}},"5":{"start":{"line":542,"column":0},"end":{"line":542,"column":null}},"6":{"start":{"line":543,"column":0},"end":{"line":543,"column":null}},"7":{"start":{"line":547,"column":0},"end":{"line":554,"column":null}},"8":{"start":{"line":548,"column":0},"end":{"line":548,"column":null}},"9":{"start":{"line":558,"column":0},"end":{"line":566,"column":null}},"10":{"start":{"line":559,"column":0},"end":{"line":559,"column":null}},"11":{"start":{"line":562,"column":0},"end":{"line":562,"column":null}},"12":{"start":{"line":563,"column":0},"end":{"line":563,"column":null}},"13":{"start":{"line":565,"column":0},"end":{"line":565,"column":null}},"14":{"start":{"line":570,"column":0},"end":{"line":570,"column":null}},"15":{"start":{"line":575,"column":0},"end":{"line":577,"column":null}},"16":{"start":{"line":576,"column":0},"end":{"line":576,"column":null}},"17":{"start":{"line":582,"column":0},"end":{"line":582,"column":null}},"18":{"start":{"line":585,"column":0},"end":{"line":585,"column":null}},"19":{"start":{"line":588,"column":0},"end":{"line":588,"column":null}},"20":{"start":{"line":589,"column":0},"end":{"line":589,"column":null}},"21":{"start":{"line":593,"column":0},"end":{"line":601,"column":null}},"22":{"start":{"line":594,"column":0},"end":{"line":594,"column":null}},"23":{"start":{"line":605,"column":0},"end":{"line":609,"column":null}},"24":{"start":{"line":606,"column":0},"end":{"line":606,"column":null}},"25":{"start":{"line":608,"column":0},"end":{"line":608,"column":null}},"26":{"start":{"line":613,"column":0},"end":{"line":613,"column":null}},"27":{"start":{"line":623,"column":0},"end":{"line":623,"column":null}},"28":{"start":{"line":633,"column":0},"end":{"line":633,"column":null}},"29":{"start":{"line":645,"column":0},"end":{"line":645,"column":null}},"30":{"start":{"line":648,"column":0},"end":{"line":648,"column":null}},"31":{"start":{"line":651,"column":0},"end":{"line":651,"column":null}}},"fnMap":{"0":{"name":"(anonymous_1)","decl":{"start":{"line":512,"column":0},"end":{"line":512,"column":null}},"loc":{"start":{"line":512,"column":0},"end":{"line":520,"column":null}}},"1":{"name":"(anonymous_2)","decl":{"start":{"line":534,"column":0},"end":{"line":534,"column":null}},"loc":{"start":{"line":534,"column":0},"end":{"line":544,"column":null}}},"2":{"name":"(anonymous_3)","decl":{"start":{"line":546,"column":0},"end":{"line":546,"column":null}},"loc":{"start":{"line":546,"column":0},"end":{"line":555,"column":null}}},"3":{"name":"(anonymous_4)","decl":{"start":{"line":547,"column":0},"end":{"line":547,"column":null}},"loc":{"start":{"line":547,"column":0},"end":{"line":554,"column":null}}},"4":{"name":"(anonymous_5)","decl":{"start":{"line":557,"column":0},"end":{"line":557,"column":null}},"loc":{"start":{"line":557,"column":0},"end":{"line":567,"column":null}}},"5":{"name":"(anonymous_6)","decl":{"start":{"line":569,"column":0},"end":{"line":569,"column":null}},"loc":{"start":{"line":569,"column":0},"end":{"line":578,"column":null}}},"6":{"name":"(anonymous_7)","decl":{"start":{"line":580,"column":0},"end":{"line":580,"column":null}},"loc":{"start":{"line":580,"column":0},"end":{"line":590,"column":null}}},"7":{"name":"(anonymous_8)","decl":{"start":{"line":592,"column":0},"end":{"line":592,"column":null}},"loc":{"start":{"line":592,"column":0},"end":{"line":602,"column":null}}},"8":{"name":"(anonymous_9)","decl":{"start":{"line":593,"column":0},"end":{"line":593,"column":null}},"loc":{"start":{"line":593,"column":0},"end":{"line":601,"column":null}}},"9":{"name":"(anonymous_10)","decl":{"start":{"line":604,"column":0},"end":{"line":604,"column":null}},"loc":{"start":{"line":604,"column":0},"end":{"line":610,"column":null}}},"10":{"name":"(anonymous_11)","decl":{"start":{"line":612,"column":0},"end":{"line":612,"column":null}},"loc":{"start":{"line":612,"column":0},"end":{"line":620,"column":null}}},"11":{"name":"(anonymous_12)","decl":{"start":{"line":622,"column":0},"end":{"line":622,"column":null}},"loc":{"start":{"line":622,"column":0},"end":{"line":630,"column":null}}},"12":{"name":"(anonymous_13)","decl":{"start":{"line":632,"column":0},"end":{"line":632,"column":null}},"loc":{"start":{"line":632,"column":0},"end":{"line":640,"column":null}}},"13":{"name":"(anonymous_14)","decl":{"start":{"line":643,"column":0},"end":{"line":643,"column":null}},"loc":{"start":{"line":643,"column":0},"end":{"line":652,"column":null}}}},"branchMap":{"0":{"loc":{"start":{"line":558,"column":0},"end":{"line":566,"column":null}},"type":"if","locations":[{"start":{"line":558,"column":0},"end":{"line":566,"column":null}},{"start":{"line":558,"column":0},"end":{"line":566,"column":null}}]},"1":{"loc":{"start":{"line":575,"column":0},"end":{"line":577,"column":null}},"type":"if","locations":[{"start":{"line":575,"column":0},"end":{"line":577,"column":null}},{"start":{"line":575,"column":0},"end":{"line":577,"column":null}}]},"2":{"loc":{"start":{"line":605,"column":0},"end":{"line":609,"column":null}},"type":"if","locations":[{"start":{"line":605,"column":0},"end":{"line":609,"column":null}},{"start":{"line":605,"column":0},"end":{"line":609,"column":null}}]}},"s":{"0":2,"1":2,"2":10,"3":11,"4":11,"5":1,"6":1,"7":10,"8":10,"9":2,"10":1,"11":1,"12":1,"13":1,"14":2,"15":2,"16":1,"17":1,"18":1,"19":1,"20":1,"21":1,"22":1,"23":2,"24":1,"25":1,"26":1,"27":1,"28":1,"29":10,"30":10,"31":10},"f":{"0":10,"1":11,"2":10,"3":10,"4":2,"5":2,"6":1,"7":1,"8":1,"9":2,"10":1,"11":1,"12":1,"13":10},"b":{"0":[1,1],"1":[1,1],"2":[1,1]}}
,"D:\\Project\\bliress-frontend\\src\\views\\admin\\batch\\UploadMaterial.vue": {"path":"D:\\Project\\bliress-frontend\\src\\views\\admin\\batch\\UploadMaterial.vue","statementMap":{"0":{"start":{"line":288,"column":0},"end":{"line":288,"column":null}},"1":{"start":{"line":289,"column":0},"end":{"line":289,"column":null}},"2":{"start":{"line":298,"column":0},"end":{"line":298,"column":null}},"3":{"start":{"line":312,"column":0},"end":{"line":312,"column":null}},"4":{"start":{"line":328,"column":0},"end":{"line":328,"column":null}},"5":{"start":{"line":329,"column":0},"end":{"line":329,"column":null}},"6":{"start":{"line":333,"column":0},"end":{"line":337,"column":null}},"7":{"start":{"line":334,"column":0},"end":{"line":334,"column":null}},"8":{"start":{"line":336,"column":0},"end":{"line":336,"column":null}},"9":{"start":{"line":342,"column":0},"end":{"line":342,"column":null}},"10":{"start":{"line":345,"column":0},"end":{"line":345,"column":null}},"11":{"start":{"line":348,"column":0},"end":{"line":348,"column":null}},"12":{"start":{"line":349,"column":0},"end":{"line":349,"column":null}},"13":{"start":{"line":353,"column":0},"end":{"line":362,"column":null}},"14":{"start":{"line":354,"column":0},"end":{"line":354,"column":null}},"15":{"start":{"line":366,"column":0},"end":{"line":370,"column":null}},"16":{"start":{"line":367,"column":0},"end":{"line":367,"column":null}},"17":{"start":{"line":369,"column":0},"end":{"line":369,"column":null}},"18":{"start":{"line":376,"column":0},"end":{"line":376,"column":null}},"19":{"start":{"line":379,"column":0},"end":{"line":379,"column":null}},"20":{"start":{"line":380,"column":0},"end":{"line":380,"column":null}}},"fnMap":{"0":{"name":"(anonymous_1)","decl":{"start":{"line":297,"column":0},"end":{"line":297,"column":null}},"loc":{"start":{"line":297,"column":0},"end":{"line":308,"column":null}}},"1":{"name":"(anonymous_2)","decl":{"start":{"line":311,"column":0},"end":{"line":311,"column":null}},"loc":{"start":{"line":311,"column":0},"end":{"line":319,"column":null}}},"2":{"name":"(anonymous_3)","decl":{"start":{"line":327,"column":0},"end":{"line":327,"column":null}},"loc":{"start":{"line":327,"column":0},"end":{"line":330,"column":null}}},"3":{"name":"(anonymous_4)","decl":{"start":{"line":332,"column":0},"end":{"line":332,"column":null}},"loc":{"start":{"line":332,"column":0},"end":{"line":338,"column":null}}},"4":{"name":"(anonymous_5)","decl":{"start":{"line":340,"column":0},"end":{"line":340,"column":null}},"loc":{"start":{"line":340,"column":0},"end":{"line":350,"column":null}}},"5":{"name":"(anonymous_6)","decl":{"start":{"line":352,"column":0},"end":{"line":352,"column":null}},"loc":{"start":{"line":352,"column":0},"end":{"line":363,"column":null}}},"6":{"name":"(anonymous_7)","decl":{"start":{"line":353,"column":0},"end":{"line":353,"column":null}},"loc":{"start":{"line":353,"column":0},"end":{"line":362,"column":null}}},"7":{"name":"(anonymous_8)","decl":{"start":{"line":365,"column":0},"end":{"line":365,"column":null}},"loc":{"start":{"line":365,"column":0},"end":{"line":371,"column":null}}},"8":{"name":"(anonymous_9)","decl":{"start":{"line":374,"column":0},"end":{"line":374,"column":null}},"loc":{"start":{"line":374,"column":0},"end":{"line":381,"column":null}}}},"branchMap":{"0":{"loc":{"start":{"line":333,"column":0},"end":{"line":337,"column":null}},"type":"if","locations":[{"start":{"line":333,"column":0},"end":{"line":337,"column":null}},{"start":{"line":333,"column":0},"end":{"line":337,"column":null}}]},"1":{"loc":{"start":{"line":333,"column":0},"end":{"line":333,"column":null}},"type":"binary-expr","locations":[{"start":{"line":333,"column":0},"end":{"line":333,"column":null}},{"start":{"line":333,"column":0},"end":{"line":333,"column":null}}]},"2":{"loc":{"start":{"line":366,"column":0},"end":{"line":370,"column":null}},"type":"if","locations":[{"start":{"line":366,"column":0},"end":{"line":370,"column":null}},{"start":{"line":366,"column":0},"end":{"line":370,"column":null}}]}},"s":{"0":2,"1":2,"2":6,"3":6,"4":1,"5":1,"6":2,"7":1,"8":1,"9":1,"10":1,"11":1,"12":1,"13":1,"14":1,"15":2,"16":1,"17":1,"18":6,"19":6,"20":6},"f":{"0":6,"1":6,"2":1,"3":2,"4":1,"5":1,"6":1,"7":2,"8":6},"b":{"0":[1,1],"1":[2,1],"2":[1,1]}}
,"D:\\Project\\bliress-frontend\\src\\views\\admin\\notification\\AddNotification.vue": {"path":"D:\\Project\\bliress-frontend\\src\\views\\admin\\notification\\AddNotification.vue","statementMap":{"0":{"start":{"line":288,"column":0},"end":{"line":288,"column":null}},"1":{"start":{"line":289,"column":0},"end":{"line":289,"column":null}},"2":{"start":{"line":298,"column":0},"end":{"line":298,"column":null}},"3":{"start":{"line":326,"column":0},"end":{"line":326,"column":null}},"4":{"start":{"line":329,"column":0},"end":{"line":329,"column":null}},"5":{"start":{"line":332,"column":0},"end":{"line":332,"column":null}},"6":{"start":{"line":333,"column":0},"end":{"line":333,"column":null}},"7":{"start":{"line":337,"column":0},"end":{"line":341,"column":null}},"8":{"start":{"line":338,"column":0},"end":{"line":338,"column":null}},"9":{"start":{"line":345,"column":0},"end":{"line":349,"column":null}},"10":{"start":{"line":346,"column":0},"end":{"line":346,"column":null}},"11":{"start":{"line":348,"column":0},"end":{"line":348,"column":null}},"12":{"start":{"line":353,"column":0},"end":{"line":357,"column":null}},"13":{"start":{"line":354,"column":0},"end":{"line":354,"column":null}},"14":{"start":{"line":356,"column":0},"end":{"line":356,"column":null}},"15":{"start":{"line":361,"column":0},"end":{"line":365,"column":null}},"16":{"start":{"line":364,"column":0},"end":{"line":364,"column":null}},"17":{"start":{"line":367,"column":0},"end":{"line":367,"column":null}},"18":{"start":{"line":372,"column":0},"end":{"line":372,"column":null}},"19":{"start":{"line":375,"column":0},"end":{"line":375,"column":null}},"20":{"start":{"line":378,"column":0},"end":{"line":378,"column":null}},"21":{"start":{"line":379,"column":0},"end":{"line":379,"column":null}},"22":{"start":{"line":383,"column":0},"end":{"line":388,"column":null}},"23":{"start":{"line":384,"column":0},"end":{"line":384,"column":null}},"24":{"start":{"line":392,"column":0},"end":{"line":396,"column":null}},"25":{"start":{"line":393,"column":0},"end":{"line":393,"column":null}},"26":{"start":{"line":395,"column":0},"end":{"line":395,"column":null}},"27":{"start":{"line":402,"column":0},"end":{"line":402,"column":null}},"28":{"start":{"line":405,"column":0},"end":{"line":405,"column":null}}},"fnMap":{"0":{"name":"(anonymous_1)","decl":{"start":{"line":297,"column":0},"end":{"line":297,"column":null}},"loc":{"start":{"line":297,"column":0},"end":{"line":307,"column":null}}},"1":{"name":"(anonymous_2)","decl":{"start":{"line":324,"column":0},"end":{"line":324,"column":null}},"loc":{"start":{"line":324,"column":0},"end":{"line":334,"column":null}}},"2":{"name":"(anonymous_3)","decl":{"start":{"line":336,"column":0},"end":{"line":336,"column":null}},"loc":{"start":{"line":336,"column":0},"end":{"line":342,"column":null}}},"3":{"name":"(anonymous_4)","decl":{"start":{"line":337,"column":0},"end":{"line":337,"column":null}},"loc":{"start":{"line":337,"column":0},"end":{"line":341,"column":null}}},"4":{"name":"(anonymous_5)","decl":{"start":{"line":344,"column":0},"end":{"line":344,"column":null}},"loc":{"start":{"line":344,"column":0},"end":{"line":350,"column":null}}},"5":{"name":"(anonymous_6)","decl":{"start":{"line":352,"column":0},"end":{"line":352,"column":null}},"loc":{"start":{"line":352,"column":0},"end":{"line":358,"column":null}}},"6":{"name":"(anonymous_7)","decl":{"start":{"line":360,"column":0},"end":{"line":360,"column":null}},"loc":{"start":{"line":360,"column":0},"end":{"line":368,"column":null}}},"7":{"name":"(anonymous_8)","decl":{"start":{"line":370,"column":0},"end":{"line":370,"column":null}},"loc":{"start":{"line":370,"column":0},"end":{"line":380,"column":null}}},"8":{"name":"(anonymous_9)","decl":{"start":{"line":382,"column":0},"end":{"line":382,"column":null}},"loc":{"start":{"line":382,"column":0},"end":{"line":389,"column":null}}},"9":{"name":"(anonymous_10)","decl":{"start":{"line":383,"column":0},"end":{"line":383,"column":null}},"loc":{"start":{"line":383,"column":0},"end":{"line":388,"column":null}}},"10":{"name":"(anonymous_11)","decl":{"start":{"line":391,"column":0},"end":{"line":391,"column":null}},"loc":{"start":{"line":391,"column":0},"end":{"line":397,"column":null}}},"11":{"name":"(anonymous_12)","decl":{"start":{"line":400,"column":0},"end":{"line":400,"column":null}},"loc":{"start":{"line":400,"column":0},"end":{"line":406,"column":null}}}},"branchMap":{"0":{"loc":{"start":{"line":345,"column":0},"end":{"line":349,"column":null}},"type":"if","locations":[{"start":{"line":345,"column":0},"end":{"line":349,"column":null}},{"start":{"line":345,"column":0},"end":{"line":349,"column":null}}]},"1":{"loc":{"start":{"line":353,"column":0},"end":{"line":357,"column":null}},"type":"if","locations":[{"start":{"line":353,"column":0},"end":{"line":357,"column":null}},{"start":{"line":353,"column":0},"end":{"line":357,"column":null}}]},"2":{"loc":{"start":{"line":361,"column":0},"end":{"line":365,"column":null}},"type":"if","locations":[{"start":{"line":361,"column":0},"end":{"line":365,"column":null}},{"start":{"line":361,"column":0},"end":{"line":365,"column":null}}]},"3":{"loc":{"start":{"line":361,"column":0},"end":{"line":361,"column":null}},"type":"binary-expr","locations":[{"start":{"line":361,"column":0},"end":{"line":361,"column":null}},{"start":{"line":361,"column":0},"end":{"line":361,"column":null}},{"start":{"line":361,"column":0},"end":{"line":361,"column":null}}]},"4":{"loc":{"start":{"line":392,"column":0},"end":{"line":396,"column":null}},"type":"if","locations":[{"start":{"line":392,"column":0},"end":{"line":396,"column":null}},{"start":{"line":392,"column":0},"end":{"line":396,"column":null}}]}},"s":{"0":2,"1":2,"2":8,"3":9,"4":9,"5":1,"6":1,"7":8,"8":8,"9":2,"10":1,"11":1,"12":2,"13":1,"14":1,"15":2,"16":1,"17":1,"18":1,"19":1,"20":1,"21":1,"22":1,"23":1,"24":2,"25":1,"26":1,"27":8,"28":8},"f":{"0":8,"1":9,"2":8,"3":8,"4":2,"5":2,"6":2,"7":1,"8":1,"9":1,"10":2,"11":8},"b":{"0":[1,1],"1":[1,1],"2":[1,1],"3":[2,1,1],"4":[1,1]}}
,"D:\\Project\\bliress-frontend\\src\\views\\admin\\notification\\Notification.vue": {"path":"D:\\Project\\bliress-frontend\\src\\views\\admin\\notification\\Notification.vue","statementMap":{"0":{"start":{"line":221,"column":0},"end":{"line":221,"column":null}},"1":{"start":{"line":222,"column":0},"end":{"line":222,"column":null}},"2":{"start":{"line":223,"column":0},"end":{"line":223,"column":null}},"3":{"start":{"line":233,"column":0},"end":{"line":233,"column":null}},"4":{"start":{"line":252,"column":0},"end":{"line":252,"column":null}},"5":{"start":{"line":255,"column":0},"end":{"line":255,"column":null}},"6":{"start":{"line":258,"column":0},"end":{"line":258,"column":null}},"7":{"start":{"line":259,"column":0},"end":{"line":259,"column":null}},"8":{"start":{"line":263,"column":0},"end":{"line":267,"column":null}},"9":{"start":{"line":264,"column":0},"end":{"line":264,"column":null}},"10":{"start":{"line":271,"column":0},"end":{"line":275,"column":null}},"11":{"start":{"line":272,"column":0},"end":{"line":272,"column":null}},"12":{"start":{"line":274,"column":0},"end":{"line":274,"column":null}},"13":{"start":{"line":281,"column":0},"end":{"line":281,"column":null}},"14":{"start":{"line":284,"column":0},"end":{"line":284,"column":null}}},"fnMap":{"0":{"name":"(anonymous_1)","decl":{"start":{"line":232,"column":0},"end":{"line":232,"column":null}},"loc":{"start":{"line":232,"column":0},"end":{"line":237,"column":null}}},"1":{"name":"(anonymous_2)","decl":{"start":{"line":250,"column":0},"end":{"line":250,"column":null}},"loc":{"start":{"line":250,"column":0},"end":{"line":260,"column":null}}},"2":{"name":"(anonymous_3)","decl":{"start":{"line":262,"column":0},"end":{"line":262,"column":null}},"loc":{"start":{"line":262,"column":0},"end":{"line":268,"column":null}}},"3":{"name":"(anonymous_4)","decl":{"start":{"line":263,"column":0},"end":{"line":263,"column":null}},"loc":{"start":{"line":263,"column":0},"end":{"line":267,"column":null}}},"4":{"name":"(anonymous_5)","decl":{"start":{"line":270,"column":0},"end":{"line":270,"column":null}},"loc":{"start":{"line":270,"column":0},"end":{"line":276,"column":null}}},"5":{"name":"(anonymous_6)","decl":{"start":{"line":279,"column":0},"end":{"line":279,"column":null}},"loc":{"start":{"line":279,"column":0},"end":{"line":285,"column":null}}}},"branchMap":{"0":{"loc":{"start":{"line":271,"column":0},"end":{"line":275,"column":null}},"type":"if","locations":[{"start":{"line":271,"column":0},"end":{"line":275,"column":null}},{"start":{"line":271,"column":0},"end":{"line":275,"column":null}}]}},"s":{"0":2,"1":2,"2":2,"3":3,"4":4,"5":4,"6":1,"7":1,"8":3,"9":3,"10":2,"11":1,"12":1,"13":3,"14":3},"f":{"0":3,"1":4,"2":3,"3":3,"4":2,"5":3},"b":{"0":[1,1]}}
,"D:\\Project\\bliress-frontend\\src\\views\\admin\\other\\Other.vue": {"path":"D:\\Project\\bliress-frontend\\src\\views\\admin\\other\\Other.vue","statementMap":{"0":{"start":{"line":181,"column":0},"end":{"line":181,"column":null}},"1":{"start":{"line":191,"column":0},"end":{"line":191,"column":null}},"2":{"start":{"line":199,"column":0},"end":{"line":199,"column":null}}},"fnMap":{"0":{"name":"(anonymous_1)","decl":{"start":{"line":190,"column":0},"end":{"line":190,"column":null}},"loc":{"start":{"line":190,"column":0},"end":{"line":194,"column":null}}},"1":{"name":"(anonymous_2)","decl":{"start":{"line":197,"column":0},"end":{"line":197,"column":null}},"loc":{"start":{"line":197,"column":0},"end":{"line":200,"column":null}}}},"branchMap":{},"s":{"0":2,"1":1,"2":2},"f":{"0":1,"1":2},"b":{}}
,"D:\\Project\\bliress-frontend\\src\\views\\admin\\other\\employee\\CreateEmployee.vue": {"path":"D:\\Project\\bliress-frontend\\src\\views\\admin\\other\\employee\\CreateEmployee.vue","statementMap":{"0":{"start":{"line":333,"column":0},"end":{"line":333,"column":null}},"1":{"start":{"line":334,"column":0},"end":{"line":334,"column":null}},"2":{"start":{"line":343,"column":0},"end":{"line":343,"column":null}},"3":{"start":{"line":372,"column":0},"end":{"line":374,"column":null}},"4":{"start":{"line":373,"column":0},"end":{"line":373,"column":null}},"5":{"start":{"line":376,"column":0},"end":{"line":376,"column":null}},"6":{"start":{"line":393,"column":0},"end":{"line":393,"column":null}},"7":{"start":{"line":396,"column":0},"end":{"line":396,"column":null}},"8":{"start":{"line":399,"column":0},"end":{"line":399,"column":null}},"9":{"start":{"line":400,"column":0},"end":{"line":400,"column":null}},"10":{"start":{"line":404,"column":0},"end":{"line":408,"column":null}},"11":{"start":{"line":405,"column":0},"end":{"line":405,"column":null}},"12":{"start":{"line":412,"column":0},"end":{"line":416,"column":null}},"13":{"start":{"line":413,"column":0},"end":{"line":413,"column":null}},"14":{"start":{"line":415,"column":0},"end":{"line":415,"column":null}},"15":{"start":{"line":421,"column":0},"end":{"line":421,"column":null}},"16":{"start":{"line":424,"column":0},"end":{"line":424,"column":null}},"17":{"start":{"line":427,"column":0},"end":{"line":427,"column":null}},"18":{"start":{"line":428,"column":0},"end":{"line":428,"column":null}},"19":{"start":{"line":432,"column":0},"end":{"line":439,"column":null}},"20":{"start":{"line":433,"column":0},"end":{"line":433,"column":null}},"21":{"start":{"line":443,"column":0},"end":{"line":447,"column":null}},"22":{"start":{"line":444,"column":0},"end":{"line":444,"column":null}},"23":{"start":{"line":446,"column":0},"end":{"line":446,"column":null}},"24":{"start":{"line":451,"column":0},"end":{"line":451,"column":null}},"25":{"start":{"line":465,"column":0},"end":{"line":465,"column":null}},"26":{"start":{"line":468,"column":0},"end":{"line":468,"column":null}},"27":{"start":{"line":471,"column":0},"end":{"line":471,"column":null}},"28":{"start":{"line":472,"column":0},"end":{"line":472,"column":null}},"29":{"start":{"line":476,"column":0},"end":{"line":481,"column":null}},"30":{"start":{"line":477,"column":0},"end":{"line":477,"column":null}},"31":{"start":{"line":485,"column":0},"end":{"line":489,"column":null}},"32":{"start":{"line":486,"column":0},"end":{"line":486,"column":null}},"33":{"start":{"line":488,"column":0},"end":{"line":488,"column":null}},"34":{"start":{"line":493,"column":0},"end":{"line":499,"column":null}},"35":{"start":{"line":494,"column":0},"end":{"line":494,"column":null}},"36":{"start":{"line":495,"column":0},"end":{"line":495,"column":null}},"37":{"start":{"line":497,"column":0},"end":{"line":497,"column":null}},"38":{"start":{"line":498,"column":0},"end":{"line":498,"column":null}},"39":{"start":{"line":503,"column":0},"end":{"line":508,"column":null}},"40":{"start":{"line":504,"column":0},"end":{"line":504,"column":null}},"41":{"start":{"line":506,"column":0},"end":{"line":506,"column":null}},"42":{"start":{"line":507,"column":0},"end":{"line":507,"column":null}},"43":{"start":{"line":512,"column":0},"end":{"line":512,"column":null}},"44":{"start":{"line":513,"column":0},"end":{"line":513,"column":null}},"45":{"start":{"line":515,"column":0},"end":{"line":526,"column":null}},"46":{"start":{"line":519,"column":0},"end":{"line":519,"column":null}},"47":{"start":{"line":520,"column":0},"end":{"line":526,"column":null}},"48":{"start":{"line":521,"column":0},"end":{"line":521,"column":null}},"49":{"start":{"line":522,"column":0},"end":{"line":526,"column":null}},"50":{"start":{"line":523,"column":0},"end":{"line":523,"column":null}},"51":{"start":{"line":525,"column":0},"end":{"line":525,"column":null}},"52":{"start":{"line":532,"column":0},"end":{"line":532,"column":null}},"53":{"start":{"line":535,"column":0},"end":{"line":535,"column":null}},"54":{"start":{"line":538,"column":0},"end"
[...]
rt":{"line":377,"column":0},"end":{"line":382,"column":null}},"11":{"start":{"line":378,"column":0},"end":{"line":378,"column":null}},"12":{"start":{"line":379,"column":0},"end":{"line":379,"column":null}},"13":{"start":{"line":381,"column":0},"end":{"line":381,"column":null}},"14":{"start":{"line":388,"column":0},"end":{"line":388,"column":null}},"15":{"start":{"line":391,"column":0},"end":{"line":391,"column":null}},"16":{"start":{"line":392,"column":0},"end":{"line":392,"column":null}},"17":{"start":{"line":393,"column":0},"end":{"line":393,"column":null}},"18":{"start":{"line":396,"column":0},"end":{"line":396,"column":null}}},"fnMap":{"0":{"name":"(anonymous_1)","decl":{"start":{"line":319,"column":0},"end":{"line":319,"column":null}},"loc":{"start":{"line":319,"column":0},"end":{"line":328,"column":null}}},"1":{"name":"(anonymous_2)","decl":{"start":{"line":335,"column":0},"end":{"line":335,"column":null}},"loc":{"start":{"line":335,"column":0},"end":{"line":343,"column":null}}},"2":{"name":"(anonymous_3)","decl":{"start":{"line":351,"column":0},"end":{"line":351,"column":null}},"loc":{"start":{"line":351,"column":0},"end":{"line":361,"column":null}}},"3":{"name":"(anonymous_4)","decl":{"start":{"line":363,"column":0},"end":{"line":363,"column":null}},"loc":{"start":{"line":363,"column":0},"end":{"line":374,"column":null}}},"4":{"name":"(anonymous_5)","decl":{"start":{"line":364,"column":0},"end":{"line":364,"column":null}},"loc":{"start":{"line":364,"column":0},"end":{"line":373,"column":null}}},"5":{"name":"(anonymous_6)","decl":{"start":{"line":376,"column":0},"end":{"line":376,"column":null}},"loc":{"start":{"line":376,"column":0},"end":{"line":383,"column":null}}},"6":{"name":"(anonymous_7)","decl":{"start":{"line":386,"column":0},"end":{"line":386,"column":null}},"loc":{"start":{"line":386,"column":0},"end":{"line":397,"column":null}}}},"branchMap":{"0":{"loc":{"start":{"line":377,"column":0},"end":{"line":382,"column":null}},"type":"if","locations":[{"start":{"line":377,"column":0},"end":{"line":382,"column":null}},{"start":{"line":377,"column":0},"end":{"line":382,"column":null}}]}},"s":{"0":2,"1":2,"2":3,"3":3,"4":4,"5":4,"6":1,"7":1,"8":3,"9":3,"10":2,"11":1,"12":1,"13":1,"14":3,"15":3,"16":3,"17":3,"18":3},"f":{"0":3,"1":3,"2":4,"3":3,"4":3,"5":2,"6":3},"b":{"0":[1,1]}}
,"D:\\Project\\bliress-frontend\\src\\views\\trainer\\test\\Test.vue": {"path":"D:\\Project\\bliress-frontend\\src\\views\\trainer\\test\\Test.vue","statementMap":{"0":{"start":{"line":171,"column":0},"end":{"line":171,"column":null}},"1":{"start":{"line":172,"column":0},"end":{"line":172,"column":null}},"2":{"start":{"line":173,"column":0},"end":{"line":173,"column":null}},"3":{"start":{"line":183,"column":0},"end":{"line":183,"column":null}},"4":{"start":{"line":203,"column":0},"end":{"line":203,"column":null}},"5":{"start":{"line":206,"column":0},"end":{"line":206,"column":null}},"6":{"start":{"line":209,"column":0},"end":{"line":209,"column":null}},"7":{"start":{"line":210,"column":0},"end":{"line":210,"column":null}},"8":{"start":{"line":214,"column":0},"end":{"line":221,"column":null}},"9":{"start":{"line":215,"column":0},"end":{"line":215,"column":null}},"10":{"start":{"line":225,"column":0},"end":{"line":230,"column":null}},"11":{"start":{"line":226,"column":0},"end":{"line":226,"column":null}},"12":{"start":{"line":229,"column":0},"end":{"line":229,"column":null}},"13":{"start":{"line":234,"column":0},"end":{"line":234,"column":null}},"14":{"start":{"line":246,"column":0},"end":{"line":246,"column":null}},"15":{"start":{"line":249,"column":0},"end":{"line":249,"column":null}}},"fnMap":{"0":{"name":"(anonymous_1)","decl":{"start":{"line":182,"column":0},"end":{"line":182,"column":null}},"loc":{"start":{"line":182,"column":0},"end":{"line":188,"column":null}}},"1":{"name":"(anonymous_2)","decl":{"start":{"line":201,"column":0},"end":{"line":201,"column":null}},"loc":{"start":{"line":201,"column":0},"end":{"line":211,"column":null}}},"2":{"name":"(anonymous_3)","decl":{"start":{"line":213,"column":0},"end":{"line":213,"column":null}},"loc":{"start":{"line":213,"column":0},"end":{"line":222,"column":null}}},"3":{"name":"(anonymous_4)","decl":{"start":{"line":214,"column":0},"end":{"line":214,"column":null}},"loc":{"start":{"line":214,"column":0},"end":{"line":221,"column":null}}},"4":{"name":"(anonymous_5)","decl":{"start":{"line":224,"column":0},"end":{"line":224,"column":null}},"loc":{"start":{"line":224,"column":0},"end":{"line":231,"column":null}}},"5":{"name":"(anonymous_6)","decl":{"start":{"line":233,"column":0},"end":{"line":233,"column":null}},"loc":{"start":{"line":233,"column":0},"end":{"line":241,"column":null}}},"6":{"name":"(anonymous_7)","decl":{"start":{"line":244,"column":0},"end":{"line":244,"column":null}},"loc":{"start":{"line":244,"column":0},"end":{"line":250,"column":null}}}},"branchMap":{"0":{"loc":{"start":{"line":225,"column":0},"end":{"line":230,"column":null}},"type":"if","locations":[{"start":{"line":225,"column":0},"end":{"line":230,"column":null}},{"start":{"line":225,"column":0},"end":{"line":230,"column":null}}]}},"s":{"0":2,"1":2,"2":2,"3":4,"4":5,"5":5,"6":1,"7":1,"8":4,"9":4,"10":2,"11":1,"12":1,"13":1,"14":4,"15":4},"f":{"0":4,"1":5,"2":4,"3":4,"4":2,"5":1,"6":4},"b":{"0":[1,1]}}
,"D:\\Project\\bliress-frontend\\src\\views\\trainer\\training\\DetailTraining.vue": {"path":"D:\\Project\\bliress-frontend\\src\\views\\trainer\\training\\DetailTraining.vue","statementMap":{"0":{"start":{"line":466,"column":0},"end":{"line":466,"column":null}},"1":{"start":{"line":467,"column":0},"end":{"line":467,"column":null}},"2":{"start":{"line":476,"column":0},"end":{"line":476,"column":null}},"3":{"start":{"line":493,"column":0},"end":{"line":493,"column":null}},"4":{"start":{"line":514,"column":0},"end":{"line":514,"column":null}},"5":{"start":{"line":517,"column":0},"end":{"line":517,"column":null}},"6":{"start":{"line":520,"column":0},"end":{"line":520,"column":null}},"7":{"start":{"line":521,"column":0},"end":{"line":521,"column":null}},"8":{"start":{"line":525,"column":0},"end":{"line":534,"column":null}},"9":{"start":{"line":526,"column":0},"end":{"line":526,"column":null}},"10":{"start":{"line":538,"column":0},"end":{"line":548,"column":null}},"11":{"start":{"line":539,"column":0},"end":{"line":539,"column":null}},"12":{"start":{"line":542,"column":0},"end":{"line":542,"column":null}},"13":{"start":{"line":543,"column":0},"end":{"line":543,"column":null}},"14":{"start":{"line":544,"column":0},"end":{"line":544,"column":null}},"15":{"start":{"line":547,"column":0},"end":{"line":547,"column":null}},"16":{"start":{"line":552,"column":0},"end":{"line":552,"column":null}},"17":{"start":{"line":562,"column":0},"end":{"line":562,"column":null}},"18":{"start":{"line":567,"column":0},"end":{"line":569,"column":null}},"19":{"start":{"line":568,"column":0},"end":{"line":568,"column":null}},"20":{"start":{"line":574,"column":0},"end":{"line":574,"column":null}},"21":{"start":{"line":577,"column":0},"end":{"line":577,"column":null}},"22":{"start":{"line":580,"column":0},"end":{"line":580,"column":null}},"23":{"start":{"line":581,"column":0},"end":{"line":581,"column":null}},"24":{"start":{"line":585,"column":0},"end":{"line":594,"column":null}},"25":{"start":{"line":586,"column":0},"end":{"line":586,"column":null}},"26":{"start":{"line":598,"column":0},"end":{"line":602,"column":null}},"27":{"start":{"line":599,"column":0},"end":{"line":599,"column":null}},"28":{"start":{"line":601,"column":0},"end":{"line":601,"column":null}},"29":{"start":{"line":608,"column":0},"end":{"line":608,"column":null}},"30":{"start":{"line":611,"column":0},"end":{"line":611,"column":null}},"31":{"start":{"line":612,"column":0},"end":{"line":612,"column":null}},"32":{"start":{"line":615,"column":0},"end":{"line":615,"column":null}}},"fnMap":{"0":{"name":"(anonymous_1)","decl":{"start":{"line":475,"column":0},"end":{"line":475,"column":null}},"loc":{"start":{"line":475,"column":0},"end":{"line":485,"column":null}}},"1":{"name":"(anonymous_2)","decl":{"start":{"line":492,"column":0},"end":{"line":492,"column":null}},"loc":{"start":{"line":492,"column":0},"end":{"line":500,"column":null}}},"2":{"name":"(anonymous_3)","decl":{"start":{"line":512,"column":0},"end":{"line":512,"column":null}},"loc":{"start":{"line":512,"column":0},"end":{"line":522,"column":null}}},"3":{"name":"(anonymous_4)","decl":{"start":{"line":524,"column":0},"end":{"line":524,"column":null}},"loc":{"start":{"line":524,"column":0},"end":{"line":535,"column":null}}},"4":{"name":"(anonymous_5)","decl":{"start":{"line":525,"column":0},"end":{"line":525,"column":null}},"loc":{"start":{"line":525,"column":0},"end":{"line":534,"column":null}}},"5":{"name":"(anonymous_6)","decl":{"start":{"line":537,"column":0},"end":{"line":537,"column":null}},"loc":{"start":{"line":537,"column":0},"end":{"line":549,"column":null}}},"6":{"name":"(anonymous_7)","decl":{"start":{"line":551,"column":0},"end":{"line":551,"column":null}},"loc":{"start":{"line":551,"column":0},"end":{"line":559,"column":null}}},"7":{"name":"(anonymous_8)","decl":{"start":{"line":561,"column":0},"end":{"line":561,"column":null}},"loc":{"start":{"line":561,"column":0},"end":{"line":570,"column":null}}},"8":{"name":"(anonymous_9)","decl":{"start":{"line":572,"column":0},"end":{"line":572,"column":null}},"loc":{"start":{"line":572,"column":0},"end":{"line":582,"column":null}}},"9":{"name":"(anonymous_10)","decl":{"start":{"line":584,"column":0},"end":{"line":584,"column":null}},"loc":{"start":{"line":584,"column":0},"end":{"line":595,"column":null}}},"10":{"name":"(anonymous_11)","decl":{"start":{"line":585,"column":0},"end":{"line":585,"column":null}},"loc":{"start":{"line":585,"column":0},"end":{"line":594,"column":null}}},"11":{"name":"(anonymous_12)","decl":{"start":{"line":597,"column":0},"end":{"line":597,"column":null}},"loc":{"start":{"line":597,"column":0},"end":{"line":603,"column":null}}},"12":{"name":"(anonymous_13)","decl":{"start":{"line":606,"column":0},"end":{"line":606,"column":null}},"loc":{"start":{"line":606,"column":0},"end":{"line":616,"column":null}}}},"branchMap":{"0":{"loc":{"start":{"line":538,"column":0},"end":{"line":548,"column":null}},"type":"if","locations":[{"start":{"line":538,"column":0},"end":{"line":548,"column":null}},{"start":{"line":538,"column":0},"end":{"line":548,"column":null}}]},"1":{"loc":{"start":{"line":567,"column":0},"end":{"line":569,"column":null}},"type":"if","locations":[{"start":{"line":567,"column":0},"end":{"line":569,"column":null}},{"start":{"line":567,"column":0},"end":{"line":569,"column":null}}]},"2":{"loc":{"start":{"line":598,"column":0},"end":{"line":602,"column":null}},"type":"if","locations":[{"start":{"line":598,"column":0},"end":{"line":602,"column":null}},{"start":{"line":598,"column":0},"end":{"line":602,"column":null}}]}},"s":{"0":2,"1":2,"2":8,"3":8,"4":9,"5":9,"6":1,"7":1,"8":8,"9":8,"10":2,"11":1,"12":1,"13":1,"14":1,"15":1,"16":1,"17":2,"18":2,"19":1,"20":1,"21":1,"22":1,"23":1,"24":1,"25":1,"26":2,"27":1,"28":1,"29":8,"30":8,"31":8,"32":8},"f":{"0":8,"1":8,"2":9,"3":8,"4":8,"5":2,"6":1,"7":2,"8":1,"9":1,"10":1,"11":2,"12":8},"b":{"0":[1,1],"1":[1,1],"2":[1,1]}}
,"D:\\Project\\bliress-frontend\\src\\views\\trainer\\training\\Qrcode.vue": {"path":"D:\\Project\\bliress-frontend\\src\\views\\trainer\\training\\Qrcode.vue","statementMap":{"0":{"start":{"line":146,"column":0},"end":{"line":146,"column":null}},"1":{"start":{"line":155,"column":0},"end":{"line":155,"column":null}},"2":{"start":{"line":163,"column":0},"end":{"line":163,"column":null}},"3":{"start":{"line":173,"column":0},"end":{"line":173,"column":null}},"4":{"start":{"line":179,"column":0},"end":{"line":179,"column":null}},"5":{"start":{"line":182,"column":0},"end":{"line":182,"column":null}},"6":{"start":{"line":183,"column":0},"end":{"line":183,"column":null}}},"fnMap":{"0":{"name":"(anonymous_1)","decl":{"start":{"line":154,"column":0},"end":{"line":154,"column":null}},"loc":{"start":{"line":154,"column":0},"end":{"line":159,"column":null}}},"1":{"name":"(anonymous_2)","decl":{"start":{"line":162,"column":0},"end":{"line":162,"column":null}},"loc":{"start":{"line":162,"column":0},"end":{"line":170,"column":null}}},"2":{"name":"(anonymous_3)","decl":{"start":{"line":172,"column":0},"end":{"line":172,"column":null}},"loc":{"start":{"line":172,"column":0},"end":{"line":174,"column":null}}},"3":{"name":"(anonymous_4)","decl":{"start":{"line":177,"column":0},"end":{"line":177,"column":null}},"loc":{"start":{"line":177,"column":0},"end":{"line":184,"column":null}}}},"branchMap":{},"s":{"0":2,"1":2,"2":2,"3":2,"4":2,"5":2,"6":2},"f":{"0":2,"1":2,"2":2,"3":2},"b":{}}
,"D:\\Project\\bliress-frontend\\src\\views\\trainer\\training\\Training.vue": {"path":"D:\\Project\\bliress-frontend\\src\\views\\trainer\\training\\Training.vue","statementMap":{"0":{"start":{"line":250,"column":0},"end":{"line":250,"column":null}},"1":{"start":{"line":251,"column":0},"end":{"line":251,"column":null}},"2":{"start":{"line":252,"column":0},"end":{"line":252,"column":null}},"3":{"start":{"line":262,"column":0},"end":{"line":262,"column":null}},"4":{"start":{"line":281,"column":0},"end":{"line":281,"column":null}},"5":{"start":{"line":284,"column":0},"end":{"line":284,"column":null}},"6":{"start":{"line":287,"column":0},"end":{"line":287,"column":null}},"7":{"start":{"line":288,"column":0},"end":{"line":288,"column":null}},"8":{"start":{"line":292,"column":0},"end":{"line":299,"column":null}},"9":{"start":{"line":293,"column":0},"end":{"line":293,"column":null}},"10":{"start":{"line":303,"column":0},"end":{"line":308,"column":null}},"11":{"start":{"line":304,"column":0},"end":{"line":304,"column":null}},"12":{"start":{"line":307,"column":0},"end":{"line":307,"column":null}},"13":{"start":{"line":312,"column":0},"end":{"line":312,"column":null}},"14":{"start":{"line":324,"column":0},"end":{"line":324,"column":null}},"15":{"start":{"line":327,"column":0},"end":{"line":327,"column":null}}},"fnMap":{"0":{"name":"(anonymous_1)","decl":{"start":{"line":261,"column":0},"end":{"line":261,"column":null}},"loc":{"start":{"line":261,"column":0},"end":{"line":266,"column":null}}},"1":{"name":"(anonymous_2)","decl":{"start":{"line":279,"column":0},"end":{"line":279,"column":null}},"loc":{"start":{"line":279,"column":0},"end":{"line":289,"column":null}}},"2":{"name":"(anonymous_3)","decl":{"start":{"line":291,"column":0},"end":{"line":291,"column":null}},"loc":{"start":{"line":291,"column":0},"end":{"line":300,"column":null}}},"3":{"name":"(anonymous_4)","decl":{"start":{"line":292,"column":0},"end":{"line":292,"column":null}},"loc":{"start":{"line":292,"column":0},"end":{"line":299,"column":null}}},"4":{"name":"(anonymous_5)","decl":{"start":{"line":302,"column":0},"end":{"line":302,"column":null}},"loc":{"start":{"line":302,"column":0},"end":{"line":309,"column":null}}},"5":{"name":"(anonymous_6)","decl":{"start":{"line":311,"column":0},"end":{"line":311,"column":null}},"loc":{"start":{"line":311,"column":0},"end":{"line":319,"column":null}}},"6":{"name":"(anonymous_7)","decl":{"start":{"line":322,"column":0},"end":{"line":322,"column":null}},"loc":{"start":{"line":322,"column":0},"end":{"line":328,"column":null}}}},"branchMap":{"0":{"loc":{"start":{"line":303,"column":0},"end":{"line":308,"column":null}},"type":"if","locations":[{"start":{"line":303,"column":0},"end":{"line":308,"column":null}},{"start":{"line":303,"column":0},"end":{"line":308,"column":null}}]}},"s":{"0":3,"1":3,"2":3,"3":4,"4":5,"5":5,"6":1,"7":1,"8":4,"9":4,"10":2,"11":1,"12":1,"13":1,"14":4,"15":4},"f":{"0":4,"1":5,"2":4,"3":4,"4":2,"5":1,"6":4},"b":{"0":[1,1]}}
,"D:\\Project\\bliress-frontend\\src\\views\\trainer\\training\\UploadMaterial.vue": {"path":"D:\\Project\\bliress-frontend\\src\\views\\trainer\\training\\UploadMaterial.vue","statementMap":{"0":{"start":{"line":288,"column":0},"end":{"line":288,"column":null}},"1":{"start":{"line":289,"column":0},"end":{"line":289,"column":null}},"2":{"start":{"line":298,"column":0},"end":{"line":298,"column":null}},"3":{"start":{"line":312,"column":0},"end":{"line":312,"column":null}},"4":{"start":{"line":328,"column":0},"end":{"line":328,"column":null}},"5":{"start":{"line":329,"column":0},"end":{"line":329,"column":null}},"6":{"start":{"line":333,"column":0},"end":{"line":337,"column":null}},"7":{"start":{"line":334,"column":0},"end":{"line":334,"column":null}},"8":{"start":{"line":336,"column":0},"end":{"line":336,"column":null}},"9":{"start":{"line":342,"column":0},"end":{"line":342,"column":null}},"10":{"start":{"line":345,"column":0},"end":{"line":345,"column":null}},"11":{"start":{"line":348,"column":0},"end":{"line":348,"column":null}},"12":{"start":{"line":349,"column":0},"end":{"line":349,"column":null}},"13":{"start":{"line":353,"column":0},"end":{"line":362,"column":null}},"14":{"start":{"line":354,"column":0},"end":{"line":354,"column":null}},"15":{"start":{"line":366,"column":0},"end":{"line":370,"column":null}},"16":{"start":{"line":367,"column":0},"end":{"line":367,"column":null}},"17":{"start":{"line":369,"column":0},"end":{"line":369,"column":null}},"18":{"start":{"line":376,"column":0},"end":{"line":376,"column":null}},"19":{"start":{"line":379,"column":0},"end":{"line":379,"column":null}},"20":{"start":{"line":380,"column":0},"end":{"line":380,"column":null}}},"fnMap":{"0":{"name":"(anonymous_1)","decl":{"start":{"line":297,"column":0},"end":{"line":297,"column":null}},"loc":{"start":{"line":297,"column":0},"end":{"line":308,"column":null}}},"1":{"name":"(anonymous_2)","decl":{"start":{"line":311,"column":0},"end":{"line":311,"column":null}},"loc":{"start":{"line":311,"column":0},"end":{"line":319,"column":null}}},"2":{"name":"(anonymous_3)","decl":{"start":{"line":327,"column":0},"end":{"line":327,"column":null}},"loc":{"start":{"line":327,"column":0},"end":{"line":330,"column":null}}},"3":{"name":"(anonymous_4)","decl":{"start":{"line":332,"column":0},"end":{"line":332,"column":null}},"loc":{"start":{"line":332,"column":0},"end":{"line":338,"column":null}}},"4":{"name":"(anonymous_5)","decl":{"start":{"line":340,"column":0},"end":{"line":340,"column":null}},"loc":{"start":{"line":340,"column":0},"end":{"line":350,"column":null}}},"5":{"name":"(anonymous_6)","decl":{"start":{"line":352,"column":0},"end":{"line":352,"column":null}},"loc":{"start":{"line":352,"column":0},"end":{"line":363,"column":null}}},"6":{"name":"(anonymous_7)","decl":{"start":{"line":353,"column":0},"end":{"line":353,"column":null}},"loc":{"start":{"line":353,"column":0},"end":{"line":362,"column":null}}},"7":{"name":"(anonymous_8)","decl":{"start":{"line":365,"column":0},"end":{"line":365,"column":null}},"loc":{"start":{"line":365,"column":0},"end":{"line":371,"column":null}}},"8":{"name":"(anonymous_9)","decl":{"start":{"line":374,"column":0},"end":{"line":374,"column":null}},"loc":{"start":{"line":374,"column":0},"end":{"line":381,"column":null}}}},"branchMap":{"0":{"loc":{"start":{"line":333,"column":0},"end":{"line":337,"column":null}},"type":"if","locations":[{"start":{"line":333,"column":0},"end":{"line":337,"column":null}},{"start":{"line":333,"column":0},"end":{"line":337,"column":null}}]},"1":{"loc":{"start":{"line":333,"column":0},"end":{"line":333,"column":null}},"type":"binary-expr","locations":[{"start":{"line":333,"column":0},"end":{"line":333,"column":null}},{"start":{"line":333,"column":0},"end":{"line":333,"column":null}}]},"2":{"loc":{"start":{"line":366,"column":0},"end":{"line":370,"column":null}},"type":"if","locations":[{"start":{"line":366,"column":0},"end":{"line":370,"column":null}},{"start":{"line":366,"column":0},"end":{"line":370,"column":null}}]}},"s":{"0":2,"1":2,"2":7,"3":7,"4":1,"5":1,"6":2,"7":1,"8":1,"9":1,"10":1,"11":1,"12":1,"13":1,"14":1,"15":2,"16":1,"17":1,"18":7,"19":7,"20":7},"f":{"0":7,"1":7,"2":1,"3":2,"4":1,"5":1,"6":1,"7":2,"8":7},"b":{"0":[1,1],"1":[2,1],"2":[1,1]}}
}
