TN:
SF:D:\Project\bliress-frontend\src\components\admin\MenuBar.vue
FN:137,(anonymous_1)
FNF:1
FNH:1
FNDA:1,(anonymous_1)
DA:138,1
DA:139,1
LF:2
LH:2
BRF:0
BRH:0
end_of_record
TN:
SF:D:\Project\bliress-frontend\src\components\trainer\MenuBar.vue
FN:131,(anonymous_1)
FNF:1
FNH:1
FNDA:1,(anonymous_1)
DA:132,1
DA:133,1
LF:2
LH:2
BRF:0
BRH:0
end_of_record
TN:
SF:D:\Project\bliress-frontend\src\views\Login.vue
FN:266,(anonymous_1)
FN:289,(anonymous_2)
FN:301,(anonymous_3)
FN:302,(anonymous_4)
FN:313,(anonymous_5)
FN:337,(anonymous_6)
FNF:6
FNH:6
FNDA:8,(anonymous_1)
FNDA:2,(anonymous_2)
FNDA:1,(anonymous_3)
FNDA:1,(anonymous_4)
FNDA:5,(anonymous_5)
FNDA:8,(anonymous_6)
DA:257,1
DA:258,1
DA:267,8
DA:291,2
DA:294,2
DA:297,1
DA:298,1
DA:302,1
DA:303,1
DA:315,5
DA:317,4
DA:320,4
DA:321,1
DA:322,3
DA:323,1
DA:324,2
DA:325,1
DA:329,4
DA:332,1
DA:338,8
DA:339,1
LF:21
LH:21
BRDA:315,0,0,4
BRDA:315,0,1,1
BRDA:320,1,0,1
BRDA:320,1,1,3
BRDA:322,2,0,1
BRDA:322,2,1,2
BRDA:324,3,0,1
BRDA:324,3,1,1
BRDA:338,4,0,1
BRDA:338,4,1,7
BRF:10
BRH:10
end_of_record
TN:
SF:D:\Project\bliress-frontend\src\views\employee\account\Account.vue
FN:429,(anonymous_1)
FN:448,(anonymous_2)
FN:460,(anonymous_3)
FN:469,(anonymous_4)
FN:470,(anonymous_5)
FN:480,(anonymous_6)
FN:486,(anonymous_7)
FNF:7
FNH:7
FNDA:4,(anonymous_1)
FNDA:5,(anonymous_2)
FNDA:2,(anonymous_3)
FNDA:4,(anonymous_4)
FNDA:4,(anonymous_5)
FNDA:1,(anonymous_6)
FNDA:4,(anonymous_7)
DA:418,1
DA:419,1
DA:420,1
DA:430,4
DA:450,5
DA:453,5
DA:456,1
DA:457,1
DA:461,2
DA:462,1
DA:465,1
DA:470,4
DA:471,4
DA:481,1
DA:482,1
DA:488,4
DA:491,4
LF:17
LH:17
BRDA:461,0,0,1
BRDA:461,0,1,1
BRF:2
BRH:2
end_of_record
TN:
SF:D:\Project\bliress-frontend\src\views\employee\notification\Notification.vue
FN:177,(anonymous_1)
FN:196,(anonymous_2)
FN:208,(anonymous_3)
FN:209,(anonymous_4)
FN:219,(anonymous_5)
FN:229,(anonymous_6)
FNF:6
FNH:6
FNDA:3,(anonymous_1)
FNDA:4,(anonymous_2)
FNDA:3,(anonymous_3)
FNDA:3,(anonymous_4)
FNDA:2,(anonymous_5)
FNDA:3,(anonymous_6)
DA:166,1
DA:167,1
DA:168,1
DA:178,3
DA:198,4
DA:201,4
DA:204,1
DA:205,1
DA:209,3
DA:210,3
DA:220,2
DA:221,1
DA:224,1
DA:231,3
DA:234,3
LF:15
LH:15
BRDA:220,0,0,1
BRDA:220,0,1,1
BRF:2
BRH:2
end_of_record
TN:
SF:D:\Project\bliress-frontend\src\views\employee\test\DetailTest.vue
FN:261,(anonymous_1)
FN:281,(anonymous_2)
FN:293,(anonymous_3)
FN:294,(anonymous_4)
FN:305,(anonymous_5)
FN:314,(anonymous_6)
FN:333,(anonymous_7)
FNF:7
FNH:7
FNDA:4,(anonymous_1)
FNDA:5,(anonymous_2)
FNDA:4,(anonymous_3)
FNDA:4,(anonymous_4)
FNDA:2,(anonymous_5)
FNDA:2,(anonymous_6)
FNDA:4,(anonymous_7)
DA:252,1
DA:253,1
DA:262,4
DA:283,5
DA:286,5
DA:289,1
DA:290,1
DA:294,4
DA:295,4
DA:306,2
DA:307,1
DA:310,1
DA:315,2
DA:320,2
DA:321,1
DA:322,1
DA:335,4
DA:338,4
DA:341,4
LF:19
LH:19
BRDA:306,0,0,1
BRDA:306,0,1,1
BRDA:320,1,0,1
BRDA:320,1,1,1
BRF:4
BRH:4
end_of_record
TN:
SF:D:\Project\bliress-frontend\src\views\employee\test\Question.vue
FN:367,(anonymous_1)
FN:409,(anonymous_2)
FN:425,(anonymous_3)
FN:437,(anonymous_4)
FN:438,(anonymous_5)
FN:450,(anonymous_6)
FN:460,(anonymous_7)
FN:471,(anonymous_8)
FN:482,(anonymous_9)
FN:494,(anonymous_10)
FN:495,(anonymous_11)
FN:508,(anonymous_12)
FN:517,(anonymous_13)
FN:521,(anonymous_14)
FN:522,(anonymous_15)
FN:535,(anonymous_16)
FN:545,(anonymous_17)
FN:553,(anonymous_18)
FN:557,(anonymous_19)
FNF:19
FNH:19
FNDA:11,(anonymous_1)
FNDA:1,(anonymous_2)
FNDA:12,(anonymous_3)
FNDA:11,(anonymous_4)
FNDA:11,(anonymous_5)
FNDA:2,(anonymous_6)
FNDA:2,(anonymous_7)
FNDA:2,(anonymous_8)
FNDA:3,(anonymous_9)
FNDA:2,(anonymous_10)
FNDA:2,(anonymous_11)
FNDA:2,(anonymous_12)
FNDA:1,(anonymous_13)
FNDA:11,(anonymous_14)
FNDA:1,(anonymous_15)
FNDA:2,(anonymous_16)
FNDA:2,(anonymous_17)
FNDA:11,(anonymous_18)
FNDA:11,(anonymous_19)
DA:358,1
DA:359,1
DA:368,11
DA:410,1
DA:427,12
DA:430,12
DA:433,1
DA:434,1
DA:438,11
DA:439,11
DA:451,2
DA:452,1
DA:453,1
DA:456,1
DA:461,2
DA:466,2
DA:467,1
DA:472,2
DA:477,2
DA:478,1
DA:484,3
DA:487,3
DA:490,1
DA:491,1
DA:495,2
DA:496,2
DA:509,2
DA:510,1
DA:511,1
DA:513,1
DA:518,1
DA:522,11
DA:523,1
DA:524,1
DA:525,1
DA:528,1
DA:531,1
DA:536,2
DA:537,1
DA:540,2
DA:541,1
DA:546,2
DA:547,1
DA:548,1
DA:554,11
DA:559,11
DA:562,11
DA:563,11
DA:566,11
LF:49
LH:49
BRDA:451,0,0,1
BRDA:451,0,1,1
BRDA:466,1,0,1
BRDA:466,1,1,1
BRDA:477,2,0,1
BRDA:477,2,1,1
BRDA:509,3,0,1
BRDA:509,3,1,1
BRDA:536,4,0,1
BRDA:536,4,1,1
BRDA:540,5,0,1
BRDA:540,5,1,1
BRDA:546,6,0,1
BRDA:546,6,1,1
BRDA:546,7,0,2
BRDA:546,7,1,1
BRF:16
BRH:16
end_of_record
TN:
SF:D:\Project\bliress-frontend\src\views\employee\test\Test.vue
FN:261,(anonymous_1)
FN:279,(anonymous_2)
FN:291,(anonymous_3)
FN:292,(anonymous_4)
FN:302,(anonymous_5)
FN:312,(anonymous_6)
FNF:6
FNH:6
FNDA:3,(anonymous_1)
FNDA:4,(anonymous_2)
FNDA:3,(anonymous_3)
FNDA:3,(anonymous_4)
FNDA:2,(anonymous_5)
FNDA:3,(anonymous_6)
DA:250,1
DA:251,1
DA:252,1
DA:262,3
DA:281,4
DA:284,4
DA:287,1
DA:288,1
DA:292,3
DA:293,3
DA:303,2
DA:304,1
DA:307,1
DA:314,3
DA:317,3
LF:15
LH:15
BRDA:303,0,0,1
BRDA:303,0,1,1
BRF:2
BRH:2
end_of_record
TN:
SF:D:\Project\bliress-frontend\src\views\employee\training\DetailTraining.vue
FN:534,(anonymous_1)
FN:554,(anonymous_2)
FN:566,(anonymous_3)
FN:567,(anonymous_4)
FN:578,(anonymous_5)
FN:591,(anonymous_6)
FN:601,(anonymous_7)
FNF:7
FNH:7
FNDA:4,(anonymous_1)
FNDA:5,(anonymous_2)
FNDA:4,(anonymous_3)
FNDA:4,(anonymous_4)
FNDA:2,(anonymous_5)
FNDA:1,(anonymous_6)
FNDA:4,(anonymous_7)
DA:525,1
DA:526,1
DA:535,4
DA:556,5
DA:559,5
DA:562,1
DA:563,1
DA:567,4
DA:568,4
DA:580,2
DA:581,1
DA:584,1
DA:587,1
DA:592,1
DA:603,4
DA:606,4
DA:609,4
LF:17
LH:17
BRDA:580,0,0,1
BRDA:580,0,1,1
BRF:2
BRH:2
end_of_record
TN:
SF:D:\Project\bliress-frontend\src\views\employee\training\QrcodeScanner.vue
FN:162,(anonymous_1)
FN:170,(anonymous_2)
FN:174,(anonymous_3)
FN:182,(anonymous_4)
FN:199,(anonymous_5)
FNF:5
FNH:5
FNDA:4,(anonymous_1)
FNDA:1,(anonymous_2)
FNDA:2,(anonymous_3)
FNDA:7,(anonymous_4)
FNDA:4,(anonymous_5)
DA:154,1
DA:163,4
DA:171,1
DA:175,2
DA:176,2
DA:178,1
DA:183,7
DA:184,1
DA:185,6
DA:186,1
DA:187,5
DA:188,1
DA:189,4
DA:190,1
DA:191,3
DA:192,1
DA:193,2
DA:194,1
DA:201,4
DA:204,4
LF:20
LH:20
BRDA:183,0,0,1
BRDA:183,0,1,6
BRDA:185,1,0,1
BRDA:185,1,1,5
BRDA:187,2,0,1
BRDA:187,2,1,4
BRDA:189,3,0,1
BRDA:189,3,1,3
BRDA:191,4,0,1
BRDA:191,4,1,2
BRDA:193,5,0,1
BRDA:193,5,1,1
BRF:12
BRH:12
end_of_record
TN:
SF:D:\Project\bliress-frontend\src\views\employee\training\Training.vue
FN:280,(anonymous_1)
FN:299,(anonymous_2)
FN:311,(anonymous_3)
FN:312,(anonymous_4)
FN:322,(anonymous_5)
FN:331,(anonymous_6)
FNF:6
FNH:6
FNDA:3,(anonymous_1)
FNDA:4,(anonymous_2)
FNDA:3,(anonymous_3)
FNDA:3,(anonymous_4)
FNDA:2,(anonymous_5)
FNDA:3,(anonymous_6)
DA:269,1
DA:270,1
DA:271,1
DA:281,3
DA:301,4
DA:304,4
DA:307,1
DA:308,1
DA:312,3
DA:313,3
DA:323,2
DA:324,1
DA:326,1
DA:333,3
DA:336,3
LF:15
LH:15
BRDA:323,0,0,1
BRDA:323,0,1,1
BRF:2
BRH:2
end_of_record
TN:
SF:D:\Project\bliress-frontend\src\views\trainer\notification\Notification.vue
FN:178,(anonymous_1)
FN:197,(anonymous_2)
FN:209,(anonymous_3)
FN:210,(anonymous_4)
FN:220,(anonymous_5)
FN:229,(anonymous_6)
FNF:6
FNH:6
FNDA:3,(anonymous_1)
FNDA:4,(anonymous_2)
FNDA:3,(anonymous_3)
FNDA:3,(anonymous_4)
FNDA:2,(anonymous_5)
FNDA:3,(anonymous_6)
DA:167,1
DA:168,1
DA:169,1
DA:179,3
DA:199,4
DA:202,4
DA:205,1
DA:206,1
DA:210,3
DA:211,3
DA:221,2
DA:222,1
DA:224,1
DA:231,3
DA:234,3
LF:15
LH:15
BRDA:221,0,0,1
BRDA:221,0,1,1
BRF:2
BRH:2
end_of_record
