TN:
SF:D:\Project\bliress-frontend\src\components\admin\MenuBar.vue
FN:137,(anonymous_1)
FNF:1
FNH:1
FNDA:1,(anonymous_1)
DA:138,1
DA:139,1
DA:140,1
LF:3
LH:3
BRF:0
BRH:0
end_of_record
TN:
SF:D:\Project\bliress-frontend\src\config\index.js
FNF:0
FNH:0
LF:0
LH:0
BRF:0
BRH:0
end_of_record
TN:
SF:D:\Project\bliress-frontend\src\function\index.js
FN:6,(anonymous_0)
FN:14,(anonymous_1)
FN:27,(anonymous_2)
FN:39,(anonymous_3)
FN:50,(anonymous_4)
FN:61,(anonymous_5)
FN:95,(anonymous_6)
FNF:7
FNH:7
FNDA:3,(anonymous_0)
FNDA:1,(anonymous_1)
FNDA:1,(anonymous_2)
FNDA:1,(anonymous_3)
FNDA:1,(anonymous_4)
FNDA:4,(anonymous_5)
FNDA:1,(anonymous_6)
DA:7,3
DA:8,1
DA:9,2
DA:10,1
DA:15,1
DA:24,1
DA:28,1
DA:40,1
DA:51,1
DA:62,4
DA:70,4
DA:71,4
DA:72,4
DA:74,1
DA:75,1
DA:78,1
DA:79,1
DA:82,1
DA:83,1
DA:86,1
DA:87,1
DA:90,4
DA:91,3
DA:96,1
DA:108,1
LF:25
LH:25
BRDA:7,0,0,1
BRDA:7,0,1,2
BRDA:9,1,0,1
BRDA:9,1,1,1
BRDA:72,2,0,1
BRDA:72,2,1,1
BRDA:72,2,2,1
BRDA:72,2,3,1
BRDA:90,3,0,3
BRDA:90,3,1,1
BRF:10
BRH:10
end_of_record
TN:
SF:D:\Project\bliress-frontend\src\router\index.js
FN:11,(anonymous_0)
FN:16,(anonymous_1)
FN:21,(anonymous_2)
FN:26,(anonymous_3)
FN:31,(anonymous_4)
FN:36,(anonymous_5)
FN:41,(anonymous_6)
FN:46,(anonymous_7)
FN:51,(anonymous_8)
FN:56,(anonymous_9)
FN:61,(anonymous_10)
FN:66,(anonymous_11)
FN:71,(anonymous_12)
FN:76,(anonymous_13)
FN:81,(anonymous_14)
FN:86,(anonymous_15)
FN:91,(anonymous_16)
FN:96,(anonymous_17)
FN:101,(anonymous_18)
FN:111,(anonymous_19)
FN:116,(anonymous_20)
FN:121,(anonymous_21)
FN:126,(anonymous_22)
FN:131,(anonymous_23)
FN:136,(anonymous_24)
FN:141,(anonymous_25)
FN:146,(anonymous_26)
FN:151,(anonymous_27)
FN:156,(anonymous_28)
FN:161,(anonymous_29)
FN:166,(anonymous_30)
FN:171,(anonymous_31)
FN:176,(anonymous_32)
FN:181,(anonymous_33)
FN:186,(anonymous_34)
FN:191,(anonymous_35)
FN:196,(anonymous_36)
FN:201,(anonymous_37)
FN:206,(anonymous_38)
FN:211,(anonymous_39)
FN:216,(anonymous_40)
FN:221,(anonymous_41)
FN:226,(anonymous_42)
FN:231,(anonymous_43)
FN:239,(anonymous_44)
FN:247,(anonymous_45)
FN:254,(anonymous_46)
FNF:47
FNH:47
FNDA:2,(anonymous_0)
FNDA:2,(anonymous_1)
FNDA:1,(anonymous_2)
FNDA:1,(anonymous_3)
FNDA:1,(anonymous_4)
FNDA:1,(anonymous_5)
FNDA:1,(anonymous_6)
FNDA:1,(anonymous_7)
FNDA:1,(anonymous_8)
FNDA:2,(anonymous_9)
FNDA:1,(anonymous_10)
FNDA:1,(anonymous_11)
FNDA:1,(anonymous_12)
FNDA:1,(anonymous_13)
FNDA:1,(anonymous_14)
FNDA:1,(anonymous_15)
FNDA:1,(anonymous_16)
FNDA:1,(anonymous_17)
FNDA:1,(anonymous_18)
FNDA:1,(anonymous_19)
FNDA:1,(anonymous_20)
FNDA:1,(anonymous_21)
FNDA:1,(anonymous_22)
FNDA:1,(anonymous_23)
FNDA:1,(anonymous_24)
FNDA:1,(anonymous_25)
FNDA:1,(anonymous_26)
FNDA:1,(anonymous_27)
FNDA:1,(anonymous_28)
FNDA:1,(anonymous_29)
FNDA:1,(anonymous_30)
FNDA:1,(anonymous_31)
FNDA:1,(anonymous_32)
FNDA:2,(anonymous_33)
FNDA:1,(anonymous_34)
FNDA:1,(anonymous_35)
FNDA:1,(anonymous_36)
FNDA:1,(anonymous_37)
FNDA:1,(anonymous_38)
FNDA:1,(anonymous_39)
FNDA:1,(anonymous_40)
FNDA:1,(anonymous_41)
FNDA:1,(anonymous_42)
FNDA:1,(anonymous_43)
FNDA:24,(anonymous_44)
FNDA:28,(anonymous_45)
FNDA:26,(anonymous_46)
DA:5,2
DA:7,2
DA:11,2
DA:16,2
DA:21,1
DA:26,1
DA:31,1
DA:36,1
DA:41,1
DA:46,1
DA:51,1
DA:56,2
DA:61,1
DA:66,1
DA:71,1
DA:76,1
DA:81,1
DA:86,1
DA:91,1
DA:96,1
DA:101,1
DA:111,1
DA:116,1
DA:121,1
DA:126,1
DA:131,1
DA:136,1
DA:141,1
DA:146,1
DA:151,1
DA:156,1
DA:161,1
DA:166,1
DA:171,1
DA:176,1
DA:181,2
DA:186,1
DA:191,1
DA:196,1
DA:201,1
DA:206,1
DA:211,1
DA:216,1
DA:221,1
DA:226,1
DA:231,1
DA:235,2
DA:240,24
DA:241,1
DA:243,23
DA:247,2
DA:248,28
DA:249,27
DA:251,28
DA:254,2
DA:255,26
LF:56
LH:56
BRDA:240,0,0,1
BRDA:240,0,1,23
BRDA:248,1,0,27
BRDA:248,1,1,1
BRF:4
BRH:4
end_of_record
TN:
SF:D:\Project\bliress-frontend\src\store\modules\admin\batch.js
FN:11,(anonymous_0)
FN:17,(anonymous_1)
FN:23,(anonymous_2)
FN:34,(anonymous_3)
FN:38,(anonymous_4)
FN:43,(anonymous_5)
FN:54,(anonymous_6)
FN:58,(anonymous_7)
FN:63,(anonymous_8)
FN:75,(anonymous_9)
FN:79,(anonymous_10)
FNF:11
FNH:11
FNDA:1,(anonymous_0)
FNDA:1,(anonymous_1)
FNDA:2,(anonymous_2)
FNDA:1,(anonymous_3)
FNDA:1,(anonymous_4)
FNDA:2,(anonymous_5)
FNDA:1,(anonymous_6)
FNDA:1,(anonymous_7)
FNDA:2,(anonymous_8)
FNDA:1,(anonymous_9)
FNDA:1,(anonymous_10)
DA:4,1
DA:6,1
DA:10,1
DA:12,1
DA:16,1
DA:18,1
DA:22,1
DA:24,2
DA:35,1
DA:36,1
DA:39,1
DA:44,2
DA:55,1
DA:56,1
DA:59,1
DA:64,2
DA:76,1
DA:77,1
DA:80,1
LF:19
LH:19
BRF:0
BRH:0
end_of_record
TN:
SF:D:\Project\bliress-frontend\src\store\modules\admin\employee.js
FN:13,(anonymous_0)
FN:17,(anonymous_1)
FN:21,(anonymous_2)
FN:27,(anonymous_3)
FN:31,(anonymous_4)
FN:35,(anonymous_5)
FN:41,(anonymous_6)
FN:53,(anonymous_7)
FN:57,(anonymous_8)
FN:62,(anonymous_9)
FN:73,(anonymous_10)
FN:77,(anonymous_11)
FN:82,(anonymous_12)
FN:94,(anonymous_13)
FN:98,(anonymous_14)
FN:103,(anonymous_15)
FN:114,(anonymous_16)
FN:118,(anonymous_17)
FN:123,(anonymous_18)
FN:134,(anonymous_19)
FN:138,(anonymous_20)
FN:143,(anonymous_21)
FN:155,(anonymous_22)
FN:159,(anonymous_23)
FN:164,(anonymous_24)
FN:175,(anonymous_25)
FN:179,(anonymous_26)
FNF:27
FNH:27
FNDA:1,(anonymous_0)
FNDA:1,(anonymous_1)
FNDA:1,(anonymous_2)
FNDA:1,(anonymous_3)
FNDA:1,(anonymous_4)
FNDA:1,(anonymous_5)
FNDA:2,(anonymous_6)
FNDA:1,(anonymous_7)
FNDA:1,(anonymous_8)
FNDA:2,(anonymous_9)
FNDA:1,(anonymous_10)
FNDA:1,(anonymous_11)
FNDA:2,(anonymous_12)
FNDA:1,(anonymous_13)
FNDA:1,(anonymous_14)
FNDA:2,(anonymous_15)
FNDA:1,(anonymous_16)
FNDA:1,(anonymous_17)
FNDA:2,(anonymous_18)
FNDA:1,(anonymous_19)
FNDA:1,(anonymous_20)
FNDA:2,(anonymous_21)
FNDA:1,(anonymous_22)
FNDA:1,(anonymous_23)
FNDA:2,(anonymous_24)
FNDA:1,(anonymous_25)
FNDA:1,(anonymous_26)
DA:4,1
DA:6,1
DA:12,1
DA:14,1
DA:18,1
DA:22,1
DA:26,1
DA:28,1
DA:32,1
DA:36,1
DA:40,1
DA:42,2
DA:54,1
DA:55,1
DA:58,1
DA:63,2
DA:74,1
DA:75,1
DA:78,1
DA:83,2
DA:95,1
DA:96,1
DA:99,1
DA:104,2
DA:115,1
DA:116,1
DA:119,1
DA:124,2
DA:135,1
DA:136,1
DA:139,1
DA:144,2
DA:156,1
DA:157,1
DA:160,1
DA:165,2
DA:176,1
DA:177,1
DA:180,1
LF:39
LH:39
BRF:0
BRH:0
end_of_record
TN:
SF:D:\Project\bliress-frontend\src\store\modules\admin\material.js
FN:11,(anonymous_0)
FN:17,(anonymous_1)
FN:23,(anonymous_2)
FN:35,(anonymous_3)
FN:39,(anonymous_4)
FN:44,(anonymous_5)
FN:56,(anonymous_6)
FN:60,(anonymous_7)
FN:65,(anonymous_8)
FN:76,(anonymous_9)
FN:80,(anonymous_10)
FNF:11
FNH:11
FNDA:1,(anonymous_0)
FNDA:1,(anonymous_1)
FNDA:2,(anonymous_2)
FNDA:1,(anonymous_3)
FNDA:1,(anonymous_4)
FNDA:2,(anonymous_5)
FNDA:1,(anonymous_6)
FNDA:1,(anonymous_7)
FNDA:2,(anonymous_8)
FNDA:1,(anonymous_9)
FNDA:1,(anonymous_10)
DA:4,1
DA:6,1
DA:10,1
DA:12,1
DA:16,1
DA:18,1
DA:22,1
DA:24,2
DA:36,1
DA:37,1
DA:40,1
DA:45,2
DA:57,1
DA:58,1
DA:61,1
DA:66,2
DA:77,1
DA:78,1
DA:81,1
LF:19
LH:19
BRF:0
BRH:0
end_of_record
TN:
SF:D:\Project\bliress-frontend\src\store\modules\admin\notification.js
FN:11,(anonymous_0)
FN:17,(anonymous_1)
FN:23,(anonymous_2)
FN:34,(anonymous_3)
FN:38,(anonymous_4)
FN:43,(anonymous_5)
FN:54,(anonymous_6)
FN:58,(anonymous_7)
FNF:8
FNH:8
FNDA:1,(anonymous_0)
FNDA:1,(anonymous_1)
FNDA:2,(anonymous_2)
FNDA:1,(anonymous_3)
FNDA:1,(anonymous_4)
FNDA:2,(anonymous_5)
FNDA:1,(anonymous_6)
FNDA:1,(anonymous_7)
DA:4,1
DA:6,1
DA:10,1
DA:12,1
DA:16,1
DA:18,1
DA:22,1
DA:24,2
DA:35,1
DA:36,1
DA:39,1
DA:44,2
DA:55,1
DA:56,1
DA:59,1
LF:15
LH:15
BRF:0
BRH:0
end_of_record
TN:
SF:D:\Project\bliress-frontend\src\store\modules\admin\test.js
FN:12,(anonymous_0)
FN:16,(anonymous_1)
FN:22,(anonymous_2)
FN:26,(anonymous_3)
FN:32,(anonymous_4)
FN:44,(anonymous_5)
FN:48,(anonymous_6)
FN:53,(anonymous_7)
FN:65,(anonymous_8)
FN:69,(anonymous_9)
FN:74,(anonymous_10)
FN:85,(anonymous_11)
FN:89,(anonymous_12)
FN:94,(anonymous_13)
FN:105,(anonymous_14)
FN:109,(anonymous_15)
FNF:16
FNH:16
FNDA:1,(anonymous_0)
FNDA:1,(anonymous_1)
FNDA:1,(anonymous_2)
FNDA:1,(anonymous_3)
FNDA:2,(anonymous_4)
FNDA:1,(anonymous_5)
FNDA:1,(anonymous_6)
FNDA:2,(anonymous_7)
FNDA:1,(anonymous_8)
FNDA:1,(anonymous_9)
FNDA:2,(anonymous_10)
FNDA:1,(anonymous_11)
FNDA:1,(anonymous_12)
FNDA:2,(anonymous_13)
FNDA:1,(anonymous_14)
FNDA:1,(anonymous_15)
DA:4,1
DA:6,1
DA:11,1
DA:13,1
DA:17,1
DA:21,1
DA:23,1
DA:27,1
DA:31,1
DA:33,2
DA:45,1
DA:46,1
DA:49,1
DA:54,2
DA:66,1
DA:67,1
DA:70,1
DA:75,2
DA:86,1
DA:87,1
DA:90,1
DA:95,2
DA:106,1
DA:107,1
DA:110,1
LF:25
LH:25
BRF:0
BRH:0
end_of_record
TN:
SF:D:\Project\bliress-frontend\src\store\modules\admin\trainer.js
FN:12,(anonymous_0)
FN:16,(anonymous_1)
FN:22,(anonymous_2)
FN:26,(anonymous_3)
FN:32,(anonymous_4)
FN:43,(anonymous_5)
FN:47,(anonymous_6)
FN:52,(anonymous_7)
FN:64,(anonymous_8)
FN:68,(anonymous_9)
FN:73,(anonymous_10)
FN:84,(anonymous_11)
FN:88,(anonymous_12)
FN:93,(anonymous_13)
FN:104,(anonymous_14)
FN:108,(anonymous_15)
FN:113,(anonymous_16)
FN:125,(anonymous_17)
FN:129,(anonymous_18)
FN:134,(anonymous_19)
FN:145,(anonymous_20)
FN:149,(anonymous_21)
FNF:22
FNH:22
FNDA:1,(anonymous_0)
FNDA:1,(anonymous_1)
FNDA:1,(anonymous_2)
FNDA:1,(anonymous_3)
FNDA:2,(anonymous_4)
FNDA:1,(anonymous_5)
FNDA:1,(anonymous_6)
FNDA:2,(anonymous_7)
FNDA:1,(anonymous_8)
FNDA:1,(anonymous_9)
FNDA:2,(anonymous_10)
FNDA:1,(anonymous_11)
FNDA:1,(anonymous_12)
FNDA:2,(anonymous_13)
FNDA:1,(anonymous_14)
FNDA:1,(anonymous_15)
FNDA:2,(anonymous_16)
FNDA:1,(anonymous_17)
FNDA:1,(anonymous_18)
FNDA:2,(anonymous_19)
FNDA:1,(anonymous_20)
FNDA:1,(anonymous_21)
DA:4,1
DA:6,1
DA:11,1
DA:13,1
DA:17,1
DA:21,1
DA:23,1
DA:27,1
DA:31,1
DA:33,2
DA:44,1
DA:45,1
DA:48,1
DA:53,2
DA:65,1
DA:66,1
DA:69,1
DA:74,2
DA:85,1
DA:86,1
DA:89,1
DA:94,2
DA:105,1
DA:106,1
DA:109,1
DA:114,2
DA:126,1
DA:127,1
DA:130,1
DA:135,2
DA:146,1
DA:147,1
DA:150,1
LF:33
LH:33
BRF:0
BRH:0
end_of_record
TN:
SF:D:\Project\bliress-frontend\src\store\modules\admin\training.js
FN:13,(anonymous_0)
FN:17,(anonymous_1)
FN:21,(anonymous_2)
FN:27,(anonymous_3)
FN:31,(anonymous_4)
FN:35,(anonymous_5)
FN:41,(anonymous_6)
FN:53,(anonymous_7)
FN:57,(anonymous_8)
FN:62,(anonymous_9)
FN:74,(anonymous_10)
FN:78,(anonymous_11)
FN:83,(anonymous_12)
FN:94,(anonymous_13)
FN:98,(anonymous_14)
FN:103,(anonymous_15)
FN:114,(anonymous_16)
FN:118,(anonymous_17)
FN:123,(anonymous_18)
FN:135,(anonymous_19)
FN:139,(anonymous_20)
FN:144,(anonymous_21)
FN:156,(anonymous_22)
FN:160,(anonymous_23)
FNF:24
FNH:24
FNDA:1,(anonymous_0)
FNDA:1,(anonymous_1)
FNDA:1,(anonymous_2)
FNDA:1,(anonymous_3)
FNDA:1,(anonymous_4)
FNDA:1,(anonymous_5)
FNDA:2,(anonymous_6)
FNDA:1,(anonymous_7)
FNDA:1,(anonymous_8)
FNDA:2,(anonymous_9)
FNDA:1,(anonymous_10)
FNDA:1,(anonymous_11)
FNDA:2,(anonymous_12)
FNDA:1,(anonymous_13)
FNDA:1,(anonymous_14)
FNDA:2,(anonymous_15)
FNDA:1,(anonymous_16)
FNDA:1,(anonymous_17)
FNDA:2,(anonymous_18)
FNDA:1,(anonymous_19)
FNDA:1,(anonymous_20)
FNDA:2,(anonymous_21)
FNDA:1,(anonymous_22)
FNDA:1,(anonymous_23)
DA:4,1
DA:6,1
DA:12,1
DA:14,1
DA:18,1
DA:22,1
DA:26,1
DA:28,1
DA:32,1
DA:36,1
DA:40,1
DA:42,2
DA:54,1
DA:55,1
DA:58,1
DA:63,2
DA:75,1
DA:76,1
DA:79,1
DA:84,2
DA:95,1
DA:96,1
DA:99,1
DA:104,2
DA:115,1
DA:116,1
DA:119,1
DA:124,2
DA:136,1
DA:137,1
DA:140,1
DA:145,2
DA:157,1
DA:158,1
DA:161,1
LF:35
LH:35
BRF:0
BRH:0
end_of_record
TN:
SF:D:\Project\bliress-frontend\src\store\modules\auth\index.js
FN:11,(anonymous_0)
FN:17,(anonymous_1)
FN:23,(anonymous_2)
FN:33,(anonymous_3)
FN:37,(anonymous_4)
FNF:5
FNH:5
FNDA:1,(anonymous_0)
FNDA:1,(anonymous_1)
FNDA:2,(anonymous_2)
FNDA:1,(anonymous_3)
FNDA:1,(anonymous_4)
DA:4,1
DA:6,1
DA:10,1
DA:12,1
DA:16,1
DA:18,1
DA:22,1
DA:24,2
DA:34,1
DA:35,1
DA:38,1
DA:39,1
LF:12
LH:12
BRF:0
BRH:0
end_of_record
TN:
SF:D:\Project\bliress-frontend\src\store\modules\employees\employee.js
FN:11,(anonymous_0)
FN:17,(anonymous_1)
FN:23,(anonymous_2)
FN:35,(anonymous_3)
FN:39,(anonymous_4)
FN:44,(anonymous_5)
FN:54,(anonymous_6)
FN:58,(anonymous_7)
FNF:8
FNH:8
FNDA:1,(anonymous_0)
FNDA:1,(anonymous_1)
FNDA:2,(anonymous_2)
FNDA:1,(anonymous_3)
FNDA:1,(anonymous_4)
FNDA:2,(anonymous_5)
FNDA:1,(anonymous_6)
FNDA:1,(anonymous_7)
DA:4,1
DA:6,1
DA:10,1
DA:12,1
DA:16,1
DA:18,1
DA:22,1
DA:24,2
DA:36,1
DA:37,1
DA:40,1
DA:45,2
DA:55,1
DA:56,1
DA:59,1
LF:15
LH:15
BRF:0
BRH:0
end_of_record
TN:
SF:D:\Project\bliress-frontend\src\store\modules\employees\notification.js
FN:12,(anonymous_0)
FN:16,(anonymous_1)
FN:22,(anonymous_2)
FN:26,(anonymous_3)
FN:32,(anonymous_4)
FN:44,(anonymous_5)
FN:48,(anonymous_6)
FN:53,(anonymous_7)
FN:65,(anonymous_8)
FN:69,(anonymous_9)
FN:74,(anonymous_10)
FN:85,(anonymous_11)
FN:89,(anonymous_12)
FNF:13
FNH:13
FNDA:1,(anonymous_0)
FNDA:1,(anonymous_1)
FNDA:1,(anonymous_2)
FNDA:1,(anonymous_3)
FNDA:2,(anonymous_4)
FNDA:1,(anonymous_5)
FNDA:1,(anonymous_6)
FNDA:2,(anonymous_7)
FNDA:1,(anonymous_8)
FNDA:1,(anonymous_9)
FNDA:2,(anonymous_10)
FNDA:1,(anonymous_11)
FNDA:1,(anonymous_12)
DA:4,1
DA:6,1
DA:11,1
DA:13,1
DA:17,1
DA:21,1
DA:23,1
DA:27,1
DA:31,1
DA:33,2
DA:45,1
DA:46,1
DA:49,1
DA:54,2
DA:66,1
DA:67,1
DA:70,1
DA:75,2
DA:86,1
DA:87,1
DA:90,1
LF:21
LH:21
BRF:0
BRH:0
end_of_record
TN:
SF:D:\Project\bliress-frontend\src\store\modules\employees\test.js
FN:13,(anonymous_0)
FN:17,(anonymous_1)
FN:21,(anonymous_2)
FN:27,(anonymous_3)
FN:31,(anonymous_4)
FN:35,(anonymous_5)
FN:41,(anonymous_6)
FN:53,(anonymous_7)
FN:57,(anonymous_8)
FN:62,(anonymous_9)
FN:74,(anonymous_10)
FN:78,(anonymous_11)
FN:83,(anonymous_12)
FN:95,(anonymous_13)
FN:99,(anonymous_14)
FN:104,(anonymous_15)
FN:115,(anonymous_16)
FN:119,(anonymous_17)
FNF:18
FNH:18
FNDA:1,(anonymous_0)
FNDA:1,(anonymous_1)
FNDA:1,(anonymous_2)
FNDA:1,(anonymous_3)
FNDA:1,(anonymous_4)
FNDA:1,(anonymous_5)
FNDA:2,(anonymous_6)
FNDA:1,(anonymous_7)
FNDA:1,(anonymous_8)
FNDA:2,(anonymous_9)
FNDA:1,(anonymous_10)
FNDA:1,(anonymous_11)
FNDA:2,(anonymous_12)
FNDA:1,(anonymous_13)
FNDA:1,(anonymous_14)
FNDA:2,(anonymous_15)
FNDA:1,(anonymous_16)
FNDA:1,(anonymous_17)
DA:4,1
DA:6,1
DA:12,1
DA:14,1
DA:18,1
DA:22,1
DA:26,1
DA:28,1
DA:32,1
DA:36,1
DA:40,1
DA:42,2
DA:54,1
DA:55,1
DA:58,1
DA:63,2
DA:75,1
DA:76,1
DA:79,1
DA:84,2
DA:96,1
DA:97,1
DA:100,1
DA:105,2
DA:116,1
DA:117,1
DA:120,1
LF:27
LH:27
BRF:0
BRH:0
end_of_record
TN:
SF:D:\Project\bliress-frontend\src\store\modules\employees\training.js
FN:13,(anonymous_0)
FN:17,(anonymous_1)
FN:21,(anonymous_2)
FN:27,(anonymous_3)
FN:31,(anonymous_4)
FN:35,(anonymous_5)
FN:41,(anonymous_6)
FN:53,(anonymous_7)
FN:57,(anonymous_8)
FN:62,(anonymous_9)
FN:74,(anonymous_10)
FN:78,(anonymous_11)
FN:83,(anonymous_12)
FN:95,(anonymous_13)
FN:99,(anonymous_14)
FNF:15
FNH:15
FNDA:1,(anonymous_0)
FNDA:1,(anonymous_1)
FNDA:1,(anonymous_2)
FNDA:1,(anonymous_3)
FNDA:1,(anonymous_4)
FNDA:1,(anonymous_5)
FNDA:2,(anonymous_6)
FNDA:1,(anonymous_7)
FNDA:1,(anonymous_8)
FNDA:2,(anonymous_9)
FNDA:1,(anonymous_10)
FNDA:1,(anonymous_11)
FNDA:2,(anonymous_12)
FNDA:1,(anonymous_13)
FNDA:1,(anonymous_14)
DA:4,1
DA:6,1
DA:12,1
DA:14,1
DA:18,1
DA:22,1
DA:26,1
DA:28,1
DA:32,1
DA:36,1
DA:40,1
DA:42,2
DA:54,1
DA:55,1
DA:58,1
DA:63,2
DA:75,1
DA:76,1
DA:79,1
DA:84,2
DA:96,1
DA:97,1
DA:100,1
LF:23
LH:23
BRF:0
BRH:0
end_of_record
TN:
SF:D:\Project\bliress-frontend\src\store\modules\trainer\material.js
FN:11,(anonymous_0)
FN:17,(anonymous_1)
FN:23,(anonymous_2)
FN:35,(anonymous_3)
FN:39,(anonymous_4)
FN:44,(anonymous_5)
FN:56,(anonymous_6)
FN:60,(anonymous_7)
FN:65,(anonymous_8)
FN:76,(anonymous_9)
FN:80,(anonymous_10)
FNF:11
FNH:11
FNDA:1,(anonymous_0)
FNDA:1,(anonymous_1)
FNDA:2,(anonymous_2)
FNDA:1,(anonymous_3)
FNDA:1,(anonymous_4)
FNDA:2,(anonymous_5)
FNDA:1,(anonymous_6)
FNDA:1,(anonymous_7)
FNDA:2,(anonymous_8)
FNDA:1,(anonymous_9)
FNDA:1,(anonymous_10)
DA:4,1
DA:6,1
DA:10,1
DA:12,1
DA:16,1
DA:18,1
DA:22,1
DA:24,2
DA:36,1
DA:37,1
DA:40,1
DA:45,2
DA:57,1
DA:58,1
DA:61,1
DA:66,2
DA:77,1
DA:78,1
DA:81,1
LF:19
LH:19
BRF:0
BRH:0
end_of_record
TN:
SF:D:\Project\bliress-frontend\src\store\modules\trainer\notification.js
FN:12,(anonymous_0)
FN:16,(anonymous_1)
FN:22,(anonymous_2)
FN:26,(anonymous_3)
FN:32,(anonymous_4)
FN:44,(anonymous_5)
FN:48,(anonymous_6)
FN:53,(anonymous_7)
FN:65,(anonymous_8)
FN:69,(anonymous_9)
FN:74,(anonymous_10)
FN:85,(anonymous_11)
FN:89,(anonymous_12)
FNF:13
FNH:13
FNDA:1,(anonymous_0)
FNDA:1,(anonymous_1)
FNDA:1,(anonymous_2)
FNDA:1,(anonymous_3)
FNDA:2,(anonymous_4)
FNDA:1,(anonymous_5)
FNDA:1,(anonymous_6)
FNDA:2,(anonymous_7)
FNDA:1,(anonymous_8)
FNDA:1,(anonymous_9)
FNDA:2,(anonymous_10)
FNDA:1,(anonymous_11)
FNDA:1,(anonymous_12)
DA:4,1
DA:6,1
DA:11,1
DA:13,1
DA:17,1
DA:21,1
DA:23,1
DA:27,1
DA:31,1
DA:33,2
DA:45,1
DA:46,1
DA:49,1
DA:54,2
DA:66,1
DA:67,1
DA:70,1
DA:75,2
DA:86,1
DA:87,1
DA:90,1
LF:21
LH:21
BRF:0
BRH:0
end_of_record
TN:
SF:D:\Project\bliress-frontend\src\store\modules\trainer\test.js
FN:12,(anonymous_0)
FN:16,(anonymous_1)
FN:22,(anonymous_2)
FN:26,(anonymous_3)
FN:32,(anonymous_4)
FN:44,(anonymous_5)
FN:48,(anonymous_6)
FN:53,(anonymous_7)
FN:65,(anonymous_8)
FN:69,(anonymous_9)
FN:74,(anonymous_10)
FN:85,(anonymous_11)
FN:89,(anonymous_12)
FN:94,(anonymous_13)
FN:105,(anonymous_14)
FN:109,(anonymous_15)
FNF:16
FNH:16
FNDA:1,(anonymous_0)
FNDA:1,(anonymous_1)
FNDA:1,(anonymous_2)
FNDA:1,(anonymous_3)
FNDA:2,(anonymous_4)
FNDA:1,(anonymous_5)
FNDA:1,(anonymous_6)
FNDA:2,(anonymous_7)
FNDA:1,(anonymous_8)
FNDA:1,(anonymous_9)
FNDA:2,(anonymous_10)
FNDA:1,(anonymous_11)
FNDA:1,(anonymous_12)
FNDA:2,(anonymous_13)
FNDA:1,(anonymous_14)
FNDA:1,(anonymous_15)
DA:4,1
DA:6,1
DA:11,1
DA:13,1
DA:17,1
DA:21,1
DA:23,1
DA:27,1
DA:31,1
DA:33,2
DA:45,1
DA:46,1
DA:49,1
DA:54,2
DA:66,1
DA:67,1
DA:70,1
DA:75,2
DA:86,1
DA:87,1
DA:90,1
DA:95,2
DA:106,1
DA:107,1
DA:110,1
LF:25
LH:25
BRF:0
BRH:0
end_of_record
TN:
SF:D:\Project\bliress-frontend\src\store\modules\trainer\training.js
FN:12,(anonymous_0)
FN:16,(anonymous_1)
FN:22,(anonymous_2)
FN:26,(anonymous_3)
FN:32,(anonymous_4)
FN:44,(anonymous_5)
FN:48,(anonymous_6)
FN:53,(anonymous_7)
FN:65,(anonymous_8)
FN:69,(anonymous_9)
FNF:10
FNH:10
FNDA:1,(anonymous_0)
FNDA:1,(anonymous_1)
FNDA:1,(anonymous_2)
FNDA:1,(anonymous_3)
FNDA:2,(anonymous_4)
FNDA:1,(anonymous_5)
FNDA:1,(anonymous_6)
FNDA:2,(anonymous_7)
FNDA:1,(anonymous_8)
FNDA:1,(anonymous_9)
DA:4,1
DA:6,1
DA:11,1
DA:13,1
DA:17,1
DA:21,1
DA:23,1
DA:27,1
DA:31,1
DA:33,2
DA:45,1
DA:46,1
DA:49,1
DA:54,2
DA:66,1
DA:67,1
DA:70,1
LF:17
LH:17
BRF:0
BRH:0
end_of_record
TN:
SF:D:\Project\bliress-frontend\src\views\Login.vue
FN:266,(anonymous_1)
FN:289,(anonymous_2)
FN:301,(anonymous_3)
FN:302,(anonymous_4)
FN:313,(anonymous_5)
FN:338,(anonymous_6)
FNF:6
FNH:6
FNDA:8,(anonymous_1)
FNDA:2,(anonymous_2)
FNDA:1,(anonymous_3)
FNDA:1,(anonymous_4)
FNDA:5,(anonymous_5)
FNDA:8,(anonymous_6)
DA:257,3
DA:258,3
DA:267,8
DA:291,2
DA:294,2
DA:297,1
DA:298,1
DA:302,1
DA:303,1
DA:315,5
DA:317,4
DA:318,4
DA:321,4
DA:322,1
DA:323,3
DA:324,1
DA:325,2
DA:326,1
DA:330,4
DA:333,1
DA:339,8
DA:340,1
LF:22
LH:22
BRDA:315,0,0,4
BRDA:315,0,1,1
BRDA:321,1,0,1
BRDA:321,1,1,3
BRDA:323,2,0,1
BRDA:323,2,1,2
BRDA:325,3,0,1
BRDA:325,3,1,1
BRDA:339,4,0,1
BRDA:339,4,1,7
BRF:10
BRH:10
end_of_record
TN:
SF:D:\Project\bliress-frontend\src\views\admin\batch\AddTraining.vue
FN:383,(anonymous_1)
FN:413,(anonymous_2)
FN:434,(anonymous_3)
FN:446,(anonymous_4)
FN:447,(anonymous_5)
FN:455,(anonymous_6)
FN:463,(anonymous_7)
FN:480,(anonymous_8)
FN:481,(anonymous_9)
FN:484,(anonymous_10)
FN:496,(anonymous_11)
FN:497,(anonymous_12)
FN:506,(anonymous_13)
FN:514,(anonymous_14)
FN:526,(anonymous_15)
FN:527,(anonymous_16)
FN:539,(anonymous_17)
FN:547,(anonymous_18)
FN:563,(anonymous_19)
FNF:19
FNH:18
FNDA:13,(anonymous_1)
FNDA:13,(anonymous_2)
FNDA:14,(anonymous_3)
FNDA:14,(anonymous_4)
FNDA:14,(anonymous_5)
FNDA:2,(anonymous_6)
FNDA:3,(anonymous_7)
FNDA:1,(anonymous_8)
FNDA:0,(anonymous_9)
FNDA:1,(anonymous_10)
FNDA:1,(anonymous_11)
FNDA:1,(anonymous_12)
FNDA:2,(anonymous_13)
FNDA:13,(anonymous_14)
FNDA:13,(anonymous_15)
FNDA:13,(anonymous_16)
FNDA:2,(anonymous_17)
FNDA:1,(anonymous_18)
FNDA:13,(anonymous_19)
DA:374,2
DA:375,2
DA:384,13
DA:414,13
DA:436,14
DA:439,14
DA:442,1
DA:443,1
DA:447,14
DA:448,14
DA:456,2
DA:457,1
DA:459,1
DA:464,3
DA:465,1
DA:467,2
DA:468,2
DA:469,2
DA:470,2
DA:472,2
DA:473,1
DA:475,1
DA:481,1
DA:486,1
DA:489,1
DA:492,1
DA:493,1
DA:497,1
DA:498,1
DA:507,2
DA:508,1
DA:510,1
DA:516,13
DA:519,13
DA:522,1
DA:523,1
DA:527,13
DA:528,13
DA:540,2
DA:541,1
DA:543,1
DA:548,1
DA:549,1
DA:551,1
DA:565,13
DA:568,13
DA:571,13
DA:572,13
DA:573,12
DA:574,12
DA:575,12
DA:578,12
LF:52
LH:52
BRDA:456,0,0,1
BRDA:456,0,1,1
BRDA:464,1,0,1
BRDA:464,1,1,2
BRDA:472,2,0,1
BRDA:472,2,1,1
BRDA:507,3,0,1
BRDA:507,3,1,1
BRDA:540,4,0,1
BRDA:540,4,1,1
BRDA:572,5,0,12
BRDA:572,5,1,1
BRF:12
BRH:12
end_of_record
TN:
SF:D:\Project\bliress-frontend\src\views\admin\batch\Attendance.vue
FN:294,(anonymous_1)
FN:309,(anonymous_2)
FN:325,(anonymous_3)
FN:337,(anonymous_4)
FN:338,(anonymous_5)
FN:350,(anonymous_6)
FN:360,(anonymous_7)
FNF:7
FNH:7
FNDA:3,(anonymous_1)
FNDA:3,(anonymous_2)
FNDA:4,(anonymous_3)
FNDA:3,(anonymous_4)
FNDA:3,(anonymous_5)
FNDA:2,(anonymous_6)
FNDA:3,(anonymous_7)
DA:285,2
DA:286,2
DA:295,3
DA:310,3
DA:327,4
DA:330,4
DA:333,1
DA:334,1
DA:338,3
DA:339,3
DA:351,2
DA:352,1
DA:353,1
DA:355,1
DA:362,3
DA:365,3
DA:366,3
DA:369,3
LF:18
LH:18
BRDA:351,0,0,1
BRDA:351,0,1,1
BRF:2
BRH:2
end_of_record
TN:
SF:D:\Project\bliress-frontend\src\views\admin\batch\Batch.vue
FN:250,(anonymous_1)
FN:270,(anonymous_2)
FN:282,(anonymous_3)
FN:283,(anonymous_4)
FN:291,(anonymous_5)
FN:300,(anonymous_6)
FN:343,(anonymous_7)
FN:355,(anonymous_8)
FN:356,(anonymous_9)
FN:368,(anonymous_10)
FN:378,(anonymous_11)
FNF:11
FNH:11
FNDA:7,(anonymous_1)
FNDA:9,(anonymous_2)
FNDA:8,(anonymous_3)
FNDA:8,(anonymous_4)
FNDA:2,(anonymous_5)
FNDA:2,(anonymous_6)
FNDA:1,(anonymous_7)
FNDA:1,(anonymous_8)
FNDA:1,(anonymous_9)
FNDA:2,(anonymous_10)
FNDA:7,(anonymous_11)
DA:239,3
DA:240,3
DA:241,3
DA:251,7
DA:272,9
DA:275,9
DA:278,1
DA:279,1
DA:283,8
DA:284,8
DA:292,2
DA:293,1
DA:294,1
DA:296,1
DA:301,2
DA:336,2
DA:337,1
DA:339,1
DA:345,1
DA:348,1
DA:351,1
DA:352,1
DA:356,1
DA:357,1
DA:369,2
DA:370,1
DA:371,1
DA:373,1
DA:380,7
DA:383,7
LF:30
LH:30
BRDA:292,0,0,1
BRDA:292,0,1,1
BRDA:336,1,0,1
BRDA:336,1,1,1
BRDA:336,2,0,2
BRDA:336,2,1,1
BRDA:369,3,0,1
BRDA:369,3,1,1
BRF:8
BRH:8
end_of_record
TN:
SF:D:\Project\bliress-frontend\src\views\admin\batch\DetailBatch.vue
FN:452,(anonymous_1)
FN:471,(anonymous_2)
FN:475,(anonymous_3)
FN:493,(anonymous_4)
FN:504,(anonymous_5)
FN:516,(anonymous_6)
FN:517,(anonymous_7)
FN:528,(anonymous_8)
FN:536,(anonymous_9)
FN:548,(anonymous_10)
FN:549,(anonymous_11)
FN:560,(anonymous_12)
FN:568,(anonymous_13)
FN:580,(anonymous_14)
FN:581,(anonymous_15)
FN:592,(anonymous_16)
FN:602,(anonymous_17)
FNF:17
FNH:17
FNDA:11,(anonymous_1)
FNDA:1,(anonymous_2)
FNDA:1,(anonymous_3)
FNDA:2,(anonymous_4)
FNDA:1,(anonymous_5)
FNDA:1,(anonymous_6)
FNDA:1,(anonymous_7)
FNDA:2,(anonymous_8)
FNDA:12,(anonymous_9)
FNDA:12,(anonymous_10)
FNDA:12,(anonymous_11)
FNDA:2,(anonymous_12)
FNDA:12,(anonymous_13)
FNDA:12,(anonymous_14)
FNDA:12,(anonymous_15)
FNDA:2,(anonymous_16)
FNDA:11,(anonymous_17)
DA:443,2
DA:444,2
DA:453,11
DA:472,1
DA:476,1
DA:494,2
DA:499,2
DA:500,1
DA:506,1
DA:509,1
DA:512,1
DA:513,1
DA:517,1
DA:518,1
DA:529,2
DA:530,1
DA:532,1
DA:538,12
DA:541,12
DA:544,1
DA:545,1
DA:549,12
DA:550,12
DA:561,2
DA:562,1
DA:564,1
DA:570,12
DA:573,12
DA:576,1
DA:577,1
DA:581,12
DA:582,12
DA:593,2
DA:594,1
DA:595,1
DA:597,1
DA:604,11
DA:607,11
DA:610,11
DA:611,11
LF:40
LH:40
BRDA:499,0,0,1
BRDA:499,0,1,1
BRDA:529,1,0,1
BRDA:529,1,1,1
BRDA:561,2,0,1
BRDA:561,2,1,1
BRDA:593,3,0,1
BRDA:593,3,1,1
BRF:8
BRH:8
end_of_record
TN:
SF:D:\Project\bliress-frontend\src\views\admin\batch\Employee.vue
FN:306,(anonymous_1)
FN:326,(anonymous_2)
FN:338,(anonymous_3)
FN:339,(anonymous_4)
FN:350,(anonymous_5)
FN:360,(anonymous_6)
FNF:6
FNH:6
FNDA:3,(anonymous_1)
FNDA:4,(anonymous_2)
FNDA:3,(anonymous_3)
FNDA:3,(anonymous_4)
FNDA:2,(anonymous_5)
FNDA:3,(anonymous_6)
DA:297,2
DA:298,2
DA:307,3
DA:328,4
DA:331,4
DA:334,1
DA:335,1
DA:339,3
DA:340,3
DA:351,2
DA:352,1
DA:353,1
DA:355,1
DA:362,3
DA:365,3
DA:368,3
LF:16
LH:16
BRDA:351,0,0,1
BRDA:351,0,1,1
BRF:2
BRH:2
end_of_record
TN:
SF:D:\Project\bliress-frontend\src\views\admin\batch\MaterialList.vue
FN:278,(anonymous_1)
FN:293,(anonymous_2)
FN:310,(anonymous_3)
FN:322,(anonymous_4)
FN:323,(anonymous_5)
FN:335,(anonymous_6)
FN:344,(anonymous_7)
FN:355,(anonymous_8)
FN:367,(anonymous_9)
FN:368,(anonymous_10)
FN:381,(anonymous_11)
FN:391,(anonymous_12)
FNF:12
FNH:12
FNDA:7,(anonymous_1)
FNDA:7,(anonymous_2)
FNDA:9,(anonymous_3)
FNDA:8,(anonymous_4)
FNDA:8,(anonymous_5)
FNDA:2,(anonymous_6)
FNDA:2,(anonymous_7)
FNDA:1,(anonymous_8)
FNDA:1,(anonymous_9)
FNDA:1,(anonymous_10)
FNDA:2,(anonymous_11)
FNDA:7,(anonymous_12)
DA:269,2
DA:270,2
DA:279,7
DA:294,7
DA:312,9
DA:315,9
DA:318,1
DA:319,1
DA:323,8
DA:324,8
DA:336,2
DA:337,1
DA:338,1
DA:340,1
DA:345,2
DA:350,2
DA:351,1
DA:357,1
DA:360,1
DA:363,1
DA:364,1
DA:368,1
DA:369,1
DA:382,2
DA:383,1
DA:384,1
DA:386,1
DA:393,7
DA:396,7
DA:397,7
DA:400,7
LF:31
LH:31
BRDA:336,0,0,1
BRDA:336,0,1,1
BRDA:350,1,0,1
BRDA:350,1,1,1
BRDA:382,2,0,1
BRDA:382,2,1,1
BRF:6
BRH:6
end_of_record
TN:
SF:D:\Project\bliress-frontend\src\views\admin\batch\Qrcode.vue
FN:154,(anonymous_1)
FN:162,(anonymous_2)
FN:172,(anonymous_3)
FN:177,(anonymous_4)
FNF:4
FNH:4
FNDA:2,(anonymous_1)
FNDA:2,(anonymous_2)
FNDA:2,(anonymous_3)
FNDA:2,(anonymous_4)
DA:146,2
DA:155,2
DA:163,2
DA:173,2
DA:179,2
DA:182,2
DA:183,2
LF:7
LH:7
BRF:0
BRH:0
end_of_record
TN:
SF:D:\Project\bliress-frontend\src\views\admin\batch\Training.vue
FN:540,(anonymous_1)
FN:561,(anonymous_2)
FN:573,(anonymous_3)
FN:574,(anonymous_4)
FN:585,(anonymous_5)
FN:594,(anonymous_6)
FN:605,(anonymous_7)
FN:617,(anonymous_8)
FN:618,(anonymous_9)
FN:630,(anonymous_10)
FN:639,(anonymous_11)
FN:649,(anonymous_12)
FN:659,(anonymous_13)
FN:670,(anonymous_14)
FNF:14
FNH:14
FNDA:10,(anonymous_1)
FNDA:12,(anonymous_2)
FNDA:11,(anonymous_3)
FNDA:11,(anonymous_4)
FNDA:2,(anonymous_5)
FNDA:2,(anonymous_6)
FNDA:1,(anonymous_7)
FNDA:1,(anonymous_8)
FNDA:1,(anonymous_9)
FNDA:2,(anonymous_10)
FNDA:1,(anonymous_11)
FNDA:1,(anonymous_12)
FNDA:1,(anonymous_13)
FNDA:10,(anonymous_14)
DA:531,2
DA:532,2
DA:541,10
DA:563,12
DA:566,12
DA:569,1
DA:570,1
DA:574,11
DA:575,11
DA:586,2
DA:587,1
DA:588,1
DA:590,1
DA:595,2
DA:600,2
DA:601,1
DA:607,1
DA:610,1
DA:613,1
DA:614,1
DA:618,1
DA:619,1
DA:631,2
DA:632,1
DA:633,1
DA:635,1
DA:640,1
DA:650,1
DA:660,1
DA:672,10
DA:675,10
DA:678,10
LF:32
LH:32
BRDA:586,0,0,1
BRDA:586,0,1,1
BRDA:600,1,0,1
BRDA:600,1,1,1
BRDA:631,2,0,1
BRDA:631,2,1,1
BRF:6
BRH:6
end_of_record
TN:
SF:D:\Project\bliress-frontend\src\views\admin\batch\UploadMaterial.vue
FN:297,(anonymous_1)
FN:311,(anonymous_2)
FN:327,(anonymous_3)
FN:332,(anonymous_4)
FN:340,(anonymous_5)
FN:352,(anonymous_6)
FN:353,(anonymous_7)
FN:366,(anonymous_8)
FN:375,(anonymous_9)
FNF:9
FNH:9
FNDA:6,(anonymous_1)
FNDA:6,(anonymous_2)
FNDA:1,(anonymous_3)
FNDA:2,(anonymous_4)
FNDA:1,(anonymous_5)
FNDA:1,(anonymous_6)
FNDA:1,(anonymous_7)
FNDA:2,(anonymous_8)
FNDA:6,(anonymous_9)
DA:288,2
DA:289,2
DA:298,6
DA:312,6
DA:328,1
DA:329,1
DA:333,2
DA:334,1
DA:336,1
DA:342,1
DA:345,1
DA:348,1
DA:349,1
DA:353,1
DA:354,1
DA:367,2
DA:368,1
DA:370,1
DA:377,6
DA:380,6
DA:381,6
LF:21
LH:21
BRDA:333,0,0,1
BRDA:333,0,1,1
BRDA:333,1,0,2
BRDA:333,1,1,1
BRDA:367,2,0,1
BRDA:367,2,1,1
BRF:6
BRH:6
end_of_record
TN:
SF:D:\Project\bliress-frontend\src\views\admin\notification\AddNotification.vue
FN:297,(anonymous_1)
FN:324,(anonymous_2)
FN:336,(anonymous_3)
FN:337,(anonymous_4)
FN:345,(anonymous_5)
FN:353,(anonymous_6)
FN:361,(anonymous_7)
FN:371,(anonymous_8)
FN:383,(anonymous_9)
FN:384,(anonymous_10)
FN:393,(anonymous_11)
FN:402,(anonymous_12)
FNF:12
FNH:12
FNDA:8,(anonymous_1)
FNDA:9,(anonymous_2)
FNDA:8,(anonymous_3)
FNDA:8,(anonymous_4)
FNDA:2,(anonymous_5)
FNDA:2,(anonymous_6)
FNDA:2,(anonymous_7)
FNDA:1,(anonymous_8)
FNDA:1,(anonymous_9)
FNDA:1,(anonymous_10)
FNDA:2,(anonymous_11)
FNDA:8,(anonymous_12)
DA:288,2
DA:289,2
DA:298,8
DA:326,9
DA:329,9
DA:332,1
DA:333,1
DA:337,8
DA:338,8
DA:346,2
DA:347,1
DA:349,1
DA:354,2
DA:355,1
DA:357,1
DA:362,2
DA:365,1
DA:368,1
DA:373,1
DA:376,1
DA:379,1
DA:380,1
DA:384,1
DA:385,1
DA:394,2
DA:395,1
DA:397,1
DA:404,8
DA:407,8
LF:29
LH:29
BRDA:346,0,0,1
BRDA:346,0,1,1
BRDA:354,1,0,1
BRDA:354,1,1,1
BRDA:362,2,0,1
BRDA:362,2,1,1
BRDA:362,3,0,2
BRDA:362,3,1,1
BRDA:362,3,2,1
BRDA:394,4,0,1
BRDA:394,4,1,1
BRF:11
BRH:11
end_of_record
TN:
SF:D:\Project\bliress-frontend\src\views\admin\notification\Notification.vue
FN:258,(anonymous_1)
FN:277,(anonymous_2)
FN:289,(anonymous_3)
FN:290,(anonymous_4)
FN:298,(anonymous_5)
FN:308,(anonymous_6)
FNF:6
FNH:6
FNDA:3,(anonymous_1)
FNDA:4,(anonymous_2)
FNDA:3,(anonymous_3)
FNDA:3,(anonymous_4)
FNDA:2,(anonymous_5)
FNDA:3,(anonymous_6)
DA:247,2
DA:248,2
DA:249,2
DA:259,3
DA:279,4
DA:282,4
DA:285,1
DA:286,1
DA:290,3
DA:291,3
DA:299,2
DA:300,1
DA:301,1
DA:303,1
DA:310,3
DA:313,3
LF:16
LH:16
BRDA:299,0,0,1
BRDA:299,0,1,1
BRF:2
BRH:2
end_of_record
TN:
SF:D:\Project\bliress-frontend\src\views\admin\other\Other.vue
FN:190,(anonymous_1)
FN:197,(anonymous_2)
FNF:2
FNH:2
FNDA:1,(anonymous_1)
FNDA:2,(anonymous_2)
DA:181,2
DA:191,1
DA:199,2
LF:3
LH:3
BRF:0
BRH:0
end_of_record
TN:
SF:D:\Project\bliress-frontend\src\views\admin\other\employee\CreateEmployee.vue
FN:381,(anonymous_1)
FN:411,(anonymous_2)
FN:432,(anonymous_3)
FN:444,(anonymous_4)
FN:445,(anonymous_5)
FN:453,(anonymous_6)
FN:461,(anonymous_7)
FN:473,(anonymous_8)
FN:474,(anonymous_9)
FN:485,(anonymous_10)
FN:493,(anonymous_11)
FN:508,(anonymous_12)
FN:520,(anonymous_13)
FN:521,(anonymous_14)
FN:530,(anonymous_15)
FN:538,(anonymous_16)
FN:548,(anonymous_17)
FN:561,(anonymous_18)
FN:579,(anonymous_19)
FN:590,(anonymous_20)
FN:602,(anonymous_21)
FN:603,(anonymous_22)
FN:614,(anonymous_23)
FN:623,(anonymous_24)
FNF:24
FNH:24
FNDA:18,(anonymous_1)
FNDA:19,(anonymous_2)
FNDA:19,(anonymous_3)
FNDA:19,(anonymous_4)
FNDA:19,(anonymous_5)
FNDA:2,(anonymous_6)
FNDA:18,(anonymous_7)
FNDA:18,(anonymous_8)
FNDA:18,(anonymous_9)
FNDA:2,(anonymous_10)
FNDA:1,(anonymous_11)
FNDA:1,(anonymous_12)
FNDA:1,(anonymous_13)
FNDA:1,(anonymous_14)
FNDA:2,(anonymous_15)
FNDA:2,(anonymous_16)
FNDA:2,(anonymous_17)
FNDA:4,(anonymous_18)
FNDA:2,(anonymous_19)
FNDA:1,(anonymous_20)
FNDA:1,(anonymous_21)
FNDA:1,(anonymous_22)
FNDA:2,(anonymous_23)
FNDA:18,(anonymous_24)
DA:372,2
DA:373,2
DA:382,18
DA:412,19
DA:413,17
DA:416,2
DA:434,19
DA:437,19
DA:440,1
DA:441,1
DA:445,19
DA:446,19
DA:454,2
DA:455,1
DA:457,1
DA:463,18
DA:466,18
DA:469,1
DA:470,1
DA:474,18
DA:475,18
DA:486,2
DA:487,1
DA:489,1
DA:494,1
DA:496,1
DA:510,1
DA:513,1
DA:516,1
DA:517,1
DA:521,1
DA:522,1
DA:531,2
DA:532,1
DA:534,1
DA:539,2
DA:540,1
DA:541,1
DA:543,1
DA:544,1
DA:549,2
DA:550,2
DA:552,2
DA:553,1
DA:555,1
DA:556,1
DA:557,1
DA:562,4
DA:563,4
DA:565,4
DA:569,1
DA:570,3
DA:571,1
DA:572,2
DA:573,1
DA:575,1
DA:580,2
DA:585,2
DA:586,1
DA:592,1
DA:595,1
DA:598,1
DA:599,1
DA:603,1
DA:604,1
DA:615,2
DA:616,1
DA:618,1
DA:625,18
DA:628,18
DA:631,18
DA:632,18
DA:633,17
DA:634,17
LF:74
LH:74
BRDA:412,0,0,17
BRDA:412,0,1,2
BRDA:454,1,0,1
BRDA:454,1,1,1
BRDA:486,2,0,1
BRDA:486,2,1,1
BRDA:531,3,0,1
BRDA:531,3,1,1
BRDA:539,4,0,1
BRDA:539,4,1,1
BRDA:552,5,0,1
BRDA:552,5,1,1
BRDA:565,6,0,1
BRDA:565,6,1,3
BRDA:565,7,0,4
BRDA:565,7,1,3
BRDA:565,7,2,3
BRDA:565,7,3,3
BRDA:570,8,0,1
BRDA:570,8,1,2
BRDA:572,9,0,1
BRDA:572,9,1,1
BRDA:585,10,0,1
BRDA:585,10,1,1
BRDA:615,11,0,1
BRDA:615,11,1,1
BRDA:632,12,0,17
BRDA:632,12,1,1
BRF:28
BRH:28
end_of_record
TN:
SF:D:\Project\bliress-frontend\src\views\admin\other\employee\Employee.vue
FN:341,(anonymous_1)
FN:354,(anonymous_2)
FN:355,(anonymous_3)
FN:365,(anonymous_4)
FN:377,(anonymous_5)
FN:378,(anonymous_6)
FN:386,(anonymous_7)
FN:394,(anonymous_8)
FN:406,(anonymous_9)
FN:407,(anonymous_10)
FN:418,(anonymous_11)
FN:427,(anonymous_12)
FN:436,(anonymous_13)
FN:448,(anonymous_14)
FNF:14
FNH:13
FNDA:9,(anonymous_1)
FNDA:1,(anonymous_2)
FNDA:0,(anonymous_3)
FNDA:11,(anonymous_4)
FNDA:11,(anonymous_5)
FNDA:11,(anonymous_6)
FNDA:2,(anonymous_7)
FNDA:1,(anonymous_8)
FNDA:1,(anonymous_9)
FNDA:1,(anonymous_10)
FNDA:2,(anonymous_11)
FNDA:1,(anonymous_12)
FNDA:2,(anonymous_13)
FNDA:9,(anonymous_14)
DA:332,2
DA:333,2
DA:342,9
DA:355,1
DA:367,11
DA:370,11
DA:373,1
DA:374,1
DA:378,11
DA:379,11
DA:387,2
DA:388,1
DA:390,1
DA:396,1
DA:399,1
DA:402,1
DA:403,1
DA:407,1
DA:408,1
DA:419,2
DA:420,1
DA:421,1
DA:423,1
DA:428,1
DA:437,2
DA:442,2
DA:443,1
DA:450,9
DA:453,9
LF:29
LH:29
BRDA:387,0,0,1
BRDA:387,0,1,1
BRDA:419,1,0,1
BRDA:419,1,1,1
BRDA:442,2,0,1
BRDA:442,2,1,1
BRF:6
BRH:6
end_of_record
TN:
SF:D:\Project\bliress-frontend\src\views\admin\other\trainer\CreateTrainer.vue
FN:344,(anonymous_1)
FN:365,(anonymous_2)
FN:382,(anonymous_3)
FN:392,(anonymous_4)
FN:404,(anonymous_5)
FN:405,(anonymous_6)
FN:416,(anonymous_7)
FN:424,(anonymous_8)
FN:433,(anonymous_9)
FN:443,(anonymous_10)
FN:455,(anonymous_11)
FN:456,(anonymous_12)
FN:465,(anonymous_13)
FN:473,(anonymous_14)
FN:487,(anonymous_15)
FN:498,(anonymous_16)
FN:510,(anonymous_17)
FN:511,(anonymous_18)
FN:522,(anonymous_19)
FN:531,(anonymous_20)
FNF:20
FNH:20
FNDA:14,(anonymous_1)
FNDA:15,(anonymous_2)
FNDA:2,(anonymous_3)
FNDA:9,(anonymous_4)
FNDA:8,(anonymous_5)
FNDA:8,(anonymous_6)
FNDA:2,(anonymous_7)
FNDA:2,(anonymous_8)
FNDA:2,(anonymous_9)
FNDA:1,(anonymous_10)
FNDA:1,(anonymous_11)
FNDA:1,(anonymous_12)
FNDA:2,(anonymous_13)
FNDA:3,(anonymous_14)
FNDA:2,(anonymous_15)
FNDA:1,(anonymous_16)
FNDA:1,(anonymous_17)
FNDA:1,(anonymous_18)
FNDA:2,(anonymous_19)
FNDA:14,(anonymous_20)
DA:335,2
DA:336,2
DA:345,14
DA:366,15
DA:367,9
DA:370,6
DA:383,2
DA:384,1
DA:385,1
DA:387,1
DA:388,1
DA:394,9
DA:397,9
DA:400,1
DA:401,1
DA:405,8
DA:406,8
DA:417,2
DA:418,1
DA:420,1
DA:425,2
DA:434,2
DA:435,1
DA:437,1
DA:438,1
DA:439,1
DA:445,1
DA:448,1
DA:451,1
DA:452,1
DA:456,1
DA:457,1
DA:466,2
DA:467,1
DA:469,1
DA:474,3
DA:476,3
DA:479,1
DA:480,2
DA:481,1
DA:483,1
DA:488,2
DA:493,2
DA:494,1
DA:500,1
DA:503,1
DA:506,1
DA:507,1
DA:511,1
DA:512,1
DA:523,2
DA:524,1
DA:526,1
DA:533,14
DA:536,14
DA:539,14
DA:540,8
DA:541,8
LF:58
LH:58
BRDA:366,0,0,9
BRDA:366,0,1,6
BRDA:383,1,0,1
BRDA:383,1,1,1
BRDA:417,2,0,1
BRDA:417,2,1,1
BRDA:434,3,0,1
BRDA:434,3,1,1
BRDA:466,4,0,1
BRDA:466,4,1,1
BRDA:476,5,0,1
BRDA:476,5,1,2
BRDA:476,6,0,3
BRDA:476,6,1,2
BRDA:476,6,2,2
BRDA:480,7,0,1
BRDA:480,7,1,1
BRDA:493,8,0,1
BRDA:493,8,1,1
BRDA:523,9,0,1
BRDA:523,9,1,1
BRDA:539,10,0,8
BRDA:539,10,1,6
BRF:23
BRH:23
end_of_record
TN:
SF:D:\Project\bliress-frontend\src\views\admin\other\trainer\Trainer.vue
FN:341,(anonymous_1)
FN:354,(anonymous_2)
FN:355,(anonymous_3)
FN:365,(anonymous_4)
FN:377,(anonymous_5)
FN:378,(anonymous_6)
FN:386,(anonymous_7)
FN:394,(anonymous_8)
FN:406,(anonymous_9)
FN:407,(anonymous_10)
FN:418,(anonymous_11)
FN:427,(anonymous_12)
FN:438,(anonymous_13)
FN:448,(anonymous_14)
FNF:14
FNH:13
FNDA:9,(anonymous_1)
FNDA:1,(anonymous_2)
FNDA:0,(anonymous_3)
FNDA:11,(anonymous_4)
FNDA:11,(anonymous_5)
FNDA:11,(anonymous_6)
FNDA:2,(anonymous_7)
FNDA:1,(anonymous_8)
FNDA:1,(anonymous_9)
FNDA:1,(anonymous_10)
FNDA:2,(anonymous_11)
FNDA:2,(anonymous_12)
FNDA:1,(anonymous_13)
FNDA:9,(anonymous_14)
DA:332,2
DA:333,2
DA:342,9
DA:355,1
DA:367,11
DA:370,11
DA:373,1
DA:374,1
DA:378,11
DA:379,11
DA:387,2
DA:388,1
DA:390,1
DA:396,1
DA:399,1
DA:402,1
DA:403,1
DA:407,1
DA:408,1
DA:419,2
DA:420,1
DA:421,1
DA:423,1
DA:428,2
DA:433,2
DA:434,1
DA:439,1
DA:450,9
DA:453,9
LF:29
LH:29
BRDA:387,0,0,1
BRDA:387,0,1,1
BRDA:419,1,0,1
BRDA:419,1,1,1
BRDA:433,2,0,1
BRDA:433,2,1,1
BRF:6
BRH:6
end_of_record
TN:
SF:D:\Project\bliress-frontend\src\views\admin\test\AddTest.vue
FN:475,(anonymous_1)
FN:498,(anonymous_2)
FN:516,(anonymous_3)
FN:528,(anonymous_4)
FN:529,(anonymous_5)
FN:542,(anonymous_6)
FN:555,(anonymous_7)
FN:567,(anonymous_8)
FN:582,(anonymous_9)
FN:596,(anonymous_10)
FN:608,(anonymous_11)
FN:609,(anonymous_12)
FN:618,(anonymous_13)
FN:626,(anonymous_14)
FN:665,(anonymous_15)
FNF:15
FNH:15
FNDA:10,(anonymous_1)
FNDA:10,(anonymous_2)
FNDA:11,(anonymous_3)
FNDA:10,(anonymous_4)
FNDA:10,(anonymous_5)
FNDA:3,(anonymous_6)
FNDA:1,(anonymous_7)
FNDA:11,(anonymous_8)
FNDA:3,(anonymous_9)
FNDA:1,(anonymous_10)
FNDA:1,(anonymous_11)
FNDA:1,(anonymous_12)
FNDA:2,(anonymous_13)
FNDA:4,(anonymous_14)
FNDA:10,(anonymous_15)
DA:466,2
DA:467,2
DA:476,10
DA:499,10
DA:518,11
DA:521,11
DA:524,1
DA:525,1
DA:529,10
DA:530,10
DA:543,3
DA:544,2
DA:545,2
DA:547,2
DA:548,1
DA:551,1
DA:556,1
DA:557,1
DA:559,1
DA:568,11
DA:569,55
DA:583,3
DA:584,2
DA:585,2
DA:586,2
DA:588,2
DA:589,1
DA:591,1
DA:598,1
DA:601,1
DA:604,1
DA:605,1
DA:609,1
DA:610,1
DA:619,2
DA:620,1
DA:622,1
DA:627,4
DA:628,4
DA:630,4
DA:631,1
DA:632,1
DA:635,3
DA:636,3
DA:637,1
DA:638,1
DA:639,1
DA:643,3
DA:644,3
DA:645,3
DA:646,2
DA:647,2
DA:648,2
DA:653,3
DA:654,1
DA:657,2
DA:658,1
DA:661,1
DA:667,10
DA:670,10
DA:671,10
DA:672,10
DA:673,10
DA:676,10
DA:679,10
LF:65
LH:65
BRDA:543,0,0,2
BRDA:543,0,1,1
BRDA:547,1,0,1
BRDA:547,1,1,1
BRDA:583,2,0,2
BRDA:583,2,1,1
BRDA:588,3,0,1
BRDA:588,3,1,1
BRDA:619,4,0,1
BRDA:619,4,1,1
BRDA:630,5,0,1
BRDA:630,5,1,3
BRDA:636,6,0,1
BRDA:636,6,1,2
BRDA:645,7,0,2
BRDA:645,7,1,1
BRDA:653,8,0,1
BRDA:653,8,1,2
BRDA:657,9,0,1
BRDA:657,9,1,1
BRF:20
BRH:20
end_of_record
TN:
SF:D:\Project\bliress-frontend\src\views\admin\test\DetailTest.vue
FN:421,(anonymous_1)
FN:442,(anonymous_2)
FN:454,(anonymous_3)
FN:455,(anonymous_4)
FN:467,(anonymous_5)
FN:476,(anonymous_6)
FN:499,(anonymous_7)
FN:512,(anonymous_8)
FNF:8
FNH:8
FNDA:5,(anonymous_1)
FNDA:6,(anonymous_2)
FNDA:5,(anonymous_3)
FNDA:5,(anonymous_4)
FNDA:2,(anonymous_5)
FNDA:2,(anonymous_6)
FNDA:1,(anonymous_7)
FNDA:5,(anonymous_8)
DA:412,2
DA:413,2
DA:422,5
DA:444,6
DA:447,6
DA:450,1
DA:451,1
DA:455,5
DA:456,5
DA:468,2
DA:469,1
DA:470,1
DA:472,1
DA:477,2
DA:478,2
DA:479,1
DA:488,1
DA:500,1
DA:501,1
DA:514,5
DA:517,5
DA:518,5
DA:521,5
LF:23
LH:23
BRDA:468,0,0,1
BRDA:468,0,1,1
BRDA:478,1,0,1
BRDA:478,1,1,1
BRF:4
BRH:4
end_of_record
TN:
SF:D:\Project\bliress-frontend\src\views\admin\test\ReviewTest.vue
FN:319,(anonymous_1)
FN:336,(anonymous_2)
FN:352,(anonymous_3)
FN:364,(anonymous_4)
FN:365,(anonymous_5)
FN:378,(anonymous_6)
FN:389,(anonymous_7)
FNF:7
FNH:7
FNDA:3,(anonymous_1)
FNDA:3,(anonymous_2)
FNDA:4,(anonymous_3)
FNDA:3,(anonymous_4)
FNDA:3,(anonymous_5)
FNDA:2,(anonymous_6)
FNDA:3,(anonymous_7)
DA:310,2
DA:311,2
DA:320,3
DA:337,3
DA:354,4
DA:357,4
DA:360,1
DA:361,1
DA:365,3
DA:366,3
DA:379,2
DA:380,1
DA:381,1
DA:382,1
DA:384,1
DA:391,3
DA:394,3
DA:395,3
DA:396,3
DA:399,3
LF:20
LH:20
BRDA:379,0,0,1
BRDA:379,0,1,1
BRF:2
BRH:2
end_of_record
TN:
SF:D:\Project\bliress-frontend\src\views\admin\test\Test.vue
FN:273,(anonymous_1)
FN:300,(anonymous_2)
FN:312,(anonymous_3)
FN:313,(anonymous_4)
FN:321,(anonymous_5)
FN:330,(anonymous_6)
FN:342,(anonymous_7)
FN:343,(anonymous_8)
FN:354,(anonymous_9)
FN:362,(anonymous_10)
FN:377,(anonymous_11)
FN:380,(anonymous_12)
FN:387,(anonymous_13)
FN:398,(anonymous_14)
FNF:14
FNH:14
FNDA:9,(anonymous_1)
FNDA:10,(anonymous_2)
FNDA:9,(anonymous_3)
FNDA:9,(anonymous_4)
FNDA:2,(anonymous_5)
FNDA:1,(anonymous_6)
FNDA:1,(anonymous_7)
FNDA:1,(anonymous_8)
FNDA:2,(anonymous_9)
FNDA:2,(anonymous_10)
FNDA:3,(anonymous_11)
FNDA:3,(anonymous_12)
FNDA:1,(anonymous_13)
FNDA:9,(anonymous_14)
DA:262,2
DA:263,2
DA:264,2
DA:274,9
DA:302,10
DA:305,10
DA:308,1
DA:309,1
DA:313,9
DA:314,9
DA:322,2
DA:323,1
DA:324,1
DA:326,1
DA:332,1
DA:335,1
DA:338,1
DA:339,1
DA:343,1
DA:344,1
DA:355,2
DA:356,1
DA:358,1
DA:363,2
DA:365,2
DA:372,2
DA:373,1
DA:378,3
DA:380,3
DA:381,3
DA:384,3
DA:388,1
DA:400,9
DA:403,9
LF:34
LH:34
BRDA:322,0,0,1
BRDA:322,0,1,1
BRDA:355,1,0,1
BRDA:355,1,1,1
BRDA:372,2,0,1
BRDA:372,2,1,1
BRF:6
BRH:6
end_of_record
TN:
SF:D:\Project\bliress-frontend\src\views\employee\account\Account.vue
FN:487,(anonymous_1)
FN:517,(anonymous_2)
FN:529,(anonymous_3)
FN:530,(anonymous_4)
FN:540,(anonymous_5)
FN:548,(anonymous_6)
FN:560,(anonymous_7)
FN:570,(anonymous_8)
FN:571,(anonymous_9)
FN:581,(anonymous_10)
FN:587,(anonymous_11)
FN:626,(anonymous_12)
FN:638,(anonymous_13)
FN:639,(anonymous_14)
FN:647,(anonymous_15)
FN:658,(anonymous_16)
FNF:16
FNH:16
FNDA:10,(anonymous_1)
FNDA:11,(anonymous_2)
FNDA:10,(anonymous_3)
FNDA:10,(anonymous_4)
FNDA:3,(anonymous_5)
FNDA:11,(anonymous_6)
FNDA:3,(anonymous_7)
FNDA:10,(anonymous_8)
FNDA:10,(anonymous_9)
FNDA:1,(anonymous_10)
FNDA:3,(anonymous_11)
FNDA:1,(anonymous_12)
FNDA:1,(anonymous_13)
FNDA:1,(anonymous_14)
FNDA:3,(anonymous_15)
FNDA:10,(anonymous_16)
DA:476,2
DA:477,2
DA:478,2
DA:488,10
DA:519,11
DA:522,11
DA:525,1
DA:526,1
DA:530,10
DA:531,10
DA:541,3
DA:542,1
DA:544,2
DA:550,11
DA:553,11
DA:556,1
DA:557,1
DA:561,3
DA:562,1
DA:563,1
DA:566,2
DA:571,10
DA:572,10
DA:582,1
DA:583,1
DA:584,1
DA:588,3
DA:613,3
DA:614,1
DA:615,2
DA:616,1
DA:618,1
DA:628,1
DA:631,1
DA:634,1
DA:635,1
DA:639,1
DA:640,1
DA:648,3
DA:649,1
DA:650,1
DA:653,2
DA:660,10
DA:663,10
DA:664,10
LF:45
LH:45
BRDA:541,0,0,1
BRDA:541,0,1,2
BRDA:561,1,0,1
BRDA:561,1,1,2
BRDA:613,2,0,1
BRDA:613,2,1,2
BRDA:615,3,0,1
BRDA:615,3,1,1
BRDA:648,4,0,1
BRDA:648,4,1,2
BRF:10
BRH:10
end_of_record
TN:
SF:D:\Project\bliress-frontend\src\views\employee\notification\Notification.vue
FN:177,(anonymous_1)
FN:197,(anonymous_2)
FN:201,(anonymous_3)
FN:202,(anonymous_4)
FN:213,(anonymous_5)
FN:225,(anonymous_6)
FN:226,(anonymous_7)
FN:237,(anonymous_8)
FN:247,(anonymous_9)
FNF:9
FNH:9
FNDA:3,(anonymous_1)
FNDA:3,(anonymous_2)
FNDA:3,(anonymous_3)
FNDA:3,(anonymous_4)
FNDA:4,(anonymous_5)
FNDA:3,(anonymous_6)
FNDA:3,(anonymous_7)
FNDA:2,(anonymous_8)
FNDA:3,(anonymous_9)
DA:166,2
DA:167,2
DA:168,2
DA:178,3
DA:198,3
DA:202,3
DA:203,3
DA:215,4
DA:218,4
DA:221,1
DA:222,1
DA:226,3
DA:227,3
DA:238,2
DA:239,1
DA:242,1
DA:249,3
DA:252,3
DA:253,3
LF:19
LH:19
BRDA:238,0,0,1
BRDA:238,0,1,1
BRF:2
BRH:2
end_of_record
TN:
SF:D:\Project\bliress-frontend\src\views\employee\test\DetailTest.vue
FN:261,(anonymous_1)
FN:281,(anonymous_2)
FN:293,(anonymous_3)
FN:294,(anonymous_4)
FN:306,(anonymous_5)
FN:315,(anonymous_6)
FN:334,(anonymous_7)
FNF:7
FNH:7
FNDA:4,(anonymous_1)
FNDA:5,(anonymous_2)
FNDA:4,(anonymous_3)
FNDA:4,(anonymous_4)
FNDA:2,(anonymous_5)
FNDA:2,(anonymous_6)
FNDA:4,(anonymous_7)
DA:252,2
DA:253,2
DA:262,4
DA:283,5
DA:286,5
DA:289,1
DA:290,1
DA:294,4
DA:295,4
DA:307,2
DA:308,1
DA:311,1
DA:316,2
DA:321,2
DA:322,1
DA:323,1
DA:336,4
DA:339,4
DA:342,4
LF:19
LH:19
BRDA:307,0,0,1
BRDA:307,0,1,1
BRDA:321,1,0,1
BRDA:321,1,1,1
BRF:4
BRH:4
end_of_record
TN:
SF:D:\Project\bliress-frontend\src\views\employee\test\Question.vue
FN:367,(anonymous_1)
FN:409,(anonymous_2)
FN:425,(anonymous_3)
FN:437,(anonymous_4)
FN:438,(anonymous_5)
FN:451,(anonymous_6)
FN:461,(anonymous_7)
FN:472,(anonymous_8)
FN:483,(anonymous_9)
FN:495,(anonymous_10)
FN:496,(anonymous_11)
FN:510,(anonymous_12)
FN:519,(anonymous_13)
FN:523,(anonymous_14)
FN:524,(anonymous_15)
FN:537,(anonymous_16)
FN:547,(anonymous_17)
FN:555,(anonymous_18)
FN:559,(anonymous_19)
FNF:19
FNH:19
FNDA:11,(anonymous_1)
FNDA:1,(anonymous_2)
FNDA:12,(anonymous_3)
FNDA:11,(anonymous_4)
FNDA:11,(anonymous_5)
FNDA:2,(anonymous_6)
FNDA:2,(anonymous_7)
FNDA:2,(anonymous_8)
FNDA:3,(anonymous_9)
FNDA:2,(anonymous_10)
FNDA:2,(anonymous_11)
FNDA:2,(anonymous_12)
FNDA:1,(anonymous_13)
FNDA:11,(anonymous_14)
FNDA:1,(anonymous_15)
FNDA:2,(anonymous_16)
FNDA:2,(anonymous_17)
FNDA:11,(anonymous_18)
FNDA:11,(anonymous_19)
DA:358,2
DA:359,2
DA:368,11
DA:410,1
DA:427,12
DA:430,12
DA:433,1
DA:434,1
DA:438,11
DA:439,11
DA:452,2
DA:453,1
DA:454,1
DA:457,1
DA:462,2
DA:467,2
DA:468,1
DA:473,2
DA:478,2
DA:479,1
DA:485,3
DA:488,3
DA:491,1
DA:492,1
DA:496,2
DA:497,2
DA:511,2
DA:512,1
DA:513,1
DA:515,1
DA:520,1
DA:524,11
DA:525,1
DA:526,1
DA:527,1
DA:530,1
DA:533,1
DA:538,2
DA:539,1
DA:542,2
DA:543,1
DA:548,2
DA:549,1
DA:550,1
DA:556,11
DA:561,11
DA:564,11
DA:565,11
DA:568,11
LF:49
LH:49
BRDA:452,0,0,1
BRDA:452,0,1,1
BRDA:467,1,0,1
BRDA:467,1,1,1
BRDA:478,2,0,1
BRDA:478,2,1,1
BRDA:511,3,0,1
BRDA:511,3,1,1
BRDA:538,4,0,1
BRDA:538,4,1,1
BRDA:542,5,0,1
BRDA:542,5,1,1
BRDA:548,6,0,1
BRDA:548,6,1,1
BRDA:548,7,0,2
BRDA:548,7,1,1
BRF:16
BRH:16
end_of_record
TN:
SF:D:\Project\bliress-frontend\src\views\employee\test\Test.vue
FN:261,(anonymous_1)
FN:288,(anonymous_2)
FN:300,(anonymous_3)
FN:301,(anonymous_4)
FN:312,(anonymous_5)
FN:320,(anonymous_6)
FN:332,(anonymous_7)
FN:333,(anonymous_8)
FN:344,(anonymous_9)
FN:354,(anonymous_10)
FNF:10
FNH:10
FNDA:7,(anonymous_1)
FNDA:8,(anonymous_2)
FNDA:8,(anonymous_3)
FNDA:8,(anonymous_4)
FNDA:2,(anonymous_5)
FNDA:8,(anonymous_6)
FNDA:8,(anonymous_7)
FNDA:8,(anonymous_8)
FNDA:2,(anonymous_9)
FNDA:7,(anonymous_10)
DA:250,2
DA:251,2
DA:252,2
DA:262,7
DA:290,8
DA:293,8
DA:296,1
DA:297,1
DA:301,8
DA:302,8
DA:313,2
DA:314,1
DA:316,1
DA:322,8
DA:325,8
DA:328,1
DA:329,1
DA:333,8
DA:334,8
DA:345,2
DA:346,1
DA:349,1
DA:356,7
DA:359,7
DA:360,7
LF:25
LH:25
BRDA:313,0,0,1
BRDA:313,0,1,1
BRDA:345,1,0,1
BRDA:345,1,1,1
BRF:4
BRH:4
end_of_record
TN:
SF:D:\Project\bliress-frontend\src\views\employee\training\DetailTraining.vue
FN:506,(anonymous_1)
FN:538,(anonymous_2)
FN:550,(anonymous_3)
FN:551,(anonymous_4)
FN:563,(anonymous_5)
FN:572,(anonymous_6)
FN:584,(anonymous_7)
FN:585,(anonymous_8)
FN:597,(anonymous_9)
FN:606,(anonymous_10)
FN:618,(anonymous_11)
FN:619,(anonymous_12)
FN:631,(anonymous_13)
FN:641,(anonymous_14)
FN:651,(anonymous_15)
FNF:15
FNH:15
FNDA:11,(anonymous_1)
FNDA:12,(anonymous_2)
FNDA:12,(anonymous_3)
FNDA:12,(anonymous_4)
FNDA:2,(anonymous_5)
FNDA:12,(anonymous_6)
FNDA:12,(anonymous_7)
FNDA:12,(anonymous_8)
FNDA:2,(anonymous_9)
FNDA:12,(anonymous_10)
FNDA:12,(anonymous_11)
FNDA:12,(anonymous_12)
FNDA:2,(anonymous_13)
FNDA:1,(anonymous_14)
FNDA:11,(anonymous_15)
DA:497,2
DA:498,2
DA:507,11
DA:540,12
DA:543,12
DA:546,1
DA:547,1
DA:551,12
DA:552,12
DA:564,2
DA:565,1
DA:568,1
DA:574,12
DA:577,12
DA:580,1
DA:581,1
DA:585,12
DA:586,12
DA:598,2
DA:599,1
DA:602,1
DA:608,12
DA:611,12
DA:614,1
DA:615,1
DA:619,12
DA:620,12
DA:632,2
DA:633,1
DA:634,1
DA:637,1
DA:642,1
DA:653,11
DA:656,11
DA:659,11
DA:660,11
DA:661,11
LF:37
LH:37
BRDA:564,0,0,1
BRDA:564,0,1,1
BRDA:598,1,0,1
BRDA:598,1,1,1
BRDA:632,2,0,1
BRDA:632,2,1,1
BRF:6
BRH:6
end_of_record
TN:
SF:D:\Project\bliress-frontend\src\views\employee\training\QrcodeScanner.vue
FN:162,(anonymous_1)
FN:170,(anonymous_2)
FN:174,(anonymous_3)
FN:182,(anonymous_4)
FN:199,(anonymous_5)
FNF:5
FNH:5
FNDA:4,(anonymous_1)
FNDA:1,(anonymous_2)
FNDA:2,(anonymous_3)
FNDA:7,(anonymous_4)
FNDA:4,(anonymous_5)
DA:154,2
DA:163,4
DA:171,1
DA:175,2
DA:176,2
DA:178,1
DA:183,7
DA:184,1
DA:185,6
DA:186,1
DA:187,5
DA:188,1
DA:189,4
DA:190,1
DA:191,3
DA:192,1
DA:193,2
DA:194,1
DA:201,4
DA:204,4
LF:20
LH:20
BRDA:183,0,0,1
BRDA:183,0,1,6
BRDA:185,1,0,1
BRDA:185,1,1,5
BRDA:187,2,0,1
BRDA:187,2,1,4
BRDA:189,3,0,1
BRDA:189,3,1,3
BRDA:191,4,0,1
BRDA:191,4,1,2
BRDA:193,5,0,1
BRDA:193,5,1,1
BRF:12
BRH:12
end_of_record
TN:
SF:D:\Project\bliress-frontend\src\views\employee\training\Training.vue
FN:280,(anonymous_1)
FN:308,(anonymous_2)
FN:320,(anonymous_3)
FN:321,(anonymous_4)
FN:332,(anonymous_5)
FN:340,(anonymous_6)
FN:352,(anonymous_7)
FN:353,(anonymous_8)
FN:364,(anonymous_9)
FN:373,(anonymous_10)
FNF:10
FNH:10
FNDA:5,(anonymous_1)
FNDA:6,(anonymous_2)
FNDA:5,(anonymous_3)
FNDA:5,(anonymous_4)
FNDA:2,(anonymous_5)
FNDA:6,(anonymous_6)
FNDA:5,(anonymous_7)
FNDA:5,(anonymous_8)
FNDA:2,(anonymous_9)
FNDA:5,(anonymous_10)
DA:269,3
DA:270,3
DA:271,3
DA:281,5
DA:310,6
DA:313,6
DA:316,1
DA:317,1
DA:321,5
DA:322,5
DA:333,2
DA:334,1
DA:336,1
DA:342,6
DA:345,6
DA:348,1
DA:349,1
DA:353,5
DA:354,5
DA:365,2
DA:366,1
DA:368,1
DA:375,5
DA:378,5
DA:379,5
LF:25
LH:25
BRDA:333,0,0,1
BRDA:333,0,1,1
BRDA:365,1,0,1
BRDA:365,1,1,1
BRF:4
BRH:4
end_of_record
TN:
SF:D:\Project\bliress-frontend\src\views\trainer\notification\Notification.vue
FN:178,(anonymous_1)
FN:198,(anonymous_2)
FN:202,(anonymous_3)
FN:203,(anonymous_4)
FN:213,(anonymous_5)
FN:225,(anonymous_6)
FN:226,(anonymous_7)
FN:236,(anonymous_8)
FN:245,(anonymous_9)
FNF:9
FNH:9
FNDA:3,(anonymous_1)
FNDA:3,(anonymous_2)
FNDA:3,(anonymous_3)
FNDA:3,(anonymous_4)
FNDA:4,(anonymous_5)
FNDA:3,(anonymous_6)
FNDA:3,(anonymous_7)
FNDA:2,(anonymous_8)
FNDA:3,(anonymous_9)
DA:167,2
DA:168,2
DA:169,2
DA:179,3
DA:199,3
DA:203,3
DA:204,3
DA:215,4
DA:218,4
DA:221,1
DA:222,1
DA:226,3
DA:227,3
DA:237,2
DA:238,1
DA:240,1
DA:247,3
DA:250,3
DA:251,3
LF:19
LH:19
BRDA:237,0,0,1
BRDA:237,0,1,1
BRF:2
BRH:2
end_of_record
TN:
SF:D:\Project\bliress-frontend\src\views\trainer\setting\Setting.vue
FN:234,(anonymous_1)
FN:257,(anonymous_2)
FN:269,(anonymous_3)
FN:270,(anonymous_4)
FN:280,(anonymous_5)
FN:288,(anonymous_6)
FN:327,(anonymous_7)
FN:339,(anonymous_8)
FN:340,(anonymous_9)
FN:348,(anonymous_10)
FN:358,(anonymous_11)
FN:365,(anonymous_12)
FNF:12
FNH:12
FNDA:9,(anonymous_1)
FNDA:10,(anonymous_2)
FNDA:10,(anonymous_3)
FNDA:10,(anonymous_4)
FNDA:2,(anonymous_5)
FNDA:3,(anonymous_6)
FNDA:1,(anonymous_7)
FNDA:1,(anonymous_8)
FNDA:1,(anonymous_9)
FNDA:3,(anonymous_10)
FNDA:1,(anonymous_11)
FNDA:9,(anonymous_12)
DA:223,2
DA:224,2
DA:225,2
DA:235,9
DA:259,10
DA:262,10
DA:265,1
DA:266,1
DA:270,10
DA:271,10
DA:281,2
DA:282,1
DA:284,1
DA:289,3
DA:314,3
DA:315,1
DA:316,2
DA:317,1
DA:319,1
DA:329,1
DA:332,1
DA:335,1
DA:336,1
DA:340,1
DA:341,1
DA:349,3
DA:350,1
DA:351,1
DA:354,2
DA:359,1
DA:360,1
DA:361,1
DA:367,9
DA:370,9
LF:34
LH:34
BRDA:281,0,0,1
BRDA:281,0,1,1
BRDA:314,1,0,1
BRDA:314,1,1,2
BRDA:316,2,0,1
BRDA:316,2,1,1
BRDA:349,3,0,1
BRDA:349,3,1,2
BRF:8
BRH:8
end_of_record
TN:
SF:D:\Project\bliress-frontend\src\views\trainer\test\AddTest.vue
FN:476,(anonymous_1)
FN:498,(anonymous_2)
FN:516,(anonymous_3)
FN:528,(anonymous_4)
FN:529,(anonymous_5)
FN:541,(anonymous_6)
FN:554,(anonymous_7)
FN:563,(anonymous_8)
FN:590,(anonymous_9)
FN:601,(anonymous_10)
FN:613,(anonymous_11)
FN:614,(anonymous_12)
FN:627,(anonymous_13)
FN:635,(anonymous_14)
FN:674,(anonymous_15)
FNF:15
FNH:15
FNDA:9,(anonymous_1)
FNDA:9,(anonymous_2)
FNDA:10,(anonymous_3)
FNDA:9,(anonymous_4)
FNDA:9,(anonymous_5)
FNDA:3,(anonymous_6)
FNDA:1,(anonymous_7)
FNDA:9,(anonymous_8)
FNDA:3,(anonymous_9)
FNDA:1,(anonymous_10)
FNDA:1,(anonymous_11)
FNDA:1,(anonymous_12)
FNDA:2,(anonymous_13)
FNDA:4,(anonymous_14)
FNDA:9,(anonymous_15)
DA:467,2
DA:468,2
DA:477,9
DA:499,9
DA:518,10
DA:521,10
DA:524,1
DA:525,1
DA:529,9
DA:530,9
DA:542,3
DA:543,2
DA:544,2
DA:546,2
DA:547,1
DA:550,1
DA:555,1
DA:564,9
DA:565,45
DA:591,3
DA:592,2
DA:593,1
DA:595,1
DA:596,1
DA:603,1
DA:606,1
DA:609,1
DA:610,1
DA:614,1
DA:615,1
DA:628,2
DA:629,1
DA:631,1
DA:636,4
DA:637,4
DA:639,4
DA:640,1
DA:641,1
DA:644,3
DA:645,3
DA:646,1
DA:647,1
DA:648,1
DA:652,3
DA:653,3
DA:654,3
DA:655,2
DA:656,2
DA:657,2
DA:662,3
DA:663,1
DA:666,2
DA:667,1
DA:670,1
DA:676,9
DA:679,9
DA:680,9
DA:681,9
DA:684,9
DA:687,9
LF:60
LH:60
BRDA:542,0,0,2
BRDA:542,0,1,1
BRDA:546,1,0,1
BRDA:546,1,1,1
BRDA:591,2,0,2
BRDA:591,2,1,1
BRDA:592,3,0,1
BRDA:592,3,1,1
BRDA:628,4,0,1
BRDA:628,4,1,1
BRDA:639,5,0,1
BRDA:639,5,1,3
BRDA:645,6,0,1
BRDA:645,6,1,2
BRDA:654,7,0,2
BRDA:654,7,1,1
BRDA:662,8,0,1
BRDA:662,8,1,2
BRDA:666,9,0,1
BRDA:666,9,1,1
BRF:20
BRH:20
end_of_record
TN:
SF:D:\Project\bliress-frontend\src\views\trainer\test\DetailTest.vue
FN:394,(anonymous_1)
FN:417,(anonymous_2)
FN:429,(anonymous_3)
FN:430,(anonymous_4)
FN:441,(anonymous_5)
FN:453,(anonymous_6)
FN:475,(anonymous_7)
FN:487,(anonymous_8)
FNF:8
FNH:8
FNDA:5,(anonymous_1)
FNDA:6,(anonymous_2)
FNDA:5,(anonymous_3)
FNDA:5,(anonymous_4)
FNDA:2,(anonymous_5)
FNDA:2,(anonymous_6)
FNDA:1,(anonymous_7)
FNDA:5,(anonymous_8)
DA:385,2
DA:386,2
DA:395,5
DA:419,6
DA:422,6
DA:425,1
DA:426,1
DA:430,5
DA:431,5
DA:442,2
DA:443,1
DA:446,1
DA:447,1
DA:449,1
DA:454,2
DA:455,1
DA:464,1
DA:476,1
DA:489,5
DA:492,5
DA:493,5
DA:496,5
LF:22
LH:22
BRDA:442,0,0,1
BRDA:442,0,1,1
BRDA:454,1,0,1
BRDA:454,1,1,1
BRF:4
BRH:4
end_of_record
TN:
SF:D:\Project\bliress-frontend\src\views\trainer\test\ReviewTest.vue
FN:319,(anonymous_1)
FN:335,(anonymous_2)
FN:351,(anonymous_3)
FN:363,(anonymous_4)
FN:364,(anonymous_5)
FN:376,(anonymous_6)
FN:386,(anonymous_7)
FNF:7
FNH:7
FNDA:3,(anonymous_1)
FNDA:3,(anonymous_2)
FNDA:4,(anonymous_3)
FNDA:3,(anonymous_4)
FNDA:3,(anonymous_5)
FNDA:2,(anonymous_6)
FNDA:3,(anonymous_7)
DA:310,2
DA:311,2
DA:320,3
DA:336,3
DA:353,4
DA:356,4
DA:359,1
DA:360,1
DA:364,3
DA:365,3
DA:377,2
DA:378,1
DA:379,1
DA:381,1
DA:388,3
DA:391,3
DA:392,3
DA:393,3
DA:396,3
LF:19
LH:19
BRDA:377,0,0,1
BRDA:377,0,1,1
BRF:2
BRH:2
end_of_record
TN:
SF:D:\Project\bliress-frontend\src\views\trainer\test\Test.vue
FN:186,(anonymous_1)
FN:214,(anonymous_2)
FN:226,(anonymous_3)
FN:227,(anonymous_4)
FN:237,(anonymous_5)
FN:245,(anonymous_6)
FN:257,(anonymous_7)
FN:258,(anonymous_8)
FN:268,(anonymous_9)
FN:277,(anonymous_10)
FN:288,(anonymous_11)
FNF:11
FNH:11
FNDA:6,(anonymous_1)
FNDA:7,(anonymous_2)
FNDA:6,(anonymous_3)
FNDA:6,(anonymous_4)
FNDA:2,(anonymous_5)
FNDA:7,(anonymous_6)
FNDA:6,(anonymous_7)
FNDA:6,(anonymous_8)
FNDA:2,(anonymous_9)
FNDA:1,(anonymous_10)
FNDA:6,(anonymous_11)
DA:175,2
DA:176,2
DA:177,2
DA:187,6
DA:216,7
DA:219,7
DA:222,1
DA:223,1
DA:227,6
DA:228,6
DA:238,2
DA:239,1
DA:241,1
DA:247,7
DA:250,7
DA:253,1
DA:254,1
DA:258,6
DA:259,6
DA:269,2
DA:270,1
DA:273,1
DA:278,1
DA:290,6
DA:293,6
DA:294,6
LF:26
LH:26
BRDA:238,0,0,1
BRDA:238,0,1,1
BRDA:269,1,0,1
BRDA:269,1,1,1
BRF:4
BRH:4
end_of_record
TN:
SF:D:\Project\bliress-frontend\src\views\trainer\training\DetailTraining.vue
FN:475,(anonymous_1)
FN:495,(anonymous_2)
FN:516,(anonymous_3)
FN:528,(anonymous_4)
FN:529,(anonymous_5)
FN:541,(anonymous_6)
FN:550,(anonymous_7)
FN:560,(anonymous_8)
FN:571,(anonymous_9)
FN:583,(anonymous_10)
FN:584,(anonymous_11)
FN:597,(anonymous_12)
FN:605,(anonymous_13)
FN:617,(anonymous_14)
FN:618,(anonymous_15)
FN:630,(anonymous_16)
FN:640,(anonymous_17)
FNF:17
FNH:17
FNDA:11,(anonymous_1)
FNDA:11,(anonymous_2)
FNDA:12,(anonymous_3)
FNDA:11,(anonymous_4)
FNDA:11,(anonymous_5)
FNDA:2,(anonymous_6)
FNDA:1,(anonymous_7)
FNDA:2,(anonymous_8)
FNDA:1,(anonymous_9)
FNDA:1,(anonymous_10)
FNDA:1,(anonymous_11)
FNDA:2,(anonymous_12)
FNDA:12,(anonymous_13)
FNDA:12,(anonymous_14)
FNDA:12,(anonymous_15)
FNDA:2,(anonymous_16)
FNDA:11,(anonymous_17)
DA:466,2
DA:467,2
DA:476,11
DA:496,11
DA:518,12
DA:521,12
DA:524,1
DA:525,1
DA:529,11
DA:530,11
DA:542,2
DA:543,1
DA:546,1
DA:551,1
DA:561,2
DA:566,2
DA:567,1
DA:573,1
DA:576,1
DA:579,1
DA:580,1
DA:584,1
DA:585,1
DA:598,2
DA:599,1
DA:601,1
DA:607,12
DA:610,12
DA:613,1
DA:614,1
DA:618,12
DA:619,12
DA:631,2
DA:632,1
DA:633,1
DA:635,1
DA:642,11
DA:645,11
DA:646,11
DA:649,11
DA:650,11
LF:41
LH:41
BRDA:542,0,0,1
BRDA:542,0,1,1
BRDA:566,1,0,1
BRDA:566,1,1,1
BRDA:598,2,0,1
BRDA:598,2,1,1
BRDA:631,3,0,1
BRDA:631,3,1,1
BRF:8
BRH:8
end_of_record
TN:
SF:D:\Project\bliress-frontend\src\views\trainer\training\Qrcode.vue
FN:154,(anonymous_1)
FN:162,(anonymous_2)
FN:172,(anonymous_3)
FN:177,(anonymous_4)
FNF:4
FNH:4
FNDA:2,(anonymous_1)
FNDA:2,(anonymous_2)
FNDA:2,(anonymous_3)
FNDA:2,(anonymous_4)
DA:146,2
DA:155,2
DA:163,2
DA:173,2
DA:179,2
DA:182,2
DA:183,2
LF:7
LH:7
BRF:0
BRH:0
end_of_record
TN:
SF:D:\Project\bliress-frontend\src\views\trainer\training\Training.vue
FN:261,(anonymous_1)
FN:288,(anonymous_2)
FN:300,(anonymous_3)
FN:301,(anonymous_4)
FN:312,(anonymous_5)
FN:320,(anonymous_6)
FN:332,(anonymous_7)
FN:333,(anonymous_8)
FN:344,(anonymous_9)
FN:353,(anonymous_10)
FN:364,(anonymous_11)
FNF:11
FNH:11
FNDA:6,(anonymous_1)
FNDA:7,(anonymous_2)
FNDA:6,(anonymous_3)
FNDA:6,(anonymous_4)
FNDA:2,(anonymous_5)
FNDA:7,(anonymous_6)
FNDA:6,(anonymous_7)
FNDA:6,(anonymous_8)
FNDA:2,(anonymous_9)
FNDA:1,(anonymous_10)
FNDA:6,(anonymous_11)
DA:250,3
DA:251,3
DA:252,3
DA:262,6
DA:290,7
DA:293,7
DA:296,1
DA:297,1
DA:301,6
DA:302,6
DA:313,2
DA:314,1
DA:316,1
DA:322,7
DA:325,7
DA:328,1
DA:329,1
DA:333,6
DA:334,6
DA:345,2
DA:346,1
DA:349,1
DA:354,1
DA:366,6
DA:369,6
DA:370,6
LF:26
LH:26
BRDA:313,0,0,1
BRDA:313,0,1,1
BRDA:345,1,0,1
BRDA:345,1,1,1
BRF:4
BRH:4
end_of_record
TN:
SF:D:\Project\bliress-frontend\src\views\trainer\training\UploadMaterial.vue
FN:297,(anonymous_1)
FN:311,(anonymous_2)
FN:327,(anonymous_3)
FN:332,(anonymous_4)
FN:340,(anonymous_5)
FN:352,(anonymous_6)
FN:353,(anonymous_7)
FN:366,(anonymous_8)
FN:375,(anonymous_9)
FNF:9
FNH:9
FNDA:7,(anonymous_1)
FNDA:7,(anonymous_2)
FNDA:1,(anonymous_3)
FNDA:2,(anonymous_4)
FNDA:1,(anonymous_5)
FNDA:1,(anonymous_6)
FNDA:1,(anonymous_7)
FNDA:2,(anonymous_8)
FNDA:7,(anonymous_9)
DA:288,2
DA:289,2
DA:298,7
DA:312,7
DA:328,1
DA:329,1
DA:333,2
DA:334,1
DA:336,1
DA:342,1
DA:345,1
DA:348,1
DA:349,1
DA:353,1
DA:354,1
DA:367,2
DA:368,1
DA:370,1
DA:377,7
DA:380,7
DA:381,7
LF:21
LH:21
BRDA:333,0,0,1
BRDA:333,0,1,1
BRDA:333,1,0,2
BRDA:333,1,1,1
BRDA:367,2,0,1
BRDA:367,2,1,1
BRF:6
BRH:6
end_of_record
